[WARNING] 
[WARNING] Some problems were encountered while building the effective settings
[WARNING] expected START_TAG or END_TAG not TEXT (position: TEXT seen ...<repository> \ua0\r\n      \ua0\ua0 \ua0<i... @29:13)  @ /home/junyang/.m2/settings.xml, line 29, column 13
[WARNING] 
[INFO] Scanning for projects...
[WARNING] 
[WARNING] Some problems were encountered while building the effective model for org.jfree:jfreechart2:jar:2.0-pre1
[WARNING] 'build.plugins.plugin.(groupId:artifactId)' must be unique but found duplicate declaration of plugin org.apache.maven.plugins:maven-surefire-plugin @ line 104, column 9
[WARNING] 
[WARNING] It is highly recommended to fix these problems because they threaten the stability of your build.
[WARNING] 
[WARNING] For this reason, future Maven versions might no longer support building such malformed projects.
[WARNING] 
[INFO] 
[INFO] -----------------------< org.jfree:jfreechart2 >------------------------
[INFO] Building JFreeChart2 2.0-pre1
[INFO] --------------------------------[ jar ]---------------------------------
[INFO] 
[INFO] --- maven-resources-plugin:2.6:resources (default-resources) @ jfreechart2 ---
[INFO] Using 'UTF-8' encoding to copy filtered resources.
[INFO] Copying 41 resources
[INFO] 
[INFO] --- maven-compiler-plugin:3.2:compile (default-compile) @ jfreechart2 ---
[INFO] Nothing to compile - all classes are up to date
[INFO] 
[INFO] --- maven-resources-plugin:2.6:testResources (default-testResources) @ jfreechart2 ---
[INFO] Using 'UTF-8' encoding to copy filtered resources.
[INFO] skip non existing resourceDirectory /home/junyang/PR/SubjectPrograms/Chart/13/src/test/resources
[INFO] 
[INFO] --- maven-compiler-plugin:3.2:testCompile (default-testCompile) @ jfreechart2 ---
[INFO] Nothing to compile - all classes are up to date
[INFO] 
[INFO] --- maven-surefire-plugin:2.18.1:test (default-test) @ jfreechart2 ---
[INFO] Surefire report directory: /home/junyang/PR/SubjectPrograms/Chart/13/target/surefire-reports

-------------------------------------------------------
 T E S T S
-------------------------------------------------------
Tests started! Number of Test case: 1798

Running org.jfree.chart.block.junit.BlockPackageTests
testSerialization test is starting...
1.627359678856E12
testSerialization test is finished : execution with 14.0 m seconds
testCloning test is starting...
1.627359678859E12
testCloning test is finished : execution with 1.0 m seconds
testEquals test is starting...
1.62735967886E12
testEquals test is finished : execution with 1.0 m seconds
testSerialization test is starting...
1.627359678862E12
testSerialization test is finished : execution with 1.0 m seconds
testCloning test is starting...
1.627359678863E12
testCloning test is finished : execution with 0.0 m seconds
testEquals test is starting...
1.627359678864E12
testEquals test is finished : execution with 0.0 m seconds
testSerialization test is starting...
1.627359678869E12
testSerialization test is finished : execution with 4.0 m seconds
testCloning test is starting...
1.627359678871E12
testCloning test is finished : execution with 2.0 m seconds
testEquals test is starting...
1.627359678873E12
testEquals test is finished : execution with 1.0 m seconds
testSerialization test is starting...
1.627359678874E12
testSerialization test is finished : execution with 1.0 m seconds
testCloning test is starting...
1.627359678875E12
testCloning test is finished : execution with 1.0 m seconds
testSizingWithWidthConstraint test is starting...
testSizingWithWidthConstraint test FAILED!!!
1.6273596789E12
testSizingWithWidthConstraint test is finished : execution with 25.0 m seconds
testEquals test is starting...
1.627359678901E12
testEquals test is finished : execution with 0.0 m seconds
testSizing test is starting...
1.627359678903E12
testSizing test is finished : execution with 1.0 m seconds
testSerialization test is starting...
1.627359678905E12
testSerialization test is finished : execution with 2.0 m seconds
testCloning test is starting...
1.627359678906E12
testCloning test is finished : execution with 0.0 m seconds
testEquals test is starting...
1.627359678907E12
testEquals test is finished : execution with 1.0 m seconds
testSerialization test is starting...
1.627359678909E12
testSerialization test is finished : execution with 2.0 m seconds
testCloning test is starting...
1.62735967891E12
testCloning test is finished : execution with 0.0 m seconds
testEquals test is starting...
1.627359678911E12
testEquals test is finished : execution with 1.0 m seconds
testSerialization test is starting...
1.627359678912E12
testSerialization test is finished : execution with 1.0 m seconds
testCloning test is starting...
1.627359678913E12
testCloning test is finished : execution with 1.0 m seconds
testEquals test is starting...
1.627359678913E12
testEquals test is finished : execution with 0.0 m seconds
testSerialization test is starting...
1.627359678914E12
testSerialization test is finished : execution with 1.0 m seconds
testCloning test is starting...
1.627359678915E12
testCloning test is finished : execution with 1.0 m seconds
testEquals test is starting...
1.627359678915E12
testEquals test is finished : execution with 0.0 m seconds
testSerialization test is starting...
1.627359678917E12
testSerialization test is finished : execution with 2.0 m seconds
testFN test is starting...
1.627359678917E12
testFN test is finished : execution with 0.0 m seconds
testNN test is starting...
1.627359678918E12
testNN test is finished : execution with 0.0 m seconds
testCloning test is starting...
1.627359678918E12
testCloning test is finished : execution with 0.0 m seconds
testEquals test is starting...
1.627359678919E12
testEquals test is finished : execution with 0.0 m seconds
testSerialization test is starting...
1.627359678934E12
testSerialization test is finished : execution with 15.0 m seconds
testCloning test is starting...
1.627359678935E12
testCloning test is finished : execution with 0.0 m seconds
testEquals test is starting...
1.627359678935E12
testEquals test is finished : execution with 0.0 m seconds
testSerialization test is starting...
1.627359678938E12
testSerialization test is finished : execution with 2.0 m seconds
testCloning test is starting...
1.627359678938E12
testCloning test is finished : execution with 0.0 m seconds
testEquals test is starting...
1.627359678939E12
testEquals test is finished : execution with 1.0 m seconds
testCalculateConstrainedSize test is starting...
1.627359678939E12
testCalculateConstrainedSize test is finished : execution with 0.0 m seconds
Tests run: 38, Failures: 0, Errors: 1, Skipped: 0, Time elapsed: 0.087 sec <<< FAILURE! - in org.jfree.chart.block.junit.BlockPackageTests
testSizingWithWidthConstraint(org.jfree.chart.block.junit.BorderArrangementTests)  Time elapsed: 0.025 sec  <<< ERROR!
java.lang.IllegalArgumentException: Range(double, double): require lower (0.0) <= upper (-2.3000000000000007).
	at org.jfree.data.Range.<init>(Range.java:87)
	at org.jfree.chart.block.BorderArrangement.arrangeFF(BorderArrangement.java:454)
	at org.jfree.chart.block.BorderArrangement.arrange(BorderArrangement.java:152)
	at org.jfree.chart.block.BorderArrangement.arrangeFN(BorderArrangement.java:323)
	at org.jfree.chart.block.BorderArrangement.arrange(BorderArrangement.java:149)
	at org.jfree.chart.block.BlockContainer.arrange(BlockContainer.java:182)
	at org.jfree.chart.block.junit.BorderArrangementTests.testSizingWithWidthConstraint(BorderArrangementTests.java:560)

Running org.jfree.chart.junit.ChartPackageTests
testDrawWithNullInfo test is starting...
1.627359679031E12
testDrawWithNullInfo test is finished : execution with 87.0 m seconds
testSetSeriesToolTipGenerator test is starting...
1.627359679034E12
testSetSeriesToolTipGenerator test is finished : execution with 2.0 m seconds
testSetSeriesURLGenerator test is starting...
1.627359679036E12
testSetSeriesURLGenerator test is finished : execution with 2.0 m seconds
testReplaceDataset test is starting...
1.627359679039E12
testReplaceDataset test is finished : execution with 2.0 m seconds
testDrawWithNullInfo test is starting...
1.627359679046E12
testDrawWithNullInfo test is finished : execution with 7.0 m seconds
testSetSeriesToolTipGenerator test is starting...
1.627359679048E12
testSetSeriesToolTipGenerator test is finished : execution with 2.0 m seconds
testSetSeriesURLGenerator test is starting...
1.62735967905E12
testSetSeriesURLGenerator test is finished : execution with 2.0 m seconds
testReplaceDataset test is starting...
1.627359679051E12
testReplaceDataset test is finished : execution with 1.0 m seconds
testDrawWithNullInfo test is starting...
1.627359679058E12
testDrawWithNullInfo test is finished : execution with 6.0 m seconds
testSetSeriesToolTipGenerator test is starting...
1.62735967906E12
testSetSeriesToolTipGenerator test is finished : execution with 1.0 m seconds
testSetSeriesURLGenerator test is starting...
1.627359679061E12
testSetSeriesURLGenerator test is finished : execution with 1.0 m seconds
testReplaceDataset test is starting...
1.627359679063E12
testReplaceDataset test is finished : execution with 2.0 m seconds
testConstructor1 test is starting...
1.627359679097E12
testConstructor1 test is finished : execution with 34.0 m seconds
testGetListeners test is starting...
1.627359679102E12
testGetListeners test is finished : execution with 5.0 m seconds
testSetChart test is starting...
1.627359679109E12
testSetChart test is finished : execution with 7.0 m seconds
testSerialization test is starting...
1.627359679112E12
testSerialization test is finished : execution with 2.0 m seconds
testCloning test is starting...
1.627359679112E12
testCloning test is finished : execution with 0.0 m seconds
testEquals test is starting...
1.627359679113E12
testEquals test is finished : execution with 0.0 m seconds
testSerialization2 test is starting...
1.627359679114E12
testSerialization2 test is finished : execution with 1.0 m seconds
testDrawWithNullInfo test is starting...
1.627359679122E12
testDrawWithNullInfo test is finished : execution with 8.0 m seconds
testSetSeriesToolTipGenerator test is starting...
1.627359679124E12
testSetSeriesToolTipGenerator test is finished : execution with 2.0 m seconds
testSetSeriesURLGenerator test is starting...
1.627359679125E12
testSetSeriesURLGenerator test is finished : execution with 1.0 m seconds
testDrawWithNullInfo2 test is starting...
1.627359679147E12
testDrawWithNullInfo2 test is finished : execution with 22.0 m seconds
testReplaceDataset test is starting...
1.627359679149E12
testReplaceDataset test is finished : execution with 2.0 m seconds
testEquals2 test is starting...
1.627359679154E12
testEquals2 test is finished : execution with 5.0 m seconds
testSubtitleCount test is starting...
1.627359679155E12
testSubtitleCount test is finished : execution with 0.0 m seconds
testLegendEvents test is starting...
1.627359679156E12
testLegendEvents test is finished : execution with 1.0 m seconds
testTitleChangeEvent test is starting...
1.627359679156E12
testTitleChangeEvent test is finished : execution with 0.0 m seconds
testGetSubtitle test is starting...
1.627359679157E12
testGetSubtitle test is finished : execution with 0.0 m seconds
testAddSubtitle test is starting...
1.627359679158E12
testAddSubtitle test is finished : execution with 1.0 m seconds
testEquals test is starting...
1.627359679175E12
testEquals test is finished : execution with 17.0 m seconds
testGetSubtitles test is starting...
1.627359679176E12
testGetSubtitles test is finished : execution with 1.0 m seconds
testSerialization1 test is starting...
1.62735967921E12
testSerialization1 test is finished : execution with 34.0 m seconds
testSerialization2 test is starting...
1.627359679224E12
testSerialization2 test is finished : execution with 14.0 m seconds
testSerialization3 test is starting...
1.627359679268E12
testSerialization3 test is finished : execution with 44.0 m seconds
testSerialization4 test is starting...
1.627359679354E12
testSerialization4 test is finished : execution with 86.0 m seconds
testSerialization test is starting...
1.627359679356E12
testSerialization test is finished : execution with 2.0 m seconds
testCloning test is starting...
1.627359679356E12
testCloning test is finished : execution with 0.0 m seconds
testEquals test is starting...
1.627359679357E12
testEquals test is finished : execution with 0.0 m seconds
testSerialization2 test is starting...
1.62735967936E12
testSerialization2 test is finished : execution with 3.0 m seconds
testSerialization test is starting...
1.627359679362E12
testSerialization test is finished : execution with 1.0 m seconds
testCloning test is starting...
1.627359679362E12
testCloning test is finished : execution with 0.0 m seconds
testEquals test is starting...
1.627359679363E12
testEquals test is finished : execution with 1.0 m seconds
testDrawWithNullInfo test is starting...
1.627359679368E12
testDrawWithNullInfo test is finished : execution with 5.0 m seconds
testSetSeriesToolTipGenerator test is starting...
1.627359679369E12
testSetSeriesToolTipGenerator test is finished : execution with 0.0 m seconds
testSetSeriesURLGenerator test is starting...
1.62735967937E12
testSetSeriesURLGenerator test is finished : execution with 0.0 m seconds
testReplaceDataset test is starting...
1.627359679371E12
testReplaceDataset test is finished : execution with 1.0 m seconds
testDrawWithNullInfo test is starting...
1.627359679377E12
testDrawWithNullInfo test is finished : execution with 5.0 m seconds
testSetSeriesToolTipGenerator test is starting...
1.627359679378E12
testSetSeriesToolTipGenerator test is finished : execution with 0.0 m seconds
testSetSeriesURLGenerator test is starting...
1.627359679379E12
testSetSeriesURLGenerator test is finished : execution with 0.0 m seconds
testReplaceDataset test is starting...
1.62735967938E12
testReplaceDataset test is finished : execution with 0.0 m seconds
testDrawWithNullInfo test is starting...
1.627359679385E12
testDrawWithNullInfo test is finished : execution with 4.0 m seconds
testGetPaint test is starting...
1.627359679385E12
testGetPaint test is finished : execution with 0.0 m seconds
testPut test is starting...
1.627359679385E12
testPut test is finished : execution with 0.0 m seconds
testKeysOfDifferentClasses test is starting...
1.627359679386E12
testKeysOfDifferentClasses test is finished : execution with 0.0 m seconds
testCloning test is starting...
1.627359679386E12
testCloning test is finished : execution with 0.0 m seconds
testEquals test is starting...
1.627359679387E12
testEquals test is finished : execution with 0.0 m seconds
testSerialization1 test is starting...
1.627359679387E12
testSerialization1 test is finished : execution with 0.0 m seconds
testSerialization2 test is starting...
1.627359679388E12
testSerialization2 test is finished : execution with 0.0 m seconds
testReplaceDatasetOnPieChart test is starting...
1.627359679389E12
testReplaceDatasetOnPieChart test is finished : execution with 1.0 m seconds
testNullValueInDataset test is starting...
1.627359679402E12
testNullValueInDataset test is finished : execution with 13.0 m seconds
testReplaceDatasetOnPieChart test is starting...
1.627359679403E12
testReplaceDatasetOnPieChart test is finished : execution with 1.0 m seconds
testDrawWithNullInfo test is starting...
1.627359679409E12
testDrawWithNullInfo test is finished : execution with 6.0 m seconds
testSetSeriesToolTipGenerator test is starting...
1.627359679411E12
testSetSeriesToolTipGenerator test is finished : execution with 1.0 m seconds
testReplaceDataset test is starting...
1.627359679412E12
testReplaceDataset test is finished : execution with 1.0 m seconds
testDrawWithNullInfo test is starting...
1.627359679418E12
testDrawWithNullInfo test is finished : execution with 6.0 m seconds
testSetSeriesToolTipGenerator test is starting...
1.627359679419E12
testSetSeriesToolTipGenerator test is finished : execution with 1.0 m seconds
testSetSeriesURLGenerator test is starting...
1.62735967942E12
testSetSeriesURLGenerator test is finished : execution with 1.0 m seconds
testReplaceDataset test is starting...
1.627359679421E12
testReplaceDataset test is finished : execution with 1.0 m seconds
testDrawWithNullInfo test is starting...
1.627359679426E12
testDrawWithNullInfo test is finished : execution with 5.0 m seconds
testSetSeriesToolTipGenerator test is starting...
1.627359679427E12
testSetSeriesToolTipGenerator test is finished : execution with 1.0 m seconds
testSetSeriesURLGenerator test is starting...
1.627359679427E12
testSetSeriesURLGenerator test is finished : execution with 0.0 m seconds
testReplaceDataset test is starting...
1.627359679429E12
testReplaceDataset test is finished : execution with 1.0 m seconds
testDrawWithNullInfo test is starting...
1.627359679435E12
testDrawWithNullInfo test is finished : execution with 6.0 m seconds
testSetSeriesToolTipGenerator test is starting...
1.627359679436E12
testSetSeriesToolTipGenerator test is finished : execution with 1.0 m seconds
testSetSeriesURLGenerator test is starting...
1.627359679436E12
testSetSeriesURLGenerator test is finished : execution with 0.0 m seconds
testReplaceDataset test is starting...
1.627359679438E12
testReplaceDataset test is finished : execution with 1.0 m seconds
testPut test is starting...
1.627359679438E12
testPut test is finished : execution with 0.0 m seconds
testCloning test is starting...
1.627359679438E12
testCloning test is finished : execution with 0.0 m seconds
testEquals test is starting...
1.627359679439E12
testEquals test is finished : execution with 0.0 m seconds
testGetStroke test is starting...
1.627359679439E12
testGetStroke test is finished : execution with 0.0 m seconds
testSerialization1 test is starting...
1.627359679439E12
testSerialization1 test is finished : execution with 0.0 m seconds
testSerialization2 test is starting...
1.62735967944E12
testSerialization2 test is finished : execution with 0.0 m seconds
testDrawWithNullInfo test is starting...
1.627359679444E12
testDrawWithNullInfo test is finished : execution with 4.0 m seconds
testSetSeriesToolTipGenerator test is starting...
1.627359679446E12
testSetSeriesToolTipGenerator test is finished : execution with 1.0 m seconds
testReplaceDataset test is starting...
1.627359679448E12
testReplaceDataset test is finished : execution with 2.0 m seconds
testDrawWithNullInfo test is starting...
1.627359679455E12
testDrawWithNullInfo test is finished : execution with 7.0 m seconds
testSetSeriesToolTipGenerator test is starting...
1.627359679456E12
testSetSeriesToolTipGenerator test is finished : execution with 1.0 m seconds
testSetSeriesURLGenerator test is starting...
1.627359679457E12
testSetSeriesURLGenerator test is finished : execution with 1.0 m seconds
testDrawWithNullInfo test is starting...
1.627359679462E12
testDrawWithNullInfo test is finished : execution with 5.0 m seconds
testSetSeriesToolTipGenerator test is starting...
1.627359679463E12
testSetSeriesToolTipGenerator test is finished : execution with 1.0 m seconds
testReplaceDataset test is starting...
1.627359679464E12
testReplaceDataset test is finished : execution with 1.0 m seconds
testDrawWithNullInfo test is starting...
1.627359679469E12
testDrawWithNullInfo test is finished : execution with 5.0 m seconds
testSetSeriesToolTipGenerator test is starting...
1.62735967947E12
testSetSeriesToolTipGenerator test is finished : execution with 1.0 m seconds
testReplaceDataset test is starting...
1.627359679471E12
testReplaceDataset test is finished : execution with 1.0 m seconds
testDrawWithNullInfo test is starting...
1.627359679475E12
testDrawWithNullInfo test is finished : execution with 3.0 m seconds
testSetSeriesToolTipGenerator test is starting...
1.627359679476E12
testSetSeriesToolTipGenerator test is finished : execution with 1.0 m seconds
testReplaceDataset test is starting...
1.627359679477E12
testReplaceDataset test is finished : execution with 1.0 m seconds
testDrawWithNullInfo test is starting...
1.627359679482E12
testDrawWithNullInfo test is finished : execution with 5.0 m seconds
testSetSeriesToolTipGenerator test is starting...
1.627359679483E12
testSetSeriesToolTipGenerator test is finished : execution with 1.0 m seconds
testReplaceDataset test is starting...
1.627359679484E12
testReplaceDataset test is finished : execution with 1.0 m seconds
testDrawWithNullInfo test is starting...
1.627359679488E12
testDrawWithNullInfo test is finished : execution with 4.0 m seconds
testSetSeriesToolTipGenerator test is starting...
1.62735967949E12
testSetSeriesToolTipGenerator test is finished : execution with 1.0 m seconds
testReplaceDataset test is starting...
1.627359679491E12
testReplaceDataset test is finished : execution with 1.0 m seconds
Tests run: 104, Failures: 0, Errors: 0, Skipped: 0, Time elapsed: 0.53 sec - in org.jfree.chart.junit.ChartPackageTests
Running org.jfree.chart.entity.junit.EntityPackageTests
testSerialization test is starting...
1.627359679495E12
testSerialization test is finished : execution with 3.0 m seconds
testCloning test is starting...
1.627359679496E12
testCloning test is finished : execution with 1.0 m seconds
testEquals test is starting...
1.627359679496E12
testEquals test is finished : execution with 0.0 m seconds
testSerialization test is starting...
1.627359679497E12
testSerialization test is finished : execution with 1.0 m seconds
testCloning test is starting...
1.627359679497E12
testCloning test is finished : execution with 0.0 m seconds
testEquals test is starting...
1.627359679498E12
testEquals test is finished : execution with 1.0 m seconds
testSerialization test is starting...
1.627359679499E12
testSerialization test is finished : execution with 1.0 m seconds
testCloning test is starting...
1.627359679499E12
testCloning test is finished : execution with 0.0 m seconds
testEquals test is starting...
1.6273596795E12
testEquals test is finished : execution with 0.0 m seconds
testSerialization test is starting...
1.627359679501E12
testSerialization test is finished : execution with 1.0 m seconds
testCloning test is starting...
1.627359679501E12
testCloning test is finished : execution with 0.0 m seconds
testEquals test is starting...
1.627359679501E12
testEquals test is finished : execution with 0.0 m seconds
testSerialization test is starting...
1.627359679502E12
testSerialization test is finished : execution with 0.0 m seconds
testCloning test is starting...
1.627359679503E12
testCloning test is finished : execution with 1.0 m seconds
testEquals test is starting...
1.627359679503E12
testEquals test is finished : execution with 0.0 m seconds
testSerialization test is starting...
1.627359679504E12
testSerialization test is finished : execution with 1.0 m seconds
testCloning test is starting...
1.627359679504E12
testCloning test is finished : execution with 0.0 m seconds
testEquals test is starting...
1.627359679505E12
testEquals test is finished : execution with 0.0 m seconds
Tests run: 18, Failures: 0, Errors: 0, Skipped: 0, Time elapsed: 0.003 sec - in org.jfree.chart.entity.junit.EntityPackageTests
Running org.jfree.chart.urls.junit.UrlsPackageTests
testSerialization test is starting...
1.627359679507E12
testSerialization test is finished : execution with 1.0 m seconds
testSerialization test is starting...
1.627359679508E12
testSerialization test is finished : execution with 1.0 m seconds
testSerialization test is starting...
1.627359679508E12
testSerialization test is finished : execution with 0.0 m seconds
testURL test is starting...
1.627359679509E12
testURL test is finished : execution with 0.0 m seconds
testEquals test is starting...
1.627359679509E12
testEquals test is finished : execution with 0.0 m seconds
testSerialization test is starting...
1.62735967951E12
testSerialization test is finished : execution with 0.0 m seconds
testSerialization test is starting...
1.627359679523E12
testSerialization test is finished : execution with 13.0 m seconds
testGenerateURL test is starting...
1.627359679525E12
testGenerateURL test is finished : execution with 1.0 m seconds
testEquals test is starting...
1.627359679539E12
testEquals test is finished : execution with 14.0 m seconds
Tests run: 9, Failures: 0, Errors: 0, Skipped: 0, Time elapsed: 0.03 sec - in org.jfree.chart.urls.junit.UrlsPackageTests
Running org.jfree.chart.title.junit.TitlePackageTests
testSerialization test is starting...
1.627359679542E12
testSerialization test is finished : execution with 2.0 m seconds
testCloning test is starting...
1.627359679543E12
testCloning test is finished : execution with 0.0 m seconds
testHashcode test is starting...
1.627359679543E12
testHashcode test is finished : execution with 0.0 m seconds
testEquals test is starting...
1.627359679543E12
testEquals test is finished : execution with 0.0 m seconds
testSerialization test is starting...
1.627359679546E12
testSerialization test is finished : execution with 2.0 m seconds
testCloning test is starting...
1.627359679546E12
testCloning test is finished : execution with 0.0 m seconds
testHashcode test is starting...
1.627359679547E12
testHashcode test is finished : execution with 0.0 m seconds
testEquals test is starting...
1.627359679547E12
testEquals test is finished : execution with 0.0 m seconds
testSerialization test is starting...
1.627359679548E12
testSerialization test is finished : execution with 0.0 m seconds
testWidthAndHeight test is starting...
1.627359679549E12
testWidthAndHeight test is finished : execution with 1.0 m seconds
testCloning test is starting...
1.627359679549E12
testCloning test is finished : execution with 0.0 m seconds
testHashcode test is starting...
1.627359679549E12
testHashcode test is finished : execution with 0.0 m seconds
testEquals test is starting...
1.627359679549E12
testEquals test is finished : execution with 0.0 m seconds
testSerialization test is starting...
1.627359679552E12
testSerialization test is finished : execution with 2.0 m seconds
testCloning test is starting...
1.627359679552E12
testCloning test is finished : execution with 0.0 m seconds
testHashcode test is starting...
1.627359679552E12
testHashcode test is finished : execution with 0.0 m seconds
testEquals test is starting...
1.627359679553E12
testEquals test is finished : execution with 0.0 m seconds
testCloning2 test is starting...
1.627359679553E12
testCloning2 test is finished : execution with 0.0 m seconds
testSerialization test is starting...
1.627359679559E12
testSerialization test is finished : execution with 6.0 m seconds
testCloning test is starting...
1.627359679559E12
testCloning test is finished : execution with 0.0 m seconds
testHashcode test is starting...
1.62735967956E12
testHashcode test is finished : execution with 1.0 m seconds
testEquals test is starting...
1.62735967956E12
testEquals test is finished : execution with 0.0 m seconds
testSerialization test is starting...
1.627359679568E12
testSerialization test is finished : execution with 8.0 m seconds
testCloning test is starting...
1.627359679569E12
testCloning test is finished : execution with 1.0 m seconds
testHashcode test is starting...
1.627359679569E12
testHashcode test is finished : execution with 0.0 m seconds
testEquals test is starting...
1.627359679573E12
testEquals test is finished : execution with 3.0 m seconds
testSerialization test is starting...
1.627359679574E12
testSerialization test is finished : execution with 1.0 m seconds
testCloning test is starting...
1.627359679574E12
testCloning test is finished : execution with 0.0 m seconds
testHashcode test is starting...
1.627359679575E12
testHashcode test is finished : execution with 0.0 m seconds
testEquals test is starting...
1.627359679575E12
testEquals test is finished : execution with 0.0 m seconds
testHashcode test is starting...
1.627359679575E12
testHashcode test is finished : execution with 0.0 m seconds
testEquals test is starting...
1.627359679576E12
testEquals test is finished : execution with 0.0 m seconds
Tests run: 32, Failures: 0, Errors: 0, Skipped: 0, Time elapsed: 0.032 sec - in org.jfree.chart.title.junit.TitlePackageTests
Running org.jfree.chart.util.junit.UtilPackageTests
testSerialization test is starting...
1.627359679577E12
testSerialization test is finished : execution with 0.0 m seconds
testCloning test is starting...
1.627359679578E12
testCloning test is finished : execution with 0.0 m seconds
testHashCode test is starting...
1.627359679579E12
testHashCode test is finished : execution with 1.0 m seconds
testEquals test is starting...
1.627359679579E12
testEquals test is finished : execution with 0.0 m seconds
testHashCodeForDoubleArray test is starting...
1.627359679579E12
testHashCodeForDoubleArray test is finished : execution with 0.0 m seconds
testSerialization test is starting...
1.627359679584E12
testSerialization test is finished : execution with 5.0 m seconds
testCloning test is starting...
1.627359679585E12
testCloning test is finished : execution with 1.0 m seconds
testHashcode test is starting...
1.627359679585E12
testHashcode test is finished : execution with 0.0 m seconds
testEquals test is starting...
1.627359679586E12
testEquals test is finished : execution with 0.0 m seconds
testEquals2 test is starting...
1.627359679587E12
testEquals2 test is finished : execution with 0.0 m seconds
testEquals3 test is starting...
1.627359679587E12
testEquals3 test is finished : execution with 0.0 m seconds
testSerialization test is starting...
1.627359679589E12
testSerialization test is finished : execution with 1.0 m seconds
testCloning test is starting...
1.627359679589E12
testCloning test is finished : execution with 0.0 m seconds
testHashCode test is starting...
1.62735967959E12
testHashCode test is finished : execution with 0.0 m seconds
testEquals test is starting...
1.62735967959E12
testEquals test is finished : execution with 0.0 m seconds
testCloning test is starting...
1.627359679593E12
testCloning test is finished : execution with 2.0 m seconds
testHashCode test is starting...
1.627359679594E12
testHashCode test is finished : execution with 1.0 m seconds
testEquals test is starting...
1.627359679595E12
testEquals test is finished : execution with 1.0 m seconds
testNegative test is starting...
1.627359679596E12
testNegative test is finished : execution with 1.0 m seconds
testSerialization test is starting...
1.627359679597E12
testSerialization test is finished : execution with 1.0 m seconds
testCloning test is starting...
1.627359679597E12
testCloning test is finished : execution with 0.0 m seconds
testHashCode test is starting...
1.627359679598E12
testHashCode test is finished : execution with 0.0 m seconds
testEquals test is starting...
1.627359679598E12
testEquals test is finished : execution with 0.0 m seconds
Tests run: 23, Failures: 0, Errors: 0, Skipped: 0, Time elapsed: 0.018 sec - in org.jfree.chart.util.junit.UtilPackageTests
Running org.jfree.chart.needle.junit.NeedlePackageTests
testSerialization test is starting...
1.627359679604E12
testSerialization test is finished : execution with 3.0 m seconds
testCloning test is starting...
1.627359679605E12
testCloning test is finished : execution with 0.0 m seconds
testEquals test is starting...
1.627359679605E12
testEquals test is finished : execution with 0.0 m seconds
testSerialization test is starting...
1.627359679607E12
testSerialization test is finished : execution with 1.0 m seconds
testCloning test is starting...
1.627359679608E12
testCloning test is finished : execution with 0.0 m seconds
testEquals test is starting...
1.627359679608E12
testEquals test is finished : execution with 0.0 m seconds
testSerialization test is starting...
1.62735967961E12
testSerialization test is finished : execution with 1.0 m seconds
testCloning test is starting...
1.627359679611E12
testCloning test is finished : execution with 0.0 m seconds
testEquals test is starting...
1.627359679611E12
testEquals test is finished : execution with 0.0 m seconds
testEquals test is starting...
1.627359679612E12
testEquals test is finished : execution with 0.0 m seconds
testSerialization test is starting...
1.627359679615E12
testSerialization test is finished : execution with 3.0 m seconds
testCloning test is starting...
1.627359679615E12
testCloning test is finished : execution with 0.0 m seconds
testEquals test is starting...
1.627359679616E12
testEquals test is finished : execution with 0.0 m seconds
testSerialization test is starting...
1.627359679618E12
testSerialization test is finished : execution with 2.0 m seconds
testCloning test is starting...
1.627359679618E12
testCloning test is finished : execution with 0.0 m seconds
testEquals test is starting...
1.627359679619E12
testEquals test is finished : execution with 0.0 m seconds
testSerialization test is starting...
1.627359679621E12
testSerialization test is finished : execution with 2.0 m seconds
testCloning test is starting...
1.627359679621E12
testCloning test is finished : execution with 0.0 m seconds
testEquals test is starting...
1.627359679622E12
testEquals test is finished : execution with 0.0 m seconds
testSerialization test is starting...
1.627359679624E12
testSerialization test is finished : execution with 2.0 m seconds
testCloning test is starting...
1.627359679624E12
testCloning test is finished : execution with 0.0 m seconds
testEquals test is starting...
1.627359679625E12
testEquals test is finished : execution with 0.0 m seconds
testSerialization test is starting...
1.627359679627E12
testSerialization test is finished : execution with 2.0 m seconds
testCloning test is starting...
1.627359679627E12
testCloning test is finished : execution with 0.0 m seconds
testEquals test is starting...
1.627359679628E12
testEquals test is finished : execution with 1.0 m seconds
testSerialization test is starting...
1.627359679629E12
testSerialization test is finished : execution with 1.0 m seconds
testCloning test is starting...
1.62735967963E12
testCloning test is finished : execution with 0.0 m seconds
testEquals test is starting...
1.62735967963E12
testEquals test is finished : execution with 0.0 m seconds
Tests run: 28, Failures: 0, Errors: 0, Skipped: 0, Time elapsed: 0.028 sec - in org.jfree.chart.needle.junit.NeedlePackageTests
Running org.jfree.chart.renderer.junit.RendererPackageTests
testSerialization test is starting...
1.627359679636E12
testSerialization test is finished : execution with 3.0 m seconds
testOutlinePaintLookup test is starting...
1.627359679638E12
testOutlinePaintLookup test is finished : execution with 1.0 m seconds
testEventNotification test is starting...
1.627359679639E12
testEventNotification test is finished : execution with 1.0 m seconds
testCloning test is starting...
1.62735967964E12
testCloning test is finished : execution with 1.0 m seconds
testAutoPopulateFlagDefaults test is starting...
1.627359679641E12
testAutoPopulateFlagDefaults test is finished : execution with 0.0 m seconds
testHashCode test is starting...
1.627359679641E12
testHashCode test is finished : execution with 0.0 m seconds
testEquals test is starting...
1.627359679645E12
testEquals test is finished : execution with 4.0 m seconds
testFillPaintLookup test is starting...
1.627359679646E12
testFillPaintLookup test is finished : execution with 1.0 m seconds
testCloning2 test is starting...
1.627359679647E12
testCloning2 test is finished : execution with 1.0 m seconds
testPaintLookup test is starting...
1.627359679648E12
testPaintLookup test is finished : execution with 1.0 m seconds
testSerialization test is starting...
1.627359679649E12
testSerialization test is finished : execution with 1.0 m seconds
testEquals test is starting...
1.62735967965E12
testEquals test is finished : execution with 1.0 m seconds
testSerialization test is starting...
1.627359679655E12
testSerialization test is finished : execution with 5.0 m seconds
testCloning test is starting...
1.627359679655E12
testCloning test is finished : execution with 0.0 m seconds
testHashcode test is starting...
1.627359679656E12
testHashcode test is finished : execution with 1.0 m seconds
testEquals test is starting...
1.627359679657E12
testEquals test is finished : execution with 0.0 m seconds
testGetPaint test is starting...
1.627359679657E12
testGetPaint test is finished : execution with 0.0 m seconds
testSerialization test is starting...
1.627359679658E12
testSerialization test is finished : execution with 1.0 m seconds
testCloning test is starting...
1.627359679658E12
testCloning test is finished : execution with 0.0 m seconds
testEquals test is starting...
1.627359679659E12
testEquals test is finished : execution with 1.0 m seconds
testConstructor test is starting...
1.627359679659E12
testConstructor test is finished : execution with 0.0 m seconds
testSerialization test is starting...
1.627359679662E12
testSerialization test is finished : execution with 3.0 m seconds
testConstructor1 test is starting...
1.627359679663E12
testConstructor1 test is finished : execution with 0.0 m seconds
testConstructor2 test is starting...
1.627359679663E12
testConstructor2 test is finished : execution with 0.0 m seconds
testGeneral test is starting...
1.627359679664E12
testGeneral test is finished : execution with 1.0 m seconds
testCloning test is starting...
1.627359679664E12
testCloning test is finished : execution with 0.0 m seconds
testEquals test is starting...
1.627359679665E12
testEquals test is finished : execution with 1.0 m seconds
testSerialization test is starting...
1.627359679665E12
testSerialization test is finished : execution with 0.0 m seconds
testCloning test is starting...
1.627359679666E12
testCloning test is finished : execution with 0.0 m seconds
testEquals test is starting...
1.627359679666E12
testEquals test is finished : execution with 0.0 m seconds
testConstructor test is starting...
1.627359679667E12
testConstructor test is finished : execution with 1.0 m seconds
testFindLiveItemsUpperBoundAscending test is starting...
1.627359679667E12
testFindLiveItemsUpperBoundAscending test is finished : execution with 0.0 m seconds
testFindLiveItemsUpperBoundUnordered test is starting...
1.627359679668E12
testFindLiveItemsUpperBoundUnordered test is finished : execution with 1.0 m seconds
testFindLiveItemsLowerBoundAscending test is starting...
1.627359679668E12
testFindLiveItemsLowerBoundAscending test is finished : execution with 0.0 m seconds
testFindLiveItemsLowerBoundDescending test is starting...
1.627359679669E12
testFindLiveItemsLowerBoundDescending test is finished : execution with 1.0 m seconds
testFindLiveItemsLowerBoundUnordered test is starting...
1.627359679669E12
testFindLiveItemsLowerBoundUnordered test is finished : execution with 0.0 m seconds
testFindLiveItemsUpperBoundDescending test is starting...
1.627359679669E12
testFindLiveItemsUpperBoundDescending test is finished : execution with 0.0 m seconds
Tests run: 37, Failures: 0, Errors: 0, Skipped: 0, Time elapsed: 0.036 sec - in org.jfree.chart.renderer.junit.RendererPackageTests
Running org.jfree.chart.renderer.xy.junit.RendererXYPackageTests
testCloning_LegendItemToolTipGenerator test is starting...
1.627359679675E12
testCloning_LegendItemToolTipGenerator test is finished : execution with 1.0 m seconds
testFindRangeBounds test is starting...
1.627359679676E12
testFindRangeBounds test is finished : execution with 1.0 m seconds
testCloning_LegendItemLabelGenerator test is starting...
1.627359679676E12
testCloning_LegendItemLabelGenerator test is finished : execution with 0.0 m seconds
testFindDomainBounds test is starting...
1.627359679677E12
testFindDomainBounds test is finished : execution with 0.0 m seconds
testEquals test is starting...
1.627359679679E12
testEquals test is finished : execution with 2.0 m seconds
testCloning_LegendItemURLGenerator test is starting...
1.62735967968E12
testCloning_LegendItemURLGenerator test is finished : execution with 1.0 m seconds
testSerialization test is starting...
1.627359679696E12
testSerialization test is finished : execution with 16.0 m seconds
testFindRangeBounds test is starting...
1.627359679696E12
testFindRangeBounds test is finished : execution with 0.0 m seconds
testCloning test is starting...
1.627359679697E12
testCloning test is finished : execution with 0.0 m seconds
testHashcode test is starting...
1.627359679698E12
testHashcode test is finished : execution with 1.0 m seconds
testEquals test is starting...
1.627359679699E12
testEquals test is finished : execution with 1.0 m seconds
testConstructor test is starting...
1.6273596797E12
testConstructor test is finished : execution with 1.0 m seconds
testSerialization test is starting...
1.627359679704E12
testSerialization test is finished : execution with 4.0 m seconds
testCloning test is starting...
1.627359679705E12
testCloning test is finished : execution with 0.0 m seconds
testHashcode test is starting...
1.627359679705E12
testHashcode test is finished : execution with 0.0 m seconds
testFindDomainBounds test is starting...
1.627359679706E12
testFindDomainBounds test is finished : execution with 1.0 m seconds
testEquals test is starting...
1.627359679706E12
testEquals test is finished : execution with 0.0 m seconds
testSerialization test is starting...
1.627359679712E12
testSerialization test is finished : execution with 5.0 m seconds
testCloning test is starting...
1.627359679712E12
testCloning test is finished : execution with 0.0 m seconds
testHashcode test is starting...
1.627359679713E12
testHashcode test is finished : execution with 1.0 m seconds
testEquals test is starting...
1.627359679713E12
testEquals test is finished : execution with 0.0 m seconds
testSerialization test is starting...
1.627359679717E12
testSerialization test is finished : execution with 4.0 m seconds
testFindRangeBounds test is starting...
1.627359679717E12
testFindRangeBounds test is finished : execution with 0.0 m seconds
testCloning test is starting...
1.627359679718E12
testCloning test is finished : execution with 0.0 m seconds
testHashcode test is starting...
1.627359679718E12
testHashcode test is finished : execution with 0.0 m seconds
testEquals test is starting...
1.627359679719E12
testEquals test is finished : execution with 1.0 m seconds
testDrawWithNullInfo test is starting...
1.627359679727E12
testDrawWithNullInfo test is finished : execution with 8.0 m seconds
testSerialization test is starting...
1.627359679731E12
testSerialization test is finished : execution with 4.0 m seconds
testFindRangeBounds test is starting...
1.627359679734E12
testFindRangeBounds test is finished : execution with 2.0 m seconds
testCloning test is starting...
1.627359679734E12
testCloning test is finished : execution with 0.0 m seconds
testHashcode test is starting...
1.627359679735E12
testHashcode test is finished : execution with 0.0 m seconds
testEquals test is starting...
1.627359679736E12
testEquals test is finished : execution with 1.0 m seconds
testBug1593156 test is starting...
1.627359679742E12
testBug1593156 test is finished : execution with 6.0 m seconds
testSerialization test is starting...
1.627359679745E12
testSerialization test is finished : execution with 3.0 m seconds
testDrawWithEmptyDataset test is starting...
1.627359679749E12
testDrawWithEmptyDataset test is finished : execution with 4.0 m seconds
testFindRangeBounds test is starting...
1.62735967975E12
testFindRangeBounds test is finished : execution with 1.0 m seconds
testCloning test is starting...
1.627359679751E12
testCloning test is finished : execution with 1.0 m seconds
testHashcode test is starting...
1.627359679751E12
testHashcode test is finished : execution with 0.0 m seconds
testEquals test is starting...
1.627359679751E12
testEquals test is finished : execution with 0.0 m seconds
testSerialization test is starting...
1.627359679755E12
testSerialization test is finished : execution with 4.0 m seconds
testFindRangeBounds test is starting...
1.627359679756E12
testFindRangeBounds test is finished : execution with 1.0 m seconds
testCloning test is starting...
1.627359679756E12
testCloning test is finished : execution with 0.0 m seconds
testHashcode test is starting...
1.627359679756E12
testHashcode test is finished : execution with 0.0 m seconds
testFindDomainBounds test is starting...
1.627359679758E12
testFindDomainBounds test is finished : execution with 1.0 m seconds
testEquals test is starting...
1.627359679759E12
testEquals test is finished : execution with 1.0 m seconds
testSerialization test is starting...
1.627359679761E12
testSerialization test is finished : execution with 2.0 m seconds
testGetLegendItemSeriesIndex test is starting...
1.627359679763E12
testGetLegendItemSeriesIndex test is finished : execution with 1.0 m seconds
testCloning test is starting...
1.627359679763E12
testCloning test is finished : execution with 0.0 m seconds
testHashcode test is starting...
1.627359679763E12
testHashcode test is finished : execution with 0.0 m seconds
testEquals test is starting...
1.627359679764E12
testEquals test is finished : execution with 0.0 m seconds
testNoDisplayedItem test is starting...
1.627359679768E12
testNoDisplayedItem test is finished : execution with 4.0 m seconds
testSerialization test is starting...
1.627359679771E12
testSerialization test is finished : execution with 3.0 m seconds
testCloning test is starting...
1.627359679772E12
testCloning test is finished : execution with 0.0 m seconds
testHashcode test is starting...
1.627359679772E12
testHashcode test is finished : execution with 0.0 m seconds
testEquals test is starting...
1.627359679772E12
testEquals test is finished : execution with 0.0 m seconds
testSerialization test is starting...
1.627359679775E12
testSerialization test is finished : execution with 2.0 m seconds
testCloning test is starting...
1.627359679776E12
testCloning test is finished : execution with 1.0 m seconds
testHashcode test is starting...
1.627359679776E12
testHashcode test is finished : execution with 0.0 m seconds
testEquals test is starting...
1.627359679776E12
testEquals test is finished : execution with 0.0 m seconds
testDrawWithNullInfo test is starting...
1.627359679783E12
testDrawWithNullInfo test is finished : execution with 7.0 m seconds
testSerialization test is starting...
1.627359679785E12
testSerialization test is finished : execution with 2.0 m seconds
testGetLegendItemSeriesIndex test is starting...
1.627359679786E12
testGetLegendItemSeriesIndex test is finished : execution with 1.0 m seconds
testCloning test is starting...
1.627359679786E12
testCloning test is finished : execution with 0.0 m seconds
testHashcode test is starting...
1.627359679787E12
testHashcode test is finished : execution with 1.0 m seconds
testEquals test is starting...
1.627359679787E12
testEquals test is finished : execution with 0.0 m seconds
testDrawWithNullInfo test is starting...
1.627359679793E12
testDrawWithNullInfo test is finished : execution with 6.0 m seconds
testSerialization test is starting...
1.627359679796E12
testSerialization test is finished : execution with 3.0 m seconds
testGetLegendItemSeriesIndex test is starting...
1.627359679797E12
testGetLegendItemSeriesIndex test is finished : execution with 1.0 m seconds
testCloning test is starting...
1.627359679797E12
testCloning test is finished : execution with 0.0 m seconds
testHashcode test is starting...
1.627359679798E12
testHashcode test is finished : execution with 0.0 m seconds
testEquals test is starting...
1.627359679798E12
testEquals test is finished : execution with 0.0 m seconds
testSerialization test is starting...
1.6273596798E12
testSerialization test is finished : execution with 2.0 m seconds
testGetLegendItemSeriesIndex test is starting...
1.627359679801E12
testGetLegendItemSeriesIndex test is finished : execution with 0.0 m seconds
testCloning test is starting...
1.627359679802E12
testCloning test is finished : execution with 0.0 m seconds
testHashcode test is starting...
1.627359679803E12
testHashcode test is finished : execution with 0.0 m seconds
testFindDomainBounds test is starting...
1.627359679804E12
testFindDomainBounds test is finished : execution with 1.0 m seconds
testEquals test is starting...
1.627359679804E12
testEquals test is finished : execution with 0.0 m seconds
testSerialization2 test is starting...
1.627359679806E12
testSerialization2 test is finished : execution with 2.0 m seconds
testSerialization test is starting...
1.62735967981E12
testSerialization test is finished : execution with 3.0 m seconds
testBug1766646A test is starting...
1.62735967981E12
testBug1766646A test is finished : execution with 0.0 m seconds
testBug1766646B test is starting...
1.627359679811E12
testBug1766646B test is finished : execution with 0.0 m seconds
testCloning test is starting...
1.627359679811E12
testCloning test is finished : execution with 0.0 m seconds
testHashcode test is starting...
1.627359679811E12
testHashcode test is finished : execution with 0.0 m seconds
testEquals test is starting...
1.627359679812E12
testEquals test is finished : execution with 0.0 m seconds
testSerialization test is starting...
1.627359679817E12
testSerialization test is finished : execution with 5.0 m seconds
testCloning test is starting...
1.627359679817E12
testCloning test is finished : execution with 0.0 m seconds
testHashcode test is starting...
1.627359679817E12
testHashcode test is finished : execution with 0.0 m seconds
testEquals test is starting...
1.627359679818E12
testEquals test is finished : execution with 0.0 m seconds
testSerialization test is starting...
1.627359679821E12
testSerialization test is finished : execution with 3.0 m seconds
testGetLegendItemSeriesIndex test is starting...
1.627359679822E12
testGetLegendItemSeriesIndex test is finished : execution with 1.0 m seconds
testCloning test is starting...
1.627359679823E12
testCloning test is finished : execution with 0.0 m seconds
testHashcode test is starting...
1.627359679823E12
testHashcode test is finished : execution with 0.0 m seconds
testEquals test is starting...
1.627359679823E12
testEquals test is finished : execution with 0.0 m seconds
testSerialization test is starting...
1.627359679827E12
testSerialization test is finished : execution with 3.0 m seconds
testGetLegendItemSeriesIndex test is starting...
1.627359679828E12
testGetLegendItemSeriesIndex test is finished : execution with 1.0 m seconds
testCloning test is starting...
1.627359679828E12
testCloning test is finished : execution with 0.0 m seconds
testHashcode test is starting...
1.627359679829E12
testHashcode test is finished : execution with 1.0 m seconds
testEquals test is starting...
1.627359679829E12
testEquals test is finished : execution with 0.0 m seconds
testSerialization test is starting...
1.627359679832E12
testSerialization test is finished : execution with 3.0 m seconds
testGetLegendItemSeriesIndex test is starting...
1.627359679833E12
testGetLegendItemSeriesIndex test is finished : execution with 1.0 m seconds
testCloning test is starting...
1.627359679833E12
testCloning test is finished : execution with 0.0 m seconds
testHashcode test is starting...
1.627359679834E12
testHashcode test is finished : execution with 0.0 m seconds
testEquals test is starting...
1.627359679834E12
testEquals test is finished : execution with 0.0 m seconds
testSerialization test is starting...
1.627359679837E12
testSerialization test is finished : execution with 3.0 m seconds
testCloning test is starting...
1.627359679838E12
testCloning test is finished : execution with 0.0 m seconds
testHashcode test is starting...
1.627359679838E12
testHashcode test is finished : execution with 0.0 m seconds
testEquals test is starting...
1.627359679839E12
testEquals test is finished : execution with 1.0 m seconds
testEquals2 test is starting...
1.627359679839E12
testEquals2 test is finished : execution with 0.0 m seconds
testSerialization test is starting...
1.627359679842E12
testSerialization test is finished : execution with 2.0 m seconds
testFindRangeBounds test is starting...
1.627359679843E12
testFindRangeBounds test is finished : execution with 1.0 m seconds
testGetLegendItemSeriesIndex test is starting...
1.627359679844E12
testGetLegendItemSeriesIndex test is finished : execution with 1.0 m seconds
testCloning test is starting...
1.627359679844E12
testCloning test is finished : execution with 0.0 m seconds
testHashcode test is starting...
1.627359679844E12
testHashcode test is finished : execution with 0.0 m seconds
testFindDomainBounds test is starting...
1.627359679845E12
testFindDomainBounds test is finished : execution with 0.0 m seconds
testEquals test is starting...
1.627359679846E12
testEquals test is finished : execution with 1.0 m seconds
testSerialization test is starting...
1.627359679849E12
testSerialization test is finished : execution with 3.0 m seconds
testCloning test is starting...
1.627359679849E12
testCloning test is finished : execution with 0.0 m seconds
testHashcode test is starting...
1.62735967985E12
testHashcode test is finished : execution with 1.0 m seconds
testEquals test is starting...
1.62735967985E12
testEquals test is finished : execution with 0.0 m seconds
testSerialization test is starting...
1.627359679853E12
testSerialization test is finished : execution with 3.0 m seconds
testCloning test is starting...
1.627359679853E12
testCloning test is finished : execution with 0.0 m seconds
testHashcode test is starting...
1.627359679854E12
testHashcode test is finished : execution with 0.0 m seconds
testEquals test is starting...
1.627359679854E12
testEquals test is finished : execution with 0.0 m seconds
testDrawWithNullInfo test is starting...
1.62735967986E12
testDrawWithNullInfo test is finished : execution with 6.0 m seconds
testSerialization test is starting...
1.627359679863E12
testSerialization test is finished : execution with 3.0 m seconds
testDrawWithNullValue test is starting...
1.627359679868E12
testDrawWithNullValue test is finished : execution with 5.0 m seconds
testCloning test is starting...
1.627359679869E12
testCloning test is finished : execution with 1.0 m seconds
testHashcode test is starting...
1.627359679869E12
testHashcode test is finished : execution with 0.0 m seconds
testEquals test is starting...
1.627359679869E12
testEquals test is finished : execution with 0.0 m seconds
testDrawWithNullInfo test is starting...
1.627359679875E12
testDrawWithNullInfo test is finished : execution with 6.0 m seconds
testSerialization test is starting...
1.627359679877E12
testSerialization test is finished : execution with 2.0 m seconds
testCloning test is starting...
1.627359679877E12
testCloning test is finished : execution with 0.0 m seconds
testHashcode test is starting...
1.627359679878E12
testHashcode test is finished : execution with 0.0 m seconds
testEquals test is starting...
1.627359679878E12
testEquals test is finished : execution with 0.0 m seconds
testSerialization test is starting...
1.627359679881E12
testSerialization test is finished : execution with 3.0 m seconds
testGetLegendItemSeriesIndex test is starting...
1.627359679884E12
testGetLegendItemSeriesIndex test is finished : execution with 2.0 m seconds
testCloning test is starting...
1.627359679885E12
testCloning test is finished : execution with 1.0 m seconds
testHashcode test is starting...
1.627359679885E12
testHashcode test is finished : execution with 0.0 m seconds
testEquals test is starting...
1.627359679886E12
testEquals test is finished : execution with 0.0 m seconds
Tests run: 139, Failures: 0, Errors: 0, Skipped: 0, Time elapsed: 0.214 sec - in org.jfree.chart.renderer.xy.junit.RendererXYPackageTests
Running org.jfree.chart.renderer.category.junit.RendererCategoryPackageTests
testCloning_LegendItemToolTipGenerator test is starting...
1.62735967989E12
testCloning_LegendItemToolTipGenerator test is finished : execution with 0.0 m seconds
testCloning_LegendItemLabelGenerator test is starting...
1.62735967989E12
testCloning_LegendItemLabelGenerator test is finished : execution with 0.0 m seconds
testGetSeriesURLGenerator test is starting...
1.627359679891E12
testGetSeriesURLGenerator test is finished : execution with 0.0 m seconds
testEquals test is starting...
1.627359679892E12
testEquals test is finished : execution with 1.0 m seconds
testGetSeriesItemLabelGenerator test is starting...
1.627359679893E12
testGetSeriesItemLabelGenerator test is finished : execution with 0.0 m seconds
testCloning_LegendItemURLGenerator test is starting...
1.627359679893E12
testCloning_LegendItemURLGenerator test is finished : execution with 0.0 m seconds
testCloning1 test is starting...
1.627359679894E12
testCloning1 test is finished : execution with 1.0 m seconds
testCloning2 test is starting...
1.627359679894E12
testCloning2 test is finished : execution with 0.0 m seconds
testSerialization test is starting...
1.627359679897E12
testSerialization test is finished : execution with 3.0 m seconds
testGetLegendItemSeriesIndex test is starting...
1.627359679897E12
testGetLegendItemSeriesIndex test is finished : execution with 0.0 m seconds
testCloning test is starting...
1.627359679898E12
testCloning test is finished : execution with 1.0 m seconds
testHashcode test is starting...
1.627359679898E12
testHashcode test is finished : execution with 0.0 m seconds
testEquals test is starting...
1.627359679898E12
testEquals test is finished : execution with 0.0 m seconds
testSerialization test is starting...
1.6273596799E12
testSerialization test is finished : execution with 2.0 m seconds
testEventNotification test is starting...
1.6273596799E12
testEventNotification test is finished : execution with 0.0 m seconds
testGetLegendItemSeriesIndex test is starting...
1.627359679901E12
testGetLegendItemSeriesIndex test is finished : execution with 0.0 m seconds
testCloning test is starting...
1.627359679901E12
testCloning test is finished : execution with 0.0 m seconds
testHashcode test is starting...
1.627359679902E12
testHashcode test is finished : execution with 0.0 m seconds
testEquals test is starting...
1.627359679902E12
testEquals test is finished : execution with 0.0 m seconds
testGetLegendItem test is starting...
1.627359679903E12
testGetLegendItem test is finished : execution with 1.0 m seconds
testSerialization test is starting...
1.627359679905E12
testSerialization test is finished : execution with 2.0 m seconds
testCloning test is starting...
1.627359679906E12
testCloning test is finished : execution with 1.0 m seconds
testHashcode test is starting...
1.627359679906E12
testHashcode test is finished : execution with 0.0 m seconds
testEquals test is starting...
1.627359679907E12
testEquals test is finished : execution with 0.0 m seconds
testDrawWithNullInfo test is starting...
1.627359679914E12
testDrawWithNullInfo test is finished : execution with 7.0 m seconds
testDrawWithNullMean test is starting...
1.627359679918E12
testDrawWithNullMean test is finished : execution with 4.0 m seconds
testDrawWithNullMinRegular test is starting...
1.627359679921E12
testDrawWithNullMinRegular test is finished : execution with 3.0 m seconds
testSerialization test is starting...
1.627359679923E12
testSerialization test is finished : execution with 2.0 m seconds
testBug1572478Vertical test is starting...
1.627359679927E12
testBug1572478Vertical test is finished : execution with 4.0 m seconds
testDrawWithNullMedian test is starting...
1.627359679931E12
testDrawWithNullMedian test is finished : execution with 4.0 m seconds
testDrawWithNullMaxRegular test is starting...
1.627359679935E12
testDrawWithNullMaxRegular test is finished : execution with 4.0 m seconds
testGetLegendItemSeriesIndex test is starting...
1.627359679935E12
testGetLegendItemSeriesIndex test is finished : execution with 0.0 m seconds
testDrawWithNullMinOutlier test is starting...
1.627359679938E12
testDrawWithNullMinOutlier test is finished : execution with 2.0 m seconds
testCloning test is starting...
1.627359679938E12
testCloning test is finished : execution with 0.0 m seconds
testHashcode test is starting...
1.627359679938E12
testHashcode test is finished : execution with 0.0 m seconds
testDrawWithNullQ1 test is starting...
1.627359679942E12
testDrawWithNullQ1 test is finished : execution with 4.0 m seconds
testDrawWithNullQ3 test is starting...
1.627359679946E12
testDrawWithNullQ3 test is finished : execution with 4.0 m seconds
testEquals test is starting...
1.627359679947E12
testEquals test is finished : execution with 1.0 m seconds
testGetLegendItem test is starting...
1.627359679947E12
testGetLegendItem test is finished : execution with 0.0 m seconds
testBug1572478Horizontal test is starting...
1.62735967995E12
testBug1572478Horizontal test is finished : execution with 2.0 m seconds
testDrawWithNullMaxOutlier test is starting...
1.627359679952E12
testDrawWithNullMaxOutlier test is finished : execution with 1.0 m seconds
testSerialization test is starting...
1.627359679955E12
testSerialization test is finished : execution with 2.0 m seconds
testGetLegendItemSeriesIndex test is starting...
1.627359679956E12
testGetLegendItemSeriesIndex test is finished : execution with 1.0 m seconds
testCloning test is starting...
1.627359679956E12
testCloning test is finished : execution with 0.0 m seconds
testEquals test is starting...
1.627359679957E12
testEquals test is finished : execution with 1.0 m seconds
testSerialization test is starting...
1.627359679959E12
testSerialization test is finished : execution with 2.0 m seconds
testCloning test is starting...
1.62735967996E12
testCloning test is finished : execution with 0.0 m seconds
testHashcode test is starting...
1.62735967996E12
testHashcode test is finished : execution with 0.0 m seconds
testEquals test is starting...
1.62735967996E12
testEquals test is finished : execution with 0.0 m seconds
testSerialization test is starting...
1.627359679963E12
testSerialization test is finished : execution with 2.0 m seconds
testCloning test is starting...
1.627359679964E12
testCloning test is finished : execution with 0.0 m seconds
testHashcode test is starting...
1.627359679964E12
testHashcode test is finished : execution with 0.0 m seconds
testEquals test is starting...
1.627359679965E12
testEquals test is finished : execution with 0.0 m seconds
testDrawWithNullInfo test is starting...
1.62735967997E12
testDrawWithNullInfo test is finished : execution with 5.0 m seconds
testSerialization test is starting...
1.627359679973E12
testSerialization test is finished : execution with 3.0 m seconds
testCloning test is starting...
1.627359679973E12
testCloning test is finished : execution with 0.0 m seconds
testEquals test is starting...
1.627359679974E12
testEquals test is finished : execution with 1.0 m seconds
testDrawWithNullInfo test is starting...
1.627359679981E12
testDrawWithNullInfo test is finished : execution with 7.0 m seconds
testSerialization test is starting...
1.627359679983E12
testSerialization test is finished : execution with 2.0 m seconds
testCloning test is starting...
1.627359679983E12
testCloning test is finished : execution with 0.0 m seconds
testHashcode test is starting...
1.627359679983E12
testHashcode test is finished : execution with 0.0 m seconds
testEquals test is starting...
1.627359679983E12
testEquals test is finished : execution with 0.0 m seconds
testDrawWithNullInfo test is starting...
1.627359679988E12
testDrawWithNullInfo test is finished : execution with 4.0 m seconds
testSerialization test is starting...
1.627359679991E12
testSerialization test is finished : execution with 2.0 m seconds
testCloning test is starting...
1.627359679991E12
testCloning test is finished : execution with 0.0 m seconds
testHashcode test is starting...
1.627359679991E12
testHashcode test is finished : execution with 0.0 m seconds
testEquals test is starting...
1.627359679992E12
testEquals test is finished : execution with 0.0 m seconds
testDrawWithNullInfo test is starting...
1.627359679996E12
testDrawWithNullInfo test is finished : execution with 4.0 m seconds
testSerialization test is starting...
1.627359679998E12
testSerialization test is finished : execution with 2.0 m seconds
testGetLegendItemSeriesIndex test is starting...
1.627359679998E12
testGetLegendItemSeriesIndex test is finished : execution with 0.0 m seconds
testCloning test is starting...
1.627359679999E12
testCloning test is finished : execution with 1.0 m seconds
testHashcode test is starting...
1.627359679999E12
testHashcode test is finished : execution with 0.0 m seconds
testEquals test is starting...
1.627359679999E12
testEquals test is finished : execution with 0.0 m seconds
testSerialization test is starting...
1.627359680001E12
testSerialization test is finished : execution with 2.0 m seconds
testGetLegendItemSeriesIndex test is starting...
1.627359680002E12
testGetLegendItemSeriesIndex test is finished : execution with 1.0 m seconds
testCloning test is starting...
1.627359680003E12
testCloning test is finished : execution with 0.0 m seconds
testHashcode test is starting...
1.627359680003E12
testHashcode test is finished : execution with 0.0 m seconds
testEquals test is starting...
1.627359680004E12
testEquals test is finished : execution with 1.0 m seconds
testSerialization test is starting...
1.627359680006E12
testSerialization test is finished : execution with 2.0 m seconds
testCloning test is starting...
1.627359680006E12
testCloning test is finished : execution with 0.0 m seconds
testHashcode test is starting...
1.627359680007E12
testHashcode test is finished : execution with 1.0 m seconds
testEquals test is starting...
1.627359680007E12
testEquals test is finished : execution with 0.0 m seconds
testDrawWithNullInfo test is starting...
1.627359680012E12
testDrawWithNullInfo test is finished : execution with 5.0 m seconds
testSerialization test is starting...
1.627359680014E12
testSerialization test is finished : execution with 2.0 m seconds
testCloning test is starting...
1.627359680015E12
testCloning test is finished : execution with 1.0 m seconds
testHashcode test is starting...
1.627359680015E12
testHashcode test is finished : execution with 0.0 m seconds
testEquals test is starting...
1.627359680016E12
testEquals test is finished : execution with 1.0 m seconds
testSerialization test is starting...
1.627359680018E12
testSerialization test is finished : execution with 2.0 m seconds
testCloning test is starting...
1.627359680019E12
testCloning test is finished : execution with 1.0 m seconds
testHashcode test is starting...
1.627359680019E12
testHashcode test is finished : execution with 0.0 m seconds
testEquals test is starting...
1.627359680019E12
testEquals test is finished : execution with 0.0 m seconds
testSerialization test is starting...
1.627359680022E12
testSerialization test is finished : execution with 3.0 m seconds
testCloning test is starting...
1.627359680022E12
testCloning test is finished : execution with 0.0 m seconds
testHashcode test is starting...
1.627359680023E12
testHashcode test is finished : execution with 0.0 m seconds
testEquals test is starting...
1.627359680023E12
testEquals test is finished : execution with 0.0 m seconds
testSerialization test is starting...
1.627359680025E12
testSerialization test is finished : execution with 2.0 m seconds
testCloning test is starting...
1.627359680025E12
testCloning test is finished : execution with 0.0 m seconds
testHashCode test is starting...
1.627359680025E12
testHashCode test is finished : execution with 0.0 m seconds
testEquals test is starting...
1.627359680026E12
testEquals test is finished : execution with 0.0 m seconds
testSerialization test is starting...
1.627359680028E12
testSerialization test is finished : execution with 2.0 m seconds
testCreateStackedValueList1 test is starting...
1.627359680029E12
testCreateStackedValueList1 test is finished : execution with 1.0 m seconds
testCreateStackedValueList2 test is starting...
1.627359680029E12
testCreateStackedValueList2 test is finished : execution with 0.0 m seconds
testCreateStackedValueList3 test is starting...
1.627359680029E12
testCreateStackedValueList3 test is finished : execution with 0.0 m seconds
testCreateStackedValueList4 test is starting...
1.62735968003E12
testCreateStackedValueList4 test is finished : execution with 0.0 m seconds
testCreateStackedValueList5 test is starting...
1.62735968003E12
testCreateStackedValueList5 test is finished : execution with 0.0 m seconds
testCloning test is starting...
1.62735968003E12
testCloning test is finished : execution with 0.0 m seconds
testHashcode test is starting...
1.627359680031E12
testHashcode test is finished : execution with 1.0 m seconds
testEquals test is starting...
1.627359680031E12
testEquals test is finished : execution with 0.0 m seconds
testCreateStackedValueList1a test is starting...
1.627359680031E12
testCreateStackedValueList1a test is finished : execution with 0.0 m seconds
testCreateStackedValueList1b test is starting...
1.627359680031E12
testCreateStackedValueList1b test is finished : execution with 0.0 m seconds
testCreateStackedValueList1c test is starting...
1.627359680032E12
testCreateStackedValueList1c test is finished : execution with 0.0 m seconds
testCreateStackedValueList1d test is starting...
1.627359680032E12
testCreateStackedValueList1d test is finished : execution with 0.0 m seconds
testCreateStackedValueList2a test is starting...
1.627359680032E12
testCreateStackedValueList2a test is finished : execution with 0.0 m seconds
testCreateStackedValueList2b test is starting...
1.627359680033E12
testCreateStackedValueList2b test is finished : execution with 0.0 m seconds
testCreateStackedValueList2c test is starting...
1.627359680034E12
testCreateStackedValueList2c test is finished : execution with 1.0 m seconds
testCreateStackedValueList2d test is starting...
1.627359680034E12
testCreateStackedValueList2d test is finished : execution with 0.0 m seconds
testCreateStackedValueList3a test is starting...
1.627359680034E12
testCreateStackedValueList3a test is finished : execution with 0.0 m seconds
testCreateStackedValueList3b test is starting...
1.627359680034E12
testCreateStackedValueList3b test is finished : execution with 0.0 m seconds
testCreateStackedValueList3c test is starting...
1.627359680035E12
testCreateStackedValueList3c test is finished : execution with 0.0 m seconds
testCreateStackedValueList3d test is starting...
1.627359680035E12
testCreateStackedValueList3d test is finished : execution with 0.0 m seconds
testDrawWithNullInfo test is starting...
1.62735968004E12
testDrawWithNullInfo test is finished : execution with 5.0 m seconds
testSerialization test is starting...
1.627359680042E12
testSerialization test is finished : execution with 2.0 m seconds
testDrawWithNullMeanVertical test is starting...
1.627359680045E12
testDrawWithNullMeanVertical test is finished : execution with 3.0 m seconds
testDrawWithNullDeviationVertical test is starting...
1.627359680048E12
testDrawWithNullDeviationVertical test is finished : execution with 3.0 m seconds
testDrawWithNullMeanHorizontal test is starting...
1.627359680052E12
testDrawWithNullMeanHorizontal test is finished : execution with 4.0 m seconds
testCloning test is starting...
1.627359680052E12
testCloning test is finished : execution with 0.0 m seconds
testHashcode test is starting...
1.627359680053E12
testHashcode test is finished : execution with 1.0 m seconds
testDrawWithNullDeviationHorizontal test is starting...
1.627359680056E12
testDrawWithNullDeviationHorizontal test is finished : execution with 3.0 m seconds
testEquals test is starting...
1.627359680056E12
testEquals test is finished : execution with 0.0 m seconds
testDrawWithNullInfo test is starting...
1.62735968006E12
testDrawWithNullInfo test is finished : execution with 4.0 m seconds
testSerialization test is starting...
1.627359680061E12
testSerialization test is finished : execution with 1.0 m seconds
test1562759 test is starting...
1.627359680062E12
test1562759 test is finished : execution with 0.0 m seconds
testCloning test is starting...
1.627359680062E12
testCloning test is finished : execution with 0.0 m seconds
testHashcode test is starting...
1.627359680062E12
testHashcode test is finished : execution with 0.0 m seconds
testEquals test is starting...
1.627359680063E12
testEquals test is finished : execution with 0.0 m seconds
testSerialization test is starting...
1.627359680065E12
testSerialization test is finished : execution with 2.0 m seconds
testCloning test is starting...
1.627359680066E12
testCloning test is finished : execution with 1.0 m seconds
testHashcode test is starting...
1.627359680066E12
testHashcode test is finished : execution with 0.0 m seconds
testEquals test is starting...
1.627359680066E12
testEquals test is finished : execution with 0.0 m seconds
Tests run: 139, Failures: 0, Errors: 0, Skipped: 0, Time elapsed: 0.168 sec - in org.jfree.chart.renderer.category.junit.RendererCategoryPackageTests
Running org.jfree.chart.plot.junit.PlotPackageTests
testSerialization test is starting...
1.627359680072E12
testSerialization test is finished : execution with 1.0 m seconds
testCloning test is starting...
1.627359680072E12
testCloning test is finished : execution with 0.0 m seconds
testEquals test is starting...
1.627359680073E12
testEquals test is finished : execution with 0.0 m seconds
testGetSetKey test is starting...
1.627359680073E12
testGetSetKey test is finished : execution with 0.0 m seconds
testGetSetDrawAsLine test is starting...
1.627359680073E12
testGetSetDrawAsLine test is finished : execution with 0.0 m seconds
testAxisRange test is starting...
1.627359680074E12
testAxisRange test is finished : execution with 1.0 m seconds
testAddRangeMarker test is starting...
1.627359680074E12
testAddRangeMarker test is finished : execution with 0.0 m seconds
testSerialization test is starting...
1.62735968008E12
testSerialization test is finished : execution with 6.0 m seconds
testRemoveRangeMarker test is starting...
1.627359680081E12
testRemoveRangeMarker test is finished : execution with 1.0 m seconds
testGetRangeAxisIndex test is starting...
1.627359680081E12
testGetRangeAxisIndex test is finished : execution with 0.0 m seconds
testRemoveDomainMarker test is starting...
1.627359680082E12
testRemoveDomainMarker test is finished : execution with 1.0 m seconds
testGetDomainAxisIndex test is starting...
1.627359680082E12
testGetDomainAxisIndex test is finished : execution with 0.0 m seconds
test1169972 test is starting...
1.627359680082E12
test1169972 test is finished : execution with 0.0 m seconds
test1654215 test is starting...
1.627359680084E12
test1654215 test is finished : execution with 1.0 m seconds
testAddDomainMarker test is starting...
1.627359680085E12
testAddDomainMarker test is finished : execution with 0.0 m seconds
testCloning test is starting...
1.627359680086E12
testCloning test is finished : execution with 0.0 m seconds
testSetRenderer test is starting...
1.627359680086E12
testSetRenderer test is finished : execution with 0.0 m seconds
testEquals test is starting...
1.627359680103E12
testEquals test is finished : execution with 16.0 m seconds
testSerialization2 test is starting...
1.627359680108E12
testSerialization2 test is finished : execution with 5.0 m seconds
testSerialization3 test is starting...
1.627359680117E12
testSerialization3 test is finished : execution with 8.0 m seconds
testSerialization4 test is starting...
1.627359680127E12
testSerialization4 test is finished : execution with 9.0 m seconds
testSerialization5 test is starting...
1.627359680134E12
testSerialization5 test is finished : execution with 7.0 m seconds
testConstructor test is starting...
1.627359680135E12
testConstructor test is finished : execution with 0.0 m seconds
testSerialization test is starting...
1.627359680144E12
testSerialization test is finished : execution with 9.0 m seconds
testCloning test is starting...
1.627359680146E12
testCloning test is finished : execution with 2.0 m seconds
testRemoveSubplot test is starting...
1.627359680146E12
testRemoveSubplot test is finished : execution with 0.0 m seconds
testEquals test is starting...
1.627359680148E12
testEquals test is finished : execution with 1.0 m seconds
testSerialization test is starting...
1.627359680163E12
testSerialization test is finished : execution with 15.0 m seconds
testConstructor1 test is starting...
1.627359680164E12
testConstructor1 test is finished : execution with 1.0 m seconds
testCloning test is starting...
1.627359680165E12
testCloning test is finished : execution with 1.0 m seconds
testRemoveSubplot test is starting...
1.627359680166E12
testRemoveSubplot test is finished : execution with 0.0 m seconds
testEquals test is starting...
1.627359680169E12
testEquals test is finished : execution with 3.0 m seconds
testSerialization test is starting...
1.627359680177E12
testSerialization test is finished : execution with 8.0 m seconds
testCloning test is starting...
1.627359680178E12
testCloning test is finished : execution with 1.0 m seconds
testRemoveSubplot test is starting...
1.627359680179E12
testRemoveSubplot test is finished : execution with 0.0 m seconds
testEquals test is starting...
1.627359680181E12
testEquals test is finished : execution with 2.0 m seconds
testSerialization test is starting...
1.627359680189E12
testSerialization test is finished : execution with 8.0 m seconds
testCloning test is starting...
1.627359680191E12
testCloning test is finished : execution with 1.0 m seconds
testRemoveSubplot test is starting...
1.627359680192E12
testRemoveSubplot test is finished : execution with 1.0 m seconds
testEquals test is starting...
1.627359680194E12
testEquals test is finished : execution with 2.0 m seconds
testSerialization test is starting...
1.627359680197E12
testSerialization test is finished : execution with 3.0 m seconds
testCloning test is starting...
1.627359680197E12
testCloning test is finished : execution with 0.0 m seconds
testEquals test is starting...
1.627359680198E12
testEquals test is finished : execution with 1.0 m seconds
testSerialization test is starting...
1.627359680199E12
testSerialization test is finished : execution with 1.0 m seconds
testCloning test is starting...
1.627359680199E12
testCloning test is finished : execution with 0.0 m seconds
testEquals test is starting...
1.627359680199E12
testEquals test is finished : execution with 0.0 m seconds
testDrawWithNullInfo test is starting...
1.627359680208E12
testDrawWithNullInfo test is finished : execution with 8.0 m seconds
testSerialization test is starting...
1.627359680214E12
testSerialization test is finished : execution with 6.0 m seconds
testCloning test is starting...
1.627359680214E12
testCloning test is finished : execution with 0.0 m seconds
testEquals test is starting...
1.627359680218E12
testEquals test is finished : execution with 3.0 m seconds
testSerialization test is starting...
1.627359680219E12
testSerialization test is finished : execution with 1.0 m seconds
testCloning test is starting...
1.627359680219E12
testCloning test is finished : execution with 0.0 m seconds
testGetSetStartValue test is starting...
1.62735968022E12
testGetSetStartValue test is finished : execution with 0.0 m seconds
testEquals test is starting...
1.62735968022E12
testEquals test is finished : execution with 0.0 m seconds
testGetSetEndValue test is starting...
1.62735968022E12
testGetSetEndValue test is finished : execution with 0.0 m seconds
testListenersWithCategoryPlot test is starting...
1.627359680221E12
testListenersWithCategoryPlot test is finished : execution with 1.0 m seconds
testGetSetLabelFont test is starting...
1.627359680221E12
testGetSetLabelFont test is finished : execution with 0.0 m seconds
testGetSetLabelTextAnchor test is starting...
1.627359680221E12
testGetSetLabelTextAnchor test is finished : execution with 0.0 m seconds
testGetSetAlpha test is starting...
1.627359680222E12
testGetSetAlpha test is finished : execution with 1.0 m seconds
testGetSetLabel test is starting...
1.627359680222E12
testGetSetLabel test is finished : execution with 0.0 m seconds
testGetSetPaint test is starting...
1.627359680222E12
testGetSetPaint test is finished : execution with 0.0 m seconds
testGetSetLabelAnchor test is starting...
1.627359680222E12
testGetSetLabelAnchor test is finished : execution with 0.0 m seconds
testGetSetOutlinePaint test is starting...
1.627359680223E12
testGetSetOutlinePaint test is finished : execution with 0.0 m seconds
testGetSetLabelOffset test is starting...
1.627359680223E12
testGetSetLabelOffset test is finished : execution with 0.0 m seconds
testGetSetOutlineStroke test is starting...
1.627359680223E12
testGetSetOutlineStroke test is finished : execution with 0.0 m seconds
testGetSetLabelOffsetType test is starting...
1.627359680223E12
testGetSetLabelOffsetType test is finished : execution with 0.0 m seconds
testGetSetLabelPaint test is starting...
1.627359680224E12
testGetSetLabelPaint test is finished : execution with 0.0 m seconds
testListenersWithXYPlot test is starting...
1.627359680224E12
testListenersWithXYPlot test is finished : execution with 0.0 m seconds
testGetSetStroke test is starting...
1.627359680224E12
testGetSetStroke test is finished : execution with 0.0 m seconds
testSerialization test is starting...
1.627359680225E12
testSerialization test is finished : execution with 1.0 m seconds
testCloning test is starting...
1.627359680225E12
testCloning test is finished : execution with 0.0 m seconds
testEquals test is starting...
1.627359680226E12
testEquals test is finished : execution with 0.0 m seconds
testCloning test is starting...
1.627359680227E12
testCloning test is finished : execution with 1.0 m seconds
testEquals test is starting...
1.627359680228E12
testEquals test is finished : execution with 1.0 m seconds
testSerialization1 test is starting...
1.62735968023E12
testSerialization1 test is finished : execution with 2.0 m seconds
testSerialization2 test is starting...
1.627359680232E12
testSerialization2 test is finished : execution with 2.0 m seconds
testSerialization test is starting...
1.627359680236E12
testSerialization test is finished : execution with 4.0 m seconds
testCloning test is starting...
1.627359680236E12
testCloning test is finished : execution with 0.0 m seconds
testEquals test is starting...
1.627359680237E12
testEquals test is finished : execution with 1.0 m seconds
testSerialization test is starting...
1.627359680239E12
testSerialization test is finished : execution with 2.0 m seconds
testCloning test is starting...
1.627359680239E12
testCloning test is finished : execution with 0.0 m seconds
testEquals test is starting...
1.627359680239E12
testEquals test is finished : execution with 0.0 m seconds
testDrawWithNullLegendLabels test is starting...
1.627359680242E12
testDrawWithNullLegendLabels test is finished : execution with 2.0 m seconds
testCloning_LegendItemShape test is starting...
1.627359680242E12
testCloning_LegendItemShape test is finished : execution with 0.0 m seconds
testSerialization test is starting...
1.627359680244E12
testSerialization test is finished : execution with 2.0 m seconds
testCloning_LegendLabelURLGenerator test is starting...
1.627359680245E12
testCloning_LegendLabelURLGenerator test is finished : execution with 1.0 m seconds
testCloning_URLGenerator test is starting...
1.627359680245E12
testCloning_URLGenerator test is finished : execution with 0.0 m seconds
testCloning_LegendLabelToolTipGenerator test is starting...
1.627359680246E12
testCloning_LegendLabelToolTipGenerator test is finished : execution with 0.0 m seconds
testGetLegendItems test is starting...
1.627359680247E12
testGetLegendItems test is finished : execution with 1.0 m seconds
testCloning test is starting...
1.627359680247E12
testCloning test is finished : execution with 0.0 m seconds
testEquals test is starting...
1.627359680252E12
testEquals test is finished : execution with 5.0 m seconds
testCloning_LegendLabelGenerator test is starting...
1.627359680252E12
testCloning_LegendLabelGenerator test is finished : execution with 0.0 m seconds
testGetBaseSectionPaint test is starting...
1.627359680252E12
testGetBaseSectionPaint test is finished : execution with 0.0 m seconds
testSerialization test is starting...
1.627359680254E12
testSerialization test is finished : execution with 1.0 m seconds
testEquals test is starting...
1.627359680254E12
testEquals test is finished : execution with 0.0 m seconds
testDrawWithNullDataset test is starting...
1.627359680255E12
testDrawWithNullDataset test is finished : execution with 0.0 m seconds
testSerialization test is starting...
1.627359680256E12
testSerialization test is finished : execution with 1.0 m seconds
testEquals test is starting...
1.627359680256E12
testEquals test is finished : execution with 0.0 m seconds
testSerialization test is starting...
1.627359680256E12
testSerialization test is finished : execution with 0.0 m seconds
testCloning test is starting...
1.627359680257E12
testCloning test is finished : execution with 0.0 m seconds
testEquals test is starting...
1.627359680257E12
testEquals test is finished : execution with 0.0 m seconds
testEquals test is starting...
1.627359680258E12
testEquals test is finished : execution with 1.0 m seconds
testSerialization test is starting...
1.62735968026E12
testSerialization test is finished : execution with 2.0 m seconds
testCloning test is starting...
1.627359680261E12
testCloning test is finished : execution with 1.0 m seconds
testEquals test is starting...
1.627359680263E12
testEquals test is finished : execution with 1.0 m seconds
testSerialization test is starting...
1.627359680265E12
testSerialization test is finished : execution with 2.0 m seconds
testCloning test is starting...
1.627359680265E12
testCloning test is finished : execution with 0.0 m seconds
testEquals test is starting...
1.627359680266E12
testEquals test is finished : execution with 0.0 m seconds
testDrawWithNullInfo test is starting...
1.627359680269E12
testDrawWithNullInfo test is finished : execution with 3.0 m seconds
testSerialization test is starting...
1.627359680271E12
testSerialization test is finished : execution with 2.0 m seconds
testCloning test is starting...
1.627359680272E12
testCloning test is finished : execution with 1.0 m seconds
testEquals test is starting...
1.627359680273E12
testEquals test is finished : execution with 1.0 m seconds
testSerialization test is starting...
1.627359680277E12
testSerialization test is finished : execution with 4.0 m seconds
testCloning test is starting...
1.627359680278E12
testCloning test is finished : execution with 0.0 m seconds
testEquals test is starting...
1.62735968028E12
testEquals test is finished : execution with 2.0 m seconds
testSerialization2 test is starting...
1.627359680283E12
testSerialization2 test is finished : execution with 2.0 m seconds
testSerialization test is starting...
1.627359680283E12
testSerialization test is finished : execution with 0.0 m seconds
testGetSetValue test is starting...
1.627359680284E12
testGetSetValue test is finished : execution with 0.0 m seconds
test1802195 test is starting...
1.627359680284E12
test1802195 test is finished : execution with 0.0 m seconds
test1808376 test is starting...
1.627359680284E12
test1808376 test is finished : execution with 0.0 m seconds
testCloning test is starting...
1.627359680285E12
testCloning test is finished : execution with 0.0 m seconds
testEquals test is starting...
1.627359680285E12
testEquals test is finished : execution with 0.0 m seconds
testDrawRangeGridlines test is starting...
1.627359680287E12
testDrawRangeGridlines test is finished : execution with 2.0 m seconds
testAddRangeMarker test is starting...
1.627359680288E12
testAddRangeMarker test is finished : execution with 0.0 m seconds
testRemoveAnnotation test is starting...
1.627359680288E12
testRemoveAnnotation test is finished : execution with 0.0 m seconds
testRemoveRangeMarker test is starting...
1.627359680288E12
testRemoveRangeMarker test is finished : execution with 0.0 m seconds
testGetLegendItems test is starting...
1.62735968029E12
testGetLegendItems test is finished : execution with 2.0 m seconds
testRemoveDomainMarker test is starting...
1.62735968029E12
testRemoveDomainMarker test is finished : execution with 0.0 m seconds
testCloning_QuadrantPaint test is starting...
1.62735968029E12
testCloning_QuadrantPaint test is finished : execution with 0.0 m seconds
test1654215 test is starting...
1.627359680293E12
test1654215 test is finished : execution with 3.0 m seconds
testAddDomainMarker test is starting...
1.627359680293E12
testAddDomainMarker test is finished : execution with 0.0 m seconds
testCloneIndependence test is starting...
1.627359680295E12
testCloneIndependence test is finished : execution with 2.0 m seconds
testCloning test is starting...
1.627359680295E12
testCloning test is finished : execution with 0.0 m seconds
testSetRenderer test is starting...
1.627359680296E12
testSetRenderer test is finished : execution with 0.0 m seconds
testCloning_QuadrantOrigin test is starting...
1.627359680296E12
testCloning_QuadrantOrigin test is finished : execution with 0.0 m seconds
testGetRendererForDataset test is starting...
1.627359680297E12
testGetRendererForDataset test is finished : execution with 0.0 m seconds
testDrawSeriesWithZeroItems test is starting...
1.6273596803E12
testDrawSeriesWithZeroItems test is finished : execution with 3.0 m seconds
testEquals test is starting...
1.627359680316E12
testEquals test is finished : execution with 16.0 m seconds
testSerialization1 test is starting...
1.627359680319E12
testSerialization1 test is finished : execution with 3.0 m seconds
testSerialization2 test is starting...
1.627359680338E12
testSerialization2 test is finished : execution with 18.0 m seconds
testSerialization3 test is starting...
1.627359680345E12
testSerialization3 test is finished : execution with 7.0 m seconds
testSerialization4 test is starting...
1.627359680353E12
testSerialization4 test is finished : execution with 8.0 m seconds
testSerialization5 test is starting...
1.627359680357E12
testSerialization5 test is finished : execution with 4.0 m seconds
testSetNullRenderer test is starting...
1.627359680358E12
testSetNullRenderer test is finished : execution with 0.0 m seconds
testCloning2 test is starting...
1.627359680359E12
testCloning2 test is finished : execution with 1.0 m seconds
Tests run: 145, Failures: 0, Errors: 0, Skipped: 0, Time elapsed: 0.28 sec - in org.jfree.chart.plot.junit.PlotPackageTests
Running org.jfree.chart.plot.dial.junit.DialPackageTests
testSerialization test is starting...
1.627359680363E12
testSerialization test is finished : execution with 2.0 m seconds
testCloning test is starting...
1.627359680364E12
testCloning test is finished : execution with 1.0 m seconds
testEquals test is starting...
1.627359680364E12
testEquals test is finished : execution with 0.0 m seconds
testSerialization test is starting...
1.627359680365E12
testSerialization test is finished : execution with 1.0 m seconds
testCloning test is starting...
1.627359680366E12
testCloning test is finished : execution with 1.0 m seconds
testHashCode test is starting...
1.627359680366E12
testHashCode test is finished : execution with 0.0 m seconds
testEquals test is starting...
1.627359680366E12
testEquals test is finished : execution with 0.0 m seconds
testSerialization test is starting...
1.627359680367E12
testSerialization test is finished : execution with 1.0 m seconds
testCloning test is starting...
1.627359680367E12
testCloning test is finished : execution with 0.0 m seconds
testHashCode test is starting...
1.627359680367E12
testHashCode test is finished : execution with 0.0 m seconds
testEquals test is starting...
1.627359680368E12
testEquals test is finished : execution with 1.0 m seconds
testSerialization test is starting...
1.627359680371E12
testSerialization test is finished : execution with 3.0 m seconds
testScaleListener test is starting...
1.627359680373E12
testScaleListener test is finished : execution with 1.0 m seconds
testBackgroundListener test is starting...
1.627359680373E12
testBackgroundListener test is finished : execution with 0.0 m seconds
testLayerListener test is starting...
1.627359680373E12
testLayerListener test is finished : execution with 0.0 m seconds
testCloning test is starting...
1.627359680373E12
testCloning test is finished : execution with 0.0 m seconds
testFrameListener test is starting...
1.627359680374E12
testFrameListener test is finished : execution with 0.0 m seconds
testCapListener test is starting...
1.627359680374E12
testCapListener test is finished : execution with 0.0 m seconds
testHashCode test is starting...
1.627359680374E12
testHashCode test is finished : execution with 0.0 m seconds
testEquals test is starting...
1.627359680375E12
testEquals test is finished : execution with 1.0 m seconds
testSerialization test is starting...
1.627359680376E12
testSerialization test is finished : execution with 1.0 m seconds
testEqualsPointer test is starting...
1.627359680377E12
testEqualsPointer test is finished : execution with 0.0 m seconds
testCloning test is starting...
1.627359680377E12
testCloning test is finished : execution with 0.0 m seconds
testHashCode test is starting...
1.627359680377E12
testHashCode test is finished : execution with 0.0 m seconds
testEquals test is starting...
1.627359680378E12
testEquals test is finished : execution with 0.0 m seconds
testEqualsPin test is starting...
1.627359680378E12
testEqualsPin test is finished : execution with 0.0 m seconds
testSerialization2 test is starting...
1.627359680379E12
testSerialization2 test is finished : execution with 1.0 m seconds
testSerialization test is starting...
1.62735968038E12
testSerialization test is finished : execution with 1.0 m seconds
testCloning test is starting...
1.627359680381E12
testCloning test is finished : execution with 1.0 m seconds
testHashCode test is starting...
1.627359680381E12
testHashCode test is finished : execution with 0.0 m seconds
testEquals test is starting...
1.627359680381E12
testEquals test is finished : execution with 0.0 m seconds
testSerialization test is starting...
1.627359680383E12
testSerialization test is finished : execution with 2.0 m seconds
testCloning test is starting...
1.627359680384E12
testCloning test is finished : execution with 1.0 m seconds
testHashCode test is starting...
1.627359680384E12
testHashCode test is finished : execution with 0.0 m seconds
testEquals test is starting...
1.627359680385E12
testEquals test is finished : execution with 0.0 m seconds
testSerialization test is starting...
1.627359680386E12
testSerialization test is finished : execution with 1.0 m seconds
testCloning test is starting...
1.627359680386E12
testCloning test is finished : execution with 0.0 m seconds
testHashCode test is starting...
1.627359680386E12
testHashCode test is finished : execution with 0.0 m seconds
testEquals test is starting...
1.627359680387E12
testEquals test is finished : execution with 1.0 m seconds
testSerialization test is starting...
1.627359680387E12
testSerialization test is finished : execution with 0.0 m seconds
testCloning test is starting...
1.627359680387E12
testCloning test is finished : execution with 0.0 m seconds
testHashCode test is starting...
1.627359680387E12
testHashCode test is finished : execution with 0.0 m seconds
testEquals test is starting...
1.627359680388E12
testEquals test is finished : execution with 0.0 m seconds
testSerialization test is starting...
1.627359680389E12
testSerialization test is finished : execution with 1.0 m seconds
testCloning test is starting...
1.627359680389E12
testCloning test is finished : execution with 0.0 m seconds
testHashCode test is starting...
1.62735968039E12
testHashCode test is finished : execution with 0.0 m seconds
testEquals test is starting...
1.62735968039E12
testEquals test is finished : execution with 0.0 m seconds
testSerialization test is starting...
1.627359680391E12
testSerialization test is finished : execution with 1.0 m seconds
testCloning test is starting...
1.627359680392E12
testCloning test is finished : execution with 0.0 m seconds
testHashCode test is starting...
1.627359680392E12
testHashCode test is finished : execution with 0.0 m seconds
testEquals test is starting...
1.627359680392E12
testEquals test is finished : execution with 0.0 m seconds
Tests run: 51, Failures: 0, Errors: 0, Skipped: 0, Time elapsed: 0.022 sec - in org.jfree.chart.plot.dial.junit.DialPackageTests
Running org.jfree.chart.annotations.junit.AnnotationsPackageTests
testSerialization test is starting...
1.627359680396E12
testSerialization test is finished : execution with 2.0 m seconds
testCloning test is starting...
1.627359680396E12
testCloning test is finished : execution with 0.0 m seconds
testHashcode test is starting...
1.627359680396E12
testHashcode test is finished : execution with 0.0 m seconds
testEquals test is starting...
1.627359680396E12
testEquals test is finished : execution with 0.0 m seconds
testSerialization test is starting...
1.627359680399E12
testSerialization test is finished : execution with 2.0 m seconds
testCloning test is starting...
1.627359680399E12
testCloning test is finished : execution with 0.0 m seconds
testHashCode test is starting...
1.6273596804E12
testHashCode test is finished : execution with 0.0 m seconds
testEquals test is starting...
1.6273596804E12
testEquals test is finished : execution with 0.0 m seconds
testSerialization test is starting...
1.627359680401E12
testSerialization test is finished : execution with 1.0 m seconds
testCloning test is starting...
1.627359680401E12
testCloning test is finished : execution with 0.0 m seconds
testHashcode test is starting...
1.627359680401E12
testHashcode test is finished : execution with 0.0 m seconds
testEquals test is starting...
1.627359680401E12
testEquals test is finished : execution with 0.0 m seconds
testHashCode test is starting...
1.627359680402E12
testHashCode test is finished : execution with 1.0 m seconds
testEquals test is starting...
1.627359680402E12
testEquals test is finished : execution with 0.0 m seconds
testDrawWithNullInfo test is starting...
1.627359680408E12
testDrawWithNullInfo test is finished : execution with 6.0 m seconds
testSerialization test is starting...
1.627359680408E12
testSerialization test is finished : execution with 0.0 m seconds
testCloning test is starting...
1.627359680432E12
testCloning test is finished : execution with 0.0 m seconds
testHashCode test is starting...
1.627359680432E12
testHashCode test is finished : execution with 0.0 m seconds
testEquals test is starting...
1.627359680432E12
testEquals test is finished : execution with 0.0 m seconds
testSerialization test is starting...
1.627359680434E12
testSerialization test is finished : execution with 2.0 m seconds
testCloning test is starting...
1.627359680434E12
testCloning test is finished : execution with 0.0 m seconds
testHashCode test is starting...
1.627359680434E12
testHashCode test is finished : execution with 0.0 m seconds
testEquals test is starting...
1.627359680434E12
testEquals test is finished : execution with 0.0 m seconds
testCloning test is starting...
1.627359680435E12
testCloning test is finished : execution with 0.0 m seconds
testHashCode test is starting...
1.627359680436E12
testHashCode test is finished : execution with 0.0 m seconds
testEquals test is starting...
1.627359680436E12
testEquals test is finished : execution with 0.0 m seconds
testSerialization test is starting...
1.627359680439E12
testSerialization test is finished : execution with 3.0 m seconds
testCloning test is starting...
1.627359680439E12
testCloning test is finished : execution with 0.0 m seconds
testHashCode test is starting...
1.62735968044E12
testHashCode test is finished : execution with 0.0 m seconds
testEquals test is starting...
1.62735968044E12
testEquals test is finished : execution with 0.0 m seconds
testSerialization test is starting...
1.627359680443E12
testSerialization test is finished : execution with 2.0 m seconds
testCloning test is starting...
1.627359680443E12
testCloning test is finished : execution with 0.0 m seconds
testHashCode test is starting...
1.627359680444E12
testHashCode test is finished : execution with 1.0 m seconds
testEquals test is starting...
1.627359680444E12
testEquals test is finished : execution with 0.0 m seconds
testSerialization test is starting...
1.627359680446E12
testSerialization test is finished : execution with 2.0 m seconds
testCloning test is starting...
1.627359680447E12
testCloning test is finished : execution with 0.0 m seconds
testHashCode test is starting...
1.627359680447E12
testHashCode test is finished : execution with 0.0 m seconds
testEquals test is starting...
1.627359680448E12
testEquals test is finished : execution with 1.0 m seconds
testSerialization test is starting...
1.62735968045E12
testSerialization test is finished : execution with 2.0 m seconds
testCloning test is starting...
1.62735968045E12
testCloning test is finished : execution with 0.0 m seconds
testHashCode test is starting...
1.62735968045E12
testHashCode test is finished : execution with 0.0 m seconds
testEquals test is starting...
1.627359680451E12
testEquals test is finished : execution with 0.0 m seconds
testSerialization test is starting...
1.627359680452E12
testSerialization test is finished : execution with 1.0 m seconds
testCloning test is starting...
1.627359680452E12
testCloning test is finished : execution with 0.0 m seconds
testHashCode test is starting...
1.627359680452E12
testHashCode test is finished : execution with 0.0 m seconds
testEquals test is starting...
1.627359680453E12
testEquals test is finished : execution with 0.0 m seconds
Tests run: 46, Failures: 0, Errors: 0, Skipped: 0, Time elapsed: 0.055 sec - in org.jfree.chart.annotations.junit.AnnotationsPackageTests
Running org.jfree.chart.axis.junit.AxisPackageTests
testSerialization test is starting...
1.627359680461E12
testSerialization test is finished : execution with 0.0 m seconds
testHashCode test is starting...
1.627359680461E12
testHashCode test is finished : execution with 0.0 m seconds
testEquals test is starting...
1.627359680462E12
testEquals test is finished : execution with 0.0 m seconds
testCloning test is starting...
1.627359680462E12
testCloning test is finished : execution with 0.0 m seconds
testHashCode test is starting...
1.627359680463E12
testHashCode test is finished : execution with 1.0 m seconds
testEquals test is starting...
1.627359680463E12
testEquals test is finished : execution with 0.0 m seconds
testCloning test is starting...
1.627359680463E12
testCloning test is finished : execution with 0.0 m seconds
testHashCode test is starting...
1.627359680464E12
testHashCode test is finished : execution with 0.0 m seconds
testEquals test is starting...
1.627359680465E12
testEquals test is finished : execution with 1.0 m seconds
testSerialization test is starting...
1.627359680465E12
testSerialization test is finished : execution with 0.0 m seconds
testHashCode test is starting...
1.627359680465E12
testHashCode test is finished : execution with 0.0 m seconds
testEquals test is starting...
1.627359680466E12
testEquals test is finished : execution with 0.0 m seconds
testSerialization test is starting...
1.627359680467E12
testSerialization test is finished : execution with 1.0 m seconds
testCloning test is starting...
1.627359680468E12
testCloning test is finished : execution with 0.0 m seconds
testHashCode test is starting...
1.627359680468E12
testHashCode test is finished : execution with 0.0 m seconds
testEquals test is starting...
1.627359680469E12
testEquals test is finished : execution with 1.0 m seconds
testCloning2 test is starting...
1.627359680469E12
testCloning2 test is finished : execution with 0.0 m seconds
testSerialization test is starting...
1.627359680471E12
testSerialization test is finished : execution with 2.0 m seconds
testCloning test is starting...
1.627359680472E12
testCloning test is finished : execution with 0.0 m seconds
testSerialization test is starting...
1.627359680472E12
testSerialization test is finished : execution with 0.0 m seconds
testHashCode test is starting...
1.627359680473E12
testHashCode test is finished : execution with 0.0 m seconds
testEquals test is starting...
1.627359680473E12
testEquals test is finished : execution with 0.0 m seconds
testSerialization test is starting...
1.627359680474E12
testSerialization test is finished : execution with 1.0 m seconds
testHashCode test is starting...
1.627359680474E12
testHashCode test is finished : execution with 0.0 m seconds
testEquals test is starting...
1.627359680475E12
testEquals test is finished : execution with 1.0 m seconds
testSerialization test is starting...
1.627359680475E12
testSerialization test is finished : execution with 0.0 m seconds
testHashCode test is starting...
1.627359680475E12
testHashCode test is finished : execution with 0.0 m seconds
testEquals test is starting...
1.627359680476E12
testEquals test is finished : execution with 0.0 m seconds
testSerialization test is starting...
1.627359680478E12
testSerialization test is finished : execution with 2.0 m seconds
testCloning test is starting...
1.627359680478E12
testCloning test is finished : execution with 0.0 m seconds
testHashCode test is starting...
1.627359680478E12
testHashCode test is finished : execution with 0.0 m seconds
testEquals test is starting...
1.627359680479E12
testEquals test is finished : execution with 0.0 m seconds
testSerialization test is starting...
1.627359680484E12
testSerialization test is finished : execution with 5.0 m seconds
testCloning test is starting...
1.627359680484E12
testCloning test is finished : execution with 0.0 m seconds
testHashCode test is starting...
1.627359680485E12
testHashCode test is finished : execution with 1.0 m seconds
testEquals test is starting...
1.627359680486E12
testEquals test is finished : execution with 1.0 m seconds
testSetMaximumDate test is starting...
1.627359680487E12
testSetMaximumDate test is finished : execution with 1.0 m seconds
testSerialization test is starting...
1.6273596805E12
testSerialization test is finished : execution with 13.0 m seconds
testPreviousStandardDateHourA test is starting...
1.627359680503E12
testPreviousStandardDateHourA test is finished : execution with 3.0 m seconds
testPreviousStandardDateHourB test is starting...
1.627359680505E12
testPreviousStandardDateHourB test is finished : execution with 2.0 m seconds
testPreviousStandardDateYearA test is starting...
1.627359680507E12
testPreviousStandardDateYearA test is finished : execution with 2.0 m seconds
testPreviousStandardDateYearB test is starting...
1.627359680508E12
testPreviousStandardDateYearB test is finished : execution with 1.0 m seconds
testPreviousStandardDateMonthA test is starting...
1.627359680511E12
testPreviousStandardDateMonthA test is finished : execution with 2.0 m seconds
testPreviousStandardDateMonthB test is starting...
1.627359680513E12
testPreviousStandardDateMonthB test is finished : execution with 2.0 m seconds
testPreviousStandardDateDayA test is starting...
1.627359680515E12
testPreviousStandardDateDayA test is finished : execution with 2.0 m seconds
testPreviousStandardDateDayB test is starting...
1.627359680516E12
testPreviousStandardDateDayB test is finished : execution with 1.0 m seconds
testJava2DToValue test is starting...
1.627359680517E12
testJava2DToValue test is finished : execution with 0.0 m seconds
test1472942 test is starting...
1.627359680519E12
test1472942 test is finished : execution with 2.0 m seconds
testCloning test is starting...
1.62735968052E12
testCloning test is finished : execution with 1.0 m seconds
testHashCode test is starting...
1.627359680521E12
testHashCode test is finished : execution with 1.0 m seconds
testPreviousStandardDateSecondA test is starting...
1.627359680524E12
testPreviousStandardDateSecondA test is finished : execution with 3.0 m seconds
testPreviousStandardDateSecondB test is starting...
1.627359680527E12
testPreviousStandardDateSecondB test is finished : execution with 2.0 m seconds
testEquals test is starting...
1.627359680529E12
testEquals test is finished : execution with 2.0 m seconds
testSetMinimumDate test is starting...
1.62735968053E12
testSetMinimumDate test is finished : execution with 1.0 m seconds
testPreviousStandardDateMillisecondA test is starting...
1.627359680533E12
testPreviousStandardDateMillisecondA test is finished : execution with 3.0 m seconds
testPreviousStandardDateMillisecondB test is starting...
1.627359680535E12
testPreviousStandardDateMillisecondB test is finished : execution with 2.0 m seconds
testSetRange test is starting...
1.627359680536E12
testSetRange test is finished : execution with 1.0 m seconds
testSerialization test is starting...
1.627359680538E12
testSerialization test is finished : execution with 2.0 m seconds
testCloning test is starting...
1.627359680538E12
testCloning test is finished : execution with 0.0 m seconds
testHashCode test is starting...
1.627359680539E12
testHashCode test is finished : execution with 1.0 m seconds
testEquals test is starting...
1.627359680539E12
testEquals test is finished : execution with 0.0 m seconds
testSerialization test is starting...
1.627359680539E12
testSerialization test is finished : execution with 0.0 m seconds
testHashCode test is starting...
1.62735968054E12
testHashCode test is finished : execution with 1.0 m seconds
testEquals test is starting...
1.62735968054E12
testEquals test is finished : execution with 0.0 m seconds
testSerialization test is starting...
1.627359680542E12
testSerialization test is finished : execution with 2.0 m seconds
testHashCode test is starting...
1.627359680543E12
testHashCode test is finished : execution with 0.0 m seconds
testEquals test is starting...
1.627359680543E12
testEquals test is finished : execution with 0.0 m seconds
testSerialization test is starting...
1.627359680545E12
testSerialization test is finished : execution with 1.0 m seconds
testCloning test is starting...
1.627359680546E12
testCloning test is finished : execution with 0.0 m seconds
testHashCode test is starting...
1.627359680546E12
testHashCode test is finished : execution with 0.0 m seconds
testEquals test is starting...
1.627359680546E12
testEquals test is finished : execution with 0.0 m seconds
testCloning2 test is starting...
1.627359680547E12
testCloning2 test is finished : execution with 1.0 m seconds
testSerialization test is starting...
1.627359680549E12
testSerialization test is finished : execution with 2.0 m seconds
testAutoRange1 test is starting...
1.627359680549E12
testAutoRange1 test is finished : execution with 0.0 m seconds
testAutoRange3 test is starting...
1.62735968055E12
testAutoRange3 test is finished : execution with 1.0 m seconds
testSetLowerBound test is starting...
1.62735968055E12
testSetLowerBound test is finished : execution with 0.0 m seconds
testXYAutoRange1 test is starting...
1.627359680551E12
testXYAutoRange1 test is finished : execution with 1.0 m seconds
testXYAutoRange2 test is starting...
1.627359680551E12
testXYAutoRange2 test is finished : execution with 0.0 m seconds
testTranslateJava2DToValue test is starting...
1.627359680552E12
testTranslateJava2DToValue test is finished : execution with 0.0 m seconds
testCloning test is starting...
1.627359680552E12
testCloning test is finished : execution with 0.0 m seconds
testHashCode test is starting...
1.627359680552E12
testHashCode test is finished : execution with 0.0 m seconds
testEquals test is starting...
1.627359680552E12
testEquals test is finished : execution with 0.0 m seconds
testTickMarksVisibleDefault test is starting...
1.627359680553E12
testTickMarksVisibleDefault test is finished : execution with 0.0 m seconds
testSerialization test is starting...
1.627359680556E12
testSerialization test is finished : execution with 3.0 m seconds
testValueToJava2D test is starting...
1.627359680556E12
testValueToJava2D test is finished : execution with 0.0 m seconds
testJava2DToValue test is starting...
1.627359680557E12
testJava2DToValue test is finished : execution with 0.0 m seconds
testSwitchedLog10 test is starting...
1.627359680557E12
testSwitchedLog10 test is finished : execution with 0.0 m seconds
testAdjustedLog10 test is starting...
1.627359680558E12
testAdjustedLog10 test is finished : execution with 1.0 m seconds
testSerialization test is starting...
1.627359680558E12
testSerialization test is finished : execution with 0.0 m seconds
testHashCode test is starting...
1.627359680559E12
testHashCode test is finished : execution with 0.0 m seconds
testEquals test is starting...
1.627359680559E12
testEquals test is finished : execution with 0.0 m seconds
testSerialization test is starting...
1.627359680562E12
testSerialization test is finished : execution with 3.0 m seconds
testCloning test is starting...
1.627359680562E12
testCloning test is finished : execution with 0.0 m seconds
testHashCode test is starting...
1.627359680563E12
testHashCode test is finished : execution with 1.0 m seconds
testEquals test is starting...
1.627359680565E12
testEquals test is finished : execution with 2.0 m seconds
testSerialization test is starting...
1.627359680567E12
testSerialization test is finished : execution with 1.0 m seconds
testAutoRange1 test is starting...
1.627359680567E12
testAutoRange1 test is finished : execution with 0.0 m seconds
testAutoRange2 test is starting...
1.627359680568E12
testAutoRange2 test is finished : execution with 0.0 m seconds
testAutoRange3 test is starting...
1.627359680568E12
testAutoRange3 test is finished : execution with 0.0 m seconds
testAutoRange4 test is starting...
1.627359680569E12
testAutoRange4 test is finished : execution with 1.0 m seconds
testSetLowerBound test is starting...
1.627359680569E12
testSetLowerBound test is finished : execution with 0.0 m seconds
testXYAutoRange1 test is starting...
1.62735968057E12
testXYAutoRange1 test is finished : execution with 1.0 m seconds
testXYAutoRange2 test is starting...
1.62735968057E12
testXYAutoRange2 test is finished : execution with 0.0 m seconds
testTranslateJava2DToValue test is starting...
1.627359680571E12
testTranslateJava2DToValue test is finished : execution with 0.0 m seconds
testCloning test is starting...
1.627359680571E12
testCloning test is finished : execution with 0.0 m seconds
testHashCode test is starting...
1.627359680572E12
testHashCode test is finished : execution with 1.0 m seconds
testEquals test is starting...
1.627359680572E12
testEquals test is finished : execution with 0.0 m seconds
testSerialization test is starting...
1.627359680574E12
testSerialization test is finished : execution with 1.0 m seconds
testSerialization test is starting...
1.627359680575E12
testSerialization test is finished : execution with 1.0 m seconds
testCloning test is starting...
1.627359680575E12
testCloning test is finished : execution with 0.0 m seconds
testHashCode test is starting...
1.627359680575E12
testHashCode test is finished : execution with 0.0 m seconds
testEquals test is starting...
1.627359680576E12
testEquals test is finished : execution with 0.0 m seconds
testSerialization test is starting...
1.627359680583E12
testSerialization test is finished : execution with 7.0 m seconds
testCloning test is starting...
1.627359680584E12
testCloning test is finished : execution with 1.0 m seconds
testHashCode test is starting...
1.627359680584E12
testHashCode test is finished : execution with 0.0 m seconds
testEquals test is starting...
1.627359680585E12
testEquals test is finished : execution with 1.0 m seconds
testSerialization test is starting...
1.627359680588E12
testSerialization test is finished : execution with 2.0 m seconds
testCloning test is starting...
1.627359680588E12
testCloning test is finished : execution with 0.0 m seconds
testHashCode test is starting...
1.627359680589E12
testHashCode test is finished : execution with 0.0 m seconds
testEquals test is starting...
1.627359680589E12
testEquals test is finished : execution with 0.0 m seconds
testSerialization test is starting...
1.627359680591E12
testSerialization test is finished : execution with 2.0 m seconds
testCloning test is starting...
1.627359680591E12
testCloning test is finished : execution with 0.0 m seconds
testHashCode test is starting...
1.627359680591E12
testHashCode test is finished : execution with 0.0 m seconds
testEquals test is starting...
1.627359680592E12
testEquals test is finished : execution with 0.0 m seconds
testMondayThroughFridayIncludedAndExcludedSegments test is starting...
1.627359680595E12
testMondayThroughFridayIncludedAndExcludedSegments test is finished : execution with 3.0 m seconds
testMondayThroughFridayInc test is starting...
1.627359680691E12
testMondayThroughFridayInc test is finished : execution with 96.0 m seconds
testMs2Segment test is starting...
1.627359680691E12
testMs2Segment test is finished : execution with 0.0 m seconds
testMs2IncludedAndExcludedSegments test is starting...
1.627359680694E12
testMs2IncludedAndExcludedSegments test is finished : execution with 2.0 m seconds
testMs2BaseTimelineTranslations test is starting...
1.62735968077E12
testMs2BaseTimelineTranslations test is finished : execution with 76.0 m seconds
testMsExceptionSegments test is starting...
1.627359680771E12
testMsExceptionSegments test is finished : execution with 1.0 m seconds
testMsSegmentedTimeline test is starting...
1.627359680772E12
testMsSegmentedTimeline test is finished : execution with 1.0 m seconds
testSerialization test is starting...
1.627359680775E12
testSerialization test is finished : execution with 3.0 m seconds
testMsInc test is starting...
1.627359680784E12
testMsInc test is finished : execution with 8.0 m seconds
testMsTranslations test is starting...
1.627359680874E12
testMsTranslations test is finished : execution with 90.0 m seconds
testMsSegment test is starting...
1.627359680874E12
testMsSegment test is finished : execution with 0.0 m seconds
testMsIncludedAndExcludedSegments test is starting...
1.627359680876E12
testMsIncludedAndExcludedSegments test is finished : execution with 1.0 m seconds
testBasicSegmentedTimeline test is starting...
1.627359680877E12
testBasicSegmentedTimeline test is finished : execution with 1.0 m seconds
testFifteenMinIncludedAndExcludedSegments test is starting...
1.627359680878E12
testFifteenMinIncludedAndExcludedSegments test is finished : execution with 1.0 m seconds
testMs2Translations test is starting...
1.627359682441E12
testMs2Translations test is finished : execution with 1563.0 m seconds
testSegmentedTimelineWithException1 test is starting...
1.627359682442E12
testSegmentedTimelineWithException1 test is finished : execution with 1.0 m seconds
testFifteenMinExceptionSegments test is starting...
1.627359682445E12
testFifteenMinExceptionSegments test is finished : execution with 3.0 m seconds
testCloning test is starting...
1.627359682446E12
testCloning test is finished : execution with 0.0 m seconds
testFifteenMinSegmentedTimeline test is starting...
1.627359682447E12
testFifteenMinSegmentedTimeline test is finished : execution with 1.0 m seconds
testMondayThroughFridaySegment test is starting...
1.627359682502E12
testMondayThroughFridaySegment test is finished : execution with 55.0 m seconds
testFifteenMinSegment test is starting...
1.627359682505E12
testFifteenMinSegment test is finished : execution with 3.0 m seconds
testHashCode test is starting...
1.627359682506E12
testHashCode test is finished : execution with 1.0 m seconds
testMondayThroughFridaySegmentedTimeline test is starting...
1.627359682506E12
testMondayThroughFridaySegmentedTimeline test is finished : execution with 0.0 m seconds
testMs2SegmentedTimeline test is starting...
1.627359682507E12
testMs2SegmentedTimeline test is finished : execution with 0.0 m seconds
testEquals test is starting...
1.627359682508E12
testEquals test is finished : execution with 1.0 m seconds
testMs2Inc test is starting...
1.627359682518E12
testMs2Inc test is finished : execution with 9.0 m seconds
testSerialization2 test is starting...
1.62735968252E12
testSerialization2 test is finished : execution with 2.0 m seconds
testMs2BaseTimelineExceptionSegments test is starting...
1.627359682521E12
testMs2BaseTimelineExceptionSegments test is finished : execution with 1.0 m seconds
testMondayThoughFridayExceptionSegments test is starting...
1.627359682524E12
testMondayThoughFridayExceptionSegments test is finished : execution with 3.0 m seconds
testFifteenMinInc test is starting...
1.627359682533E12
testFifteenMinInc test is finished : execution with 9.0 m seconds
testFifteenMinTranslations test is starting...
1.627359683442E12
testFifteenMinTranslations test is finished : execution with 909.0 m seconds
test1 test is starting...
1.627359683443E12
test1 test is finished : execution with 1.0 m seconds
test2 test is starting...
1.627359683444E12
test2 test is finished : execution with 1.0 m seconds
test3 test is starting...
1.627359683444E12
test3 test is finished : execution with 0.0 m seconds
test4 test is starting...
1.627359683445E12
test4 test is finished : execution with 0.0 m seconds
test5 test is starting...
1.627359683446E12
test5 test is finished : execution with 1.0 m seconds
test6 test is starting...
1.627359683446E12
test6 test is finished : execution with 0.0 m seconds
test7 test is starting...
1.627359683447E12
test7 test is finished : execution with 0.0 m seconds
test8 test is starting...
1.627359683448E12
test8 test is finished : execution with 1.0 m seconds
testSerialization test is starting...
1.627359683449E12
testSerialization test is finished : execution with 1.0 m seconds
testEquals test is starting...
1.627359683449E12
testEquals test is finished : execution with 0.0 m seconds
testSerialization test is starting...
1.627359683451E12
testSerialization test is finished : execution with 1.0 m seconds
testCloning test is starting...
1.627359683451E12
testCloning test is finished : execution with 0.0 m seconds
testHashCode test is starting...
1.627359683452E12
testHashCode test is finished : execution with 0.0 m seconds
testEquals test is starting...
1.627359683452E12
testEquals test is finished : execution with 0.0 m seconds
testSerialization test is starting...
1.627359683455E12
testSerialization test is finished : execution with 3.0 m seconds
testCloning test is starting...
1.627359683456E12
testCloning test is finished : execution with 0.0 m seconds
testEquals test is starting...
1.627359683457E12
testEquals test is finished : execution with 1.0 m seconds
testSerialization test is starting...
1.627359683458E12
testSerialization test is finished : execution with 0.0 m seconds
testCloning test is starting...
1.627359683459E12
testCloning test is finished : execution with 1.0 m seconds
testEquals test is starting...
1.627359683459E12
testEquals test is finished : execution with 0.0 m seconds
testAxisMargins test is starting...
1.62735968346E12
testAxisMargins test is finished : execution with 1.0 m seconds
testCloning test is starting...
1.62735968346E12
testCloning test is finished : execution with 0.0 m seconds
testEquals test is starting...
1.627359683462E12
testEquals test is finished : execution with 2.0 m seconds
Tests run: 178, Failures: 0, Errors: 0, Skipped: 0, Time elapsed: 3.005 sec - in org.jfree.chart.axis.junit.AxisPackageTests
Running org.jfree.chart.labels.junit.LabelsPackageTests
testSerialization test is starting...
1.627359683465E12
testSerialization test is finished : execution with 1.0 m seconds
testCloning test is starting...
1.627359683466E12
testCloning test is finished : execution with 0.0 m seconds
testEquals test is starting...
1.627359683466E12
testEquals test is finished : execution with 0.0 m seconds
testSerialization test is starting...
1.627359683467E12
testSerialization test is finished : execution with 1.0 m seconds
testCloning test is starting...
1.627359683467E12
testCloning test is finished : execution with 0.0 m seconds
testEquals test is starting...
1.627359683468E12
testEquals test is finished : execution with 1.0 m seconds
testSerialization test is starting...
1.627359683469E12
testSerialization test is finished : execution with 1.0 m seconds
testGenerateLabel test is starting...
1.62735968347E12
testGenerateLabel test is finished : execution with 0.0 m seconds
testCloning test is starting...
1.62735968347E12
testCloning test is finished : execution with 0.0 m seconds
testEquals test is starting...
1.627359683471E12
testEquals test is finished : execution with 1.0 m seconds
testSerialization test is starting...
1.627359683472E12
testSerialization test is finished : execution with 1.0 m seconds
testCloning test is starting...
1.627359683472E12
testCloning test is finished : execution with 0.0 m seconds
testSerialization test is starting...
1.627359683475E12
testSerialization test is finished : execution with 2.0 m seconds
testCloning test is starting...
1.627359683475E12
testCloning test is finished : execution with 0.0 m seconds
testEquals test is starting...
1.627359683476E12
testEquals test is finished : execution with 0.0 m seconds
testSerialization test is starting...
1.627359683479E12
testSerialization test is finished : execution with 3.0 m seconds
testCloning test is starting...
1.627359683479E12
testCloning test is finished : execution with 0.0 m seconds
testEquals test is starting...
1.62735968348E12
testEquals test is finished : execution with 1.0 m seconds
testSerialization test is starting...
1.62735968348E12
testSerialization test is finished : execution with 0.0 m seconds
testEquals test is starting...
1.62735968348E12
testEquals test is finished : execution with 0.0 m seconds
testSerialization test is starting...
1.627359683481E12
testSerialization test is finished : execution with 1.0 m seconds
testEquals test is starting...
1.627359683481E12
testEquals test is finished : execution with 0.0 m seconds
testSerialization test is starting...
1.627359683482E12
testSerialization test is finished : execution with 1.0 m seconds
testCloning test is starting...
1.627359683482E12
testCloning test is finished : execution with 0.0 m seconds
testEquals test is starting...
1.627359683483E12
testEquals test is finished : execution with 0.0 m seconds
testSerialization test is starting...
1.627359683485E12
testSerialization test is finished : execution with 2.0 m seconds
testGenerateLabel test is starting...
1.627359683486E12
testGenerateLabel test is finished : execution with 1.0 m seconds
testCloning test is starting...
1.627359683486E12
testCloning test is finished : execution with 0.0 m seconds
testEquals1481087 test is starting...
1.627359683486E12
testEquals1481087 test is finished : execution with 0.0 m seconds
testEquals test is starting...
1.627359683487E12
testEquals test is finished : execution with 1.0 m seconds
testSerialization test is starting...
1.627359683487E12
testSerialization test is finished : execution with 0.0 m seconds
testGenerateLabel test is starting...
1.627359683487E12
testGenerateLabel test is finished : execution with 0.0 m seconds
testCloning test is starting...
1.627359683487E12
testCloning test is finished : execution with 0.0 m seconds
testEquals test is starting...
1.627359683488E12
testEquals test is finished : execution with 0.0 m seconds
testSerialization test is starting...
1.62735968349E12
testSerialization test is finished : execution with 2.0 m seconds
testCloning test is starting...
1.62735968349E12
testCloning test is finished : execution with 0.0 m seconds
testEquals1481087 test is starting...
1.627359683491E12
testEquals1481087 test is finished : execution with 0.0 m seconds
testEquals test is starting...
1.627359683491E12
testEquals test is finished : execution with 0.0 m seconds
testSerialization test is starting...
1.627359683492E12
testSerialization test is finished : execution with 1.0 m seconds
testCloning test is starting...
1.627359683492E12
testCloning test is finished : execution with 0.0 m seconds
testEquals test is starting...
1.627359683493E12
testEquals test is finished : execution with 1.0 m seconds
testSerialization test is starting...
1.627359683493E12
testSerialization test is finished : execution with 0.0 m seconds
testCloning test is starting...
1.627359683494E12
testCloning test is finished : execution with 1.0 m seconds
testEquals test is starting...
1.627359683494E12
testEquals test is finished : execution with 0.0 m seconds
testSerialization test is starting...
1.627359683495E12
testSerialization test is finished : execution with 1.0 m seconds
testCloning test is starting...
1.627359683496E12
testCloning test is finished : execution with 1.0 m seconds
testEquals test is starting...
1.627359683497E12
testEquals test is finished : execution with 1.0 m seconds
testSerialization test is starting...
1.627359683497E12
testSerialization test is finished : execution with 0.0 m seconds
testGenerateLabel test is starting...
1.627359683497E12
testGenerateLabel test is finished : execution with 0.0 m seconds
testCloning test is starting...
1.627359683498E12
testCloning test is finished : execution with 1.0 m seconds
testEquals test is starting...
1.627359683498E12
testEquals test is finished : execution with 0.0 m seconds
testSerialization test is starting...
1.627359683498E12
testSerialization test is finished : execution with 0.0 m seconds
testCloning test is starting...
1.627359683499E12
testCloning test is finished : execution with 0.0 m seconds
testEquals test is starting...
1.627359683499E12
testEquals test is finished : execution with 0.0 m seconds
testSerialization test is starting...
1.627359683501E12
testSerialization test is finished : execution with 1.0 m seconds
testCloning test is starting...
1.627359683501E12
testCloning test is finished : execution with 0.0 m seconds
testEquals test is starting...
1.627359683502E12
testEquals test is finished : execution with 0.0 m seconds
testSerialization test is starting...
1.627359683504E12
testSerialization test is finished : execution with 2.0 m seconds
testCloning test is starting...
1.627359683504E12
testCloning test is finished : execution with 0.0 m seconds
testEquals test is starting...
1.627359683504E12
testEquals test is finished : execution with 0.0 m seconds
Tests run: 60, Failures: 0, Errors: 0, Skipped: 0, Time elapsed: 0.027 sec - in org.jfree.chart.labels.junit.LabelsPackageTests
Running org.jfree.data.junit.DataPackageTests
testSerialization test is starting...
1.627359683508E12
testSerialization test is finished : execution with 2.0 m seconds
testCompareTo test is starting...
1.627359683508E12
testCompareTo test is finished : execution with 0.0 m seconds
testCloning test is starting...
1.627359683509E12
testCloning test is finished : execution with 1.0 m seconds
testEquals test is starting...
1.627359683509E12
testEquals test is finished : execution with 0.0 m seconds
testConstructor test is starting...
1.627359683509E12
testConstructor test is finished : execution with 0.0 m seconds
testSerialization test is starting...
1.627359683513E12
testSerialization test is finished : execution with 3.0 m seconds
testConstructor1 test is starting...
1.627359683514E12
testConstructor1 test is finished : execution with 0.0 m seconds
testCloning test is starting...
1.627359683514E12
testCloning test is finished : execution with 0.0 m seconds
testHashCode test is starting...
1.627359683515E12
testHashCode test is finished : execution with 0.0 m seconds
testEquals test is starting...
1.627359683515E12
testEquals test is finished : execution with 0.0 m seconds
testCreateNumberArray2D test is starting...
1.627359683516E12
testCreateNumberArray2D test is finished : execution with 0.0 m seconds
testCalculateColumnTotal test is starting...
1.627359683516E12
testCalculateColumnTotal test is finished : execution with 0.0 m seconds
testCalculateRowTotal test is starting...
1.627359683517E12
testCalculateRowTotal test is finished : execution with 0.0 m seconds
testSerialization test is starting...
1.627359683519E12
testSerialization test is finished : execution with 2.0 m seconds
testCloning test is starting...
1.62735968352E12
testCloning test is finished : execution with 0.0 m seconds
testEquals test is starting...
1.62735968352E12
testEquals test is finished : execution with 0.0 m seconds
testGetIndex test is starting...
1.627359683521E12
testGetIndex test is finished : execution with 1.0 m seconds
testGetValue test is starting...
1.627359683522E12
testGetValue test is finished : execution with 1.0 m seconds
testSerialization test is starting...
1.627359683522E12
testSerialization test is finished : execution with 0.0 m seconds
testClear test is starting...
1.627359683523E12
testClear test is finished : execution with 0.0 m seconds
testGetItemCount test is starting...
1.627359683524E12
testGetItemCount test is finished : execution with 1.0 m seconds
testSortByKeyDescending test is starting...
1.627359683525E12
testSortByKeyDescending test is finished : execution with 1.0 m seconds
testRemoveValue test is starting...
1.627359683526E12
testRemoveValue test is finished : execution with 1.0 m seconds
testInsertValue test is starting...
1.627359683526E12
testInsertValue test is finished : execution with 0.0 m seconds
testAddValue test is starting...
1.627359683527E12
testAddValue test is finished : execution with 1.0 m seconds
testGetKeys test is starting...
1.627359683527E12
testGetKeys test is finished : execution with 0.0 m seconds
testSortByKeyAscending test is starting...
1.627359683528E12
testSortByKeyAscending test is finished : execution with 1.0 m seconds
testSortByValueAscending test is starting...
1.627359683528E12
testSortByValueAscending test is finished : execution with 0.0 m seconds
testSortByValueDescending test is starting...
1.627359683529E12
testSortByValueDescending test is finished : execution with 1.0 m seconds
testCloning test is starting...
1.627359683529E12
testCloning test is finished : execution with 0.0 m seconds
testGetIndex2 test is starting...
1.627359683529E12
testGetIndex2 test is finished : execution with 0.0 m seconds
testInsertAndRetrieve test is starting...
1.62735968353E12
testInsertAndRetrieve test is finished : execution with 0.0 m seconds
testGetKey test is starting...
1.62735968353E12
testGetKey test is finished : execution with 0.0 m seconds
testConstructor test is starting...
1.627359683531E12
testConstructor test is finished : execution with 0.0 m seconds
testGetValue test is starting...
1.627359683531E12
testGetValue test is finished : execution with 0.0 m seconds
testColumnCount test is starting...
1.627359683532E12
testColumnCount test is finished : execution with 0.0 m seconds
testSerialization test is starting...
1.627359683533E12
testSerialization test is finished : execution with 1.0 m seconds
testRemoveValueBug1690654 test is starting...
1.627359683533E12
testRemoveValueBug1690654 test is finished : execution with 0.0 m seconds
testGetColumnKey test is starting...
1.627359683534E12
testGetColumnKey test is finished : execution with 0.0 m seconds
testRemoveColumnByKey test is starting...
1.627359683534E12
testRemoveColumnByKey test is finished : execution with 0.0 m seconds
testRemoveValue test is starting...
1.627359683535E12
testRemoveValue test is finished : execution with 0.0 m seconds
testCloning test is starting...
1.627359683535E12
testCloning test is finished : execution with 0.0 m seconds
testRowCount test is starting...
1.627359683536E12
testRowCount test is finished : execution with 0.0 m seconds
testEquals test is starting...
1.627359683536E12
testEquals test is finished : execution with 0.0 m seconds
testGetRowKey test is starting...
1.627359683537E12
testGetRowKey test is finished : execution with 1.0 m seconds
testGetValue2 test is starting...
1.627359683537E12
testGetValue2 test is finished : execution with 0.0 m seconds
testSparsePopulation test is starting...
1.627359683538E12
testSparsePopulation test is finished : execution with 1.0 m seconds
testRemoveRow test is starting...
1.627359683538E12
testRemoveRow test is finished : execution with 0.0 m seconds
testSerialization test is starting...
1.627359683539E12
testSerialization test is finished : execution with 1.0 m seconds
testHashCode test is starting...
1.627359683539E12
testHashCode test is finished : execution with 0.0 m seconds
testEquals test is starting...
1.62735968354E12
testEquals test is finished : execution with 0.0 m seconds
testSerialization test is starting...
1.627359683541E12
testSerialization test is finished : execution with 1.0 m seconds
testCloning test is starting...
1.627359683541E12
testCloning test is finished : execution with 0.0 m seconds
testEquals test is starting...
1.627359683542E12
testEquals test is finished : execution with 0.0 m seconds
testCloning2 test is starting...
1.627359683542E12
testCloning2 test is finished : execution with 0.0 m seconds
testGetIndex test is starting...
1.627359683543E12
testGetIndex test is finished : execution with 1.0 m seconds
testSerialization test is starting...
1.627359683544E12
testSerialization test is finished : execution with 1.0 m seconds
testRemoveValue test is starting...
1.627359683544E12
testRemoveValue test is finished : execution with 0.0 m seconds
testRemoveValueInt test is starting...
1.627359683545E12
testRemoveValueInt test is finished : execution with 0.0 m seconds
testCloning test is starting...
1.627359683545E12
testCloning test is finished : execution with 0.0 m seconds
testSetObject test is starting...
1.627359683546E12
testSetObject test is finished : execution with 1.0 m seconds
testInsertAndRetrieve test is starting...
1.627359683546E12
testInsertAndRetrieve test is finished : execution with 0.0 m seconds
testGetObject test is starting...
1.627359683547E12
testGetObject test is finished : execution with 1.0 m seconds
testGetKey test is starting...
1.627359683547E12
testGetKey test is finished : execution with 0.0 m seconds
testCloning2 test is starting...
1.627359683547E12
testCloning2 test is finished : execution with 0.0 m seconds
testGetValueByIndex test is starting...
1.627359683548E12
testGetValueByIndex test is finished : execution with 0.0 m seconds
testSerialization test is starting...
1.627359683549E12
testSerialization test is finished : execution with 1.0 m seconds
testRemoveColumnByKey test is starting...
1.62735968355E12
testRemoveColumnByKey test is finished : execution with 1.0 m seconds
testRemoveValue test is starting...
1.62735968355E12
testRemoveValue test is finished : execution with 0.0 m seconds
testRemoveRowByIndex test is starting...
1.627359683551E12
testRemoveRowByIndex test is finished : execution with 1.0 m seconds
testGetValueByKey test is starting...
1.627359683551E12
testGetValueByKey test is finished : execution with 0.0 m seconds
testRemoveColumnByIndex test is starting...
1.627359683551E12
testRemoveColumnByIndex test is finished : execution with 0.0 m seconds
testCloning test is starting...
1.627359683552E12
testCloning test is finished : execution with 0.0 m seconds
testSetObject test is starting...
1.627359683552E12
testSetObject test is finished : execution with 0.0 m seconds
testEquals test is starting...
1.627359683553E12
testEquals test is finished : execution with 1.0 m seconds
testRemoveRowByKey test is starting...
1.627359683553E12
testRemoveRowByKey test is finished : execution with 0.0 m seconds
testGetGroup test is starting...
1.627359683553E12
testGetGroup test is finished : execution with 0.0 m seconds
testSerialization test is starting...
1.627359683554E12
testSerialization test is finished : execution with 0.0 m seconds
testGetGroupIndex test is starting...
1.627359683554E12
testGetGroupIndex test is finished : execution with 0.0 m seconds
testCloning test is starting...
1.627359683555E12
testCloning test is finished : execution with 0.0 m seconds
testGroupCount test is starting...
1.627359683556E12
testGroupCount test is finished : execution with 1.0 m seconds
testKeyCount test is starting...
1.627359683556E12
testKeyCount test is finished : execution with 0.0 m seconds
testEquals test is starting...
1.627359683556E12
testEquals test is finished : execution with 0.0 m seconds
testMapKeyToGroup test is starting...
1.627359683557E12
testMapKeyToGroup test is finished : execution with 0.0 m seconds
testSerialization test is starting...
1.627359683557E12
testSerialization test is finished : execution with 0.0 m seconds
testContains test is starting...
1.627359683558E12
testContains test is finished : execution with 1.0 m seconds
testConstrain test is starting...
1.627359683558E12
testConstrain test is finished : execution with 0.0 m seconds
testEquals test is starting...
1.627359683558E12
testEquals test is finished : execution with 0.0 m seconds
testExpand test is starting...
1.627359683559E12
testExpand test is finished : execution with 1.0 m seconds
testIntersects test is starting...
1.627359683559E12
testIntersects test is finished : execution with 0.0 m seconds
testSerialization test is starting...
1.627359683559E12
testSerialization test is finished : execution with 0.0 m seconds
testHashCode test is starting...
1.62735968356E12
testHashCode test is finished : execution with 0.0 m seconds
testEquals test is starting...
1.62735968356E12
testEquals test is finished : execution with 0.0 m seconds
Tests run: 93, Failures: 0, Errors: 0, Skipped: 0, Time elapsed: 0.051 sec - in org.jfree.data.junit.DataPackageTests
Running org.jfree.data.general.junit.DataGeneralPackageTests
testSerialization test is starting...
1.627359683562E12
testSerialization test is finished : execution with 1.0 m seconds
testFindStackedRangeBoundsForTableXYDataset1 test is starting...
1.627359683562E12
testFindStackedRangeBoundsForTableXYDataset1 test is finished : execution with 0.0 m seconds
testFindStackedRangeBoundsForTableXYDataset2 test is starting...
1.627359683562E12
testFindStackedRangeBoundsForTableXYDataset2 test is finished : execution with 0.0 m seconds
testLimitPieDataset test is starting...
1.627359683563E12
testLimitPieDataset test is finished : execution with 0.0 m seconds
testIterateRangeBounds test is starting...
1.627359683563E12
testIterateRangeBounds test is finished : execution with 0.0 m seconds
testIterateCategoryRangeBounds test is starting...
1.627359683564E12
testIterateCategoryRangeBounds test is finished : execution with 0.0 m seconds
testMaximumStackedRangeValue test is starting...
1.627359683564E12
testMaximumStackedRangeValue test is finished : execution with 0.0 m seconds
testFindRangeBounds1 test is starting...
1.627359683565E12
testFindRangeBounds1 test is finished : execution with 1.0 m seconds
testFindRangeBounds2 test is starting...
1.627359683565E12
testFindRangeBounds2 test is finished : execution with 0.0 m seconds
testIterateRangeBounds2 test is starting...
1.627359683565E12
testIterateRangeBounds2 test is finished : execution with 0.0 m seconds
testCumulativeRange1 test is starting...
1.627359683566E12
testCumulativeRange1 test is finished : execution with 0.0 m seconds
testCumulativeRange2 test is starting...
1.627359683566E12
testCumulativeRange2 test is finished : execution with 0.0 m seconds
testJava test is starting...
1.627359683567E12
testJava test is finished : execution with 0.0 m seconds
testFindMinimumRangeValue test is starting...
1.627359683567E12
testFindMinimumRangeValue test is finished : execution with 0.0 m seconds
testFindMaximumDomainValue test is starting...
1.627359683568E12
testFindMaximumDomainValue test is finished : execution with 1.0 m seconds
testStackedRangeWithMap test is starting...
1.627359683568E12
testStackedRangeWithMap test is finished : execution with 0.0 m seconds
testFindStackedRangeBoundsForCategoryDataset1 test is starting...
1.627359683568E12
testFindStackedRangeBoundsForCategoryDataset1 test is finished : execution with 0.0 m seconds
testFindStackedRangeBoundsForCategoryDataset2 test is starting...
1.627359683569E12
testFindStackedRangeBoundsForCategoryDataset2 test is finished : execution with 0.0 m seconds
testIsEmptyOrNullXYDataset test is starting...
1.627359683569E12
testIsEmptyOrNullXYDataset test is finished : execution with 0.0 m seconds
test803660 test is starting...
1.627359683569E12
test803660 test is finished : execution with 0.0 m seconds
testFindMaximumRangeValue test is starting...
1.62735968357E12
testFindMaximumRangeValue test is finished : execution with 0.0 m seconds
testMinMaxRange test is starting...
1.62735968357E12
testMinMaxRange test is finished : execution with 0.0 m seconds
testCalculatePieDatasetTotal test is starting...
1.627359683571E12
testCalculatePieDatasetTotal test is finished : execution with 0.0 m seconds
testFindDomainBounds test is starting...
1.627359683571E12
testFindDomainBounds test is finished : execution with 0.0 m seconds
testCreateCategoryDataset1 test is starting...
1.627359683571E12
testCreateCategoryDataset1 test is finished : execution with 0.0 m seconds
testCreateCategoryDataset2 test is starting...
1.627359683572E12
testCreateCategoryDataset2 test is finished : execution with 0.0 m seconds
testIterateDomainBounds test is starting...
1.627359683572E12
testIterateDomainBounds test is finished : execution with 0.0 m seconds
testFindMinimumDomainValue test is starting...
1.627359683573E12
testFindMinimumDomainValue test is finished : execution with 1.0 m seconds
testSerialization test is starting...
1.627359683575E12
testSerialization test is finished : execution with 2.0 m seconds
testCloneIndependence test is starting...
1.627359683575E12
testCloneIndependence test is finished : execution with 0.0 m seconds
testCloning test is starting...
1.627359683575E12
testCloning test is finished : execution with 0.0 m seconds
testEquals test is starting...
1.627359683576E12
testEquals test is finished : execution with 0.0 m seconds
testSerialization test is starting...
1.627359683578E12
testSerialization test is finished : execution with 2.0 m seconds
testCloning test is starting...
1.627359683578E12
testCloning test is finished : execution with 0.0 m seconds
testSerialization test is starting...
1.62735968358E12
testSerialization test is finished : execution with 2.0 m seconds
testCloning test is starting...
1.62735968358E12
testCloning test is finished : execution with 0.0 m seconds
testGetIndex test is starting...
1.627359683581E12
testGetIndex test is finished : execution with 0.0 m seconds
testSerialization test is starting...
1.627359683581E12
testSerialization test is finished : execution with 0.0 m seconds
testClear test is starting...
1.627359683582E12
testClear test is finished : execution with 0.0 m seconds
testCloning test is starting...
1.627359683582E12
testCloning test is finished : execution with 0.0 m seconds
testGetKey test is starting...
1.627359683583E12
testGetKey test is finished : execution with 1.0 m seconds
Tests run: 41, Failures: 0, Errors: 0, Skipped: 0, Time elapsed: 0.016 sec - in org.jfree.data.general.junit.DataGeneralPackageTests
Running org.jfree.data.statistics.junit.DataStatisticsPackageTests
testCalculateQ1 test is starting...
1.627359683586E12
testCalculateQ1 test is finished : execution with 0.0 m seconds
testCalculateQ3 test is starting...
1.627359683586E12
testCalculateQ3 test is finished : execution with 0.0 m seconds
testCalculateBoxAndWhiskerStatistics test is starting...
1.627359683587E12
testCalculateBoxAndWhiskerStatistics test is finished : execution with 0.0 m seconds
test1593149 test is starting...
1.627359683587E12
test1593149 test is finished : execution with 0.0 m seconds
testSerialization test is starting...
1.627359683588E12
testSerialization test is finished : execution with 1.0 m seconds
testEquals test is starting...
1.627359683589E12
testEquals test is finished : execution with 0.0 m seconds
testSerialization test is starting...
1.62735968359E12
testSerialization test is finished : execution with 1.0 m seconds
testAdd test is starting...
1.627359683591E12
testAdd test is finished : execution with 0.0 m seconds
testAddUpdatesCachedRange test is starting...
1.627359683591E12
testAddUpdatesCachedRange test is finished : execution with 0.0 m seconds
test1701822 test is starting...
1.627359683592E12
test1701822 test is finished : execution with 1.0 m seconds
testCloning test is starting...
1.627359683592E12
testCloning test is finished : execution with 0.0 m seconds
testGetRangeBounds test is starting...
1.627359683592E12
testGetRangeBounds test is finished : execution with 0.0 m seconds
testEquals test is starting...
1.627359683593E12
testEquals test is finished : execution with 0.0 m seconds
testRemove test is starting...
1.627359683593E12
testRemove test is finished : execution with 0.0 m seconds
testConstructor test is starting...
1.627359683593E12
testConstructor test is finished : execution with 0.0 m seconds
testGetValue test is starting...
1.627359683595E12
testGetValue test is finished : execution with 1.0 m seconds
testSerialization test is starting...
1.627359683596E12
testSerialization test is finished : execution with 1.0 m seconds
testAddValue test is starting...
1.627359683596E12
testAddValue test is finished : execution with 0.0 m seconds
testCloning test is starting...
1.627359683597E12
testCloning test is finished : execution with 0.0 m seconds
testEquals test is starting...
1.627359683597E12
testEquals test is finished : execution with 0.0 m seconds
testGetRowCount test is starting...
1.627359683598E12
testGetRowCount test is finished : execution with 1.0 m seconds
testGetColumnCount test is starting...
1.627359683598E12
testGetColumnCount test is finished : execution with 0.0 m seconds
testGetValue2 test is starting...
1.627359683598E12
testGetValue2 test is finished : execution with 0.0 m seconds
testAdd test is starting...
1.627359683599E12
testAdd test is finished : execution with 1.0 m seconds
testCloning test is starting...
1.627359683599E12
testCloning test is finished : execution with 0.0 m seconds
testGetRangeLowerBound test is starting...
1.627359683599E12
testGetRangeLowerBound test is finished : execution with 0.0 m seconds
testGetRangeBounds2 test is starting...
1.6273596836E12
testGetRangeBounds2 test is finished : execution with 1.0 m seconds
testGetRangeBounds test is starting...
1.6273596836E12
testGetRangeBounds test is finished : execution with 0.0 m seconds
testEquals test is starting...
1.6273596836E12
testEquals test is finished : execution with 0.0 m seconds
testSerialization1 test is starting...
1.627359683602E12
testSerialization1 test is finished : execution with 2.0 m seconds
testSerialization2 test is starting...
1.627359683603E12
testSerialization2 test is finished : execution with 0.0 m seconds
testRemove test is starting...
1.627359683603E12
testRemove test is finished : execution with 0.0 m seconds
testGetRangeUpperBound test is starting...
1.627359683604E12
testGetRangeUpperBound test is finished : execution with 0.0 m seconds
testSerialization test is starting...
1.627359683605E12
testSerialization test is finished : execution with 1.0 m seconds
testCloning test is starting...
1.627359683605E12
testCloning test is finished : execution with 0.0 m seconds
testEquals test is starting...
1.627359683605E12
testEquals test is finished : execution with 0.0 m seconds
testSerialization test is starting...
1.627359683608E12
testSerialization test is finished : execution with 2.0 m seconds
testBins test is starting...
1.627359683609E12
testBins test is finished : execution with 1.0 m seconds
test1553088 test is starting...
1.627359683609E12
test1553088 test is finished : execution with 0.0 m seconds
testBinBoundaries test is starting...
1.62735968361E12
testBinBoundaries test is finished : execution with 1.0 m seconds
testGetSeriesKey test is starting...
1.62735968361E12
testGetSeriesKey test is finished : execution with 0.0 m seconds
testCloning test is starting...
1.62735968361E12
testCloning test is finished : execution with 0.0 m seconds
testAddSeries test is starting...
1.62735968361E12
testAddSeries test is finished : execution with 0.0 m seconds
testEquals test is starting...
1.627359683611E12
testEquals test is finished : execution with 0.0 m seconds
testSerialization test is starting...
1.627359683611E12
testSerialization test is finished : execution with 0.0 m seconds
testCloning test is starting...
1.627359683612E12
testCloning test is finished : execution with 1.0 m seconds
testEquals test is starting...
1.627359683612E12
testEquals test is finished : execution with 0.0 m seconds
testPowerRegression1a test is starting...
1.627359683613E12
testPowerRegression1a test is finished : execution with 1.0 m seconds
testPowerRegression1b test is starting...
1.627359683613E12
testPowerRegression1b test is finished : execution with 0.0 m seconds
testPowerRegression2a test is starting...
1.627359683613E12
testPowerRegression2a test is finished : execution with 0.0 m seconds
testPowerRegression2b test is starting...
1.627359683614E12
testPowerRegression2b test is finished : execution with 0.0 m seconds
testOLSRegression1a test is starting...
1.627359683614E12
testOLSRegression1a test is finished : execution with 0.0 m seconds
testOLSRegression1b test is starting...
1.627359683614E12
testOLSRegression1b test is finished : execution with 0.0 m seconds
testOLSRegression2a test is starting...
1.627359683615E12
testOLSRegression2a test is finished : execution with 0.0 m seconds
testOLSRegression2b test is starting...
1.627359683615E12
testOLSRegression2b test is finished : execution with 0.0 m seconds
testAccepts test is starting...
1.627359683616E12
testAccepts test is finished : execution with 1.0 m seconds
testSerialization test is starting...
1.627359683617E12
testSerialization test is finished : execution with 1.0 m seconds
testOverlapsWidth test is starting...
1.627359683617E12
testOverlapsWidth test is finished : execution with 0.0 m seconds
testCloning test is starting...
1.627359683617E12
testCloning test is finished : execution with 0.0 m seconds
testEquals test is starting...
1.627359683618E12
testEquals test is finished : execution with 0.0 m seconds
testRemoveAllBins test is starting...
1.627359683619E12
testRemoveAllBins test is finished : execution with 1.0 m seconds
testSerialization test is starting...
1.62735968362E12
testSerialization test is finished : execution with 1.0 m seconds
testClearObservations test is starting...
1.62735968362E12
testClearObservations test is finished : execution with 0.0 m seconds
testCloning test is starting...
1.62735968362E12
testCloning test is finished : execution with 0.0 m seconds
testEquals test is starting...
1.627359683621E12
testEquals test is finished : execution with 0.0 m seconds
testCalculateMean_Array test is starting...
1.627359683621E12
testCalculateMean_Array test is finished : execution with 0.0 m seconds
testCorrelation1 test is starting...
1.627359683621E12
testCorrelation1 test is finished : execution with 0.0 m seconds
testCorrelation2 test is starting...
1.627359683622E12
testCorrelation2 test is finished : execution with 1.0 m seconds
testCalculateMedian test is starting...
1.627359683622E12
testCalculateMedian test is finished : execution with 0.0 m seconds
testCalculateMean_Collection test is starting...
1.627359683622E12
testCalculateMean_Collection test is finished : execution with 0.0 m seconds
testCalculateMedian1 test is starting...
1.627359683623E12
testCalculateMedian1 test is finished : execution with 1.0 m seconds
testCalculateMedian2 test is starting...
1.627359683623E12
testCalculateMedian2 test is finished : execution with 0.0 m seconds
testCalculateMedian3 test is starting...
1.627359683623E12
testCalculateMedian3 test is finished : execution with 0.0 m seconds
testCalculateMedian4 test is starting...
1.627359683623E12
testCalculateMedian4 test is finished : execution with 0.0 m seconds
testCalculateMedian5 test is starting...
1.627359683624E12
testCalculateMedian5 test is finished : execution with 0.0 m seconds
testCalculateMedian6 test is starting...
1.627359683624E12
testCalculateMedian6 test is finished : execution with 0.0 m seconds
testGetStdDev test is starting...
1.627359683625E12
testGetStdDev test is finished : execution with 1.0 m seconds
Tests run: 77, Failures: 0, Errors: 0, Skipped: 0, Time elapsed: 0.039 sec - in org.jfree.data.statistics.junit.DataStatisticsPackageTests
Running org.jfree.data.time.junit.DataTimePackageTests
testSerialization test is starting...
1.627359683628E12
testSerialization test is finished : execution with 0.0 m seconds
testClone test is starting...
1.627359683628E12
testClone test is finished : execution with 0.0 m seconds
testEquals test is starting...
1.627359683628E12
testEquals test is finished : execution with 0.0 m seconds
testGetFirstMillisecondWithCalendar test is starting...
1.627359683629E12
testGetFirstMillisecondWithCalendar test is finished : execution with 0.0 m seconds
testGetStart test is starting...
1.62735968363E12
testGetStart test is finished : execution with 1.0 m seconds
testSerialization test is starting...
1.62735968363E12
testSerialization test is finished : execution with 0.0 m seconds
testNext test is starting...
1.627359683631E12
testNext test is finished : execution with 0.0 m seconds
test31Dec9999Next test is starting...
1.627359683632E12
test31Dec9999Next test is finished : execution with 1.0 m seconds
testGetLastMillisecondWithCalendar test is starting...
1.627359683632E12
testGetLastMillisecondWithCalendar test is finished : execution with 0.0 m seconds
testEqualsSelf test is starting...
1.627359683632E12
testEqualsSelf test is finished : execution with 0.0 m seconds
testDateConstructor1 test is starting...
1.627359683633E12
testDateConstructor1 test is finished : execution with 1.0 m seconds
testDateConstructor2 test is starting...
1.627359683633E12
testDateConstructor2 test is finished : execution with 0.0 m seconds
test1Jan1900Next test is starting...
1.627359683634E12
test1Jan1900Next test is finished : execution with 1.0 m seconds
test31Dec9999Previous test is starting...
1.627359683634E12
test31Dec9999Previous test is finished : execution with 0.0 m seconds
testGetFirstMillisecond test is starting...
1.627359683634E12
testGetFirstMillisecond test is finished : execution with 0.0 m seconds
testGetFirstMillisecondWithTimeZone test is starting...
1.627359683635E12
testGetFirstMillisecondWithTimeZone test is finished : execution with 0.0 m seconds
test1Jan1900Previous test is starting...
1.627359683635E12
test1Jan1900Previous test is finished : execution with 0.0 m seconds
testNotCloneable test is starting...
1.627359683635E12
testNotCloneable test is finished : execution with 0.0 m seconds
testHashcode test is starting...
1.627359683636E12
testHashcode test is finished : execution with 0.0 m seconds
testGetSerialIndex test is starting...
1.627359683636E12
testGetSerialIndex test is finished : execution with 0.0 m seconds
testEquals test is starting...
1.627359683637E12
testEquals test is finished : execution with 1.0 m seconds
testGetEnd test is starting...
1.627359683637E12
testGetEnd test is finished : execution with 0.0 m seconds
testParseDay test is starting...
1.627359683638E12
testParseDay test is finished : execution with 1.0 m seconds
testGetLastMillisecond test is starting...
1.627359683638E12
testGetLastMillisecond test is finished : execution with 0.0 m seconds
testGetLastMillisecondWithTimeZone test is starting...
1.627359683638E12
testGetLastMillisecondWithTimeZone test is finished : execution with 0.0 m seconds
testSerialization test is starting...
1.627359683639E12
testSerialization test is finished : execution with 1.0 m seconds
testNotCloneable test is starting...
1.62735968364E12
testNotCloneable test is finished : execution with 1.0 m seconds
testHashcode test is starting...
1.62735968364E12
testHashcode test is finished : execution with 0.0 m seconds
testGetFirstMillisecondWithCalendar test is starting...
1.62735968364E12
testGetFirstMillisecondWithCalendar test is finished : execution with 0.0 m seconds
testLastHourPrevious test is starting...
1.627359683641E12
testLastHourPrevious test is finished : execution with 1.0 m seconds
testGetStart test is starting...
1.627359683641E12
testGetStart test is finished : execution with 0.0 m seconds
testSerialization test is starting...
1.627359683642E12
testSerialization test is finished : execution with 0.0 m seconds
testParseHour test is starting...
1.627359683642E12
testParseHour test is finished : execution with 0.0 m seconds
testNext test is starting...
1.627359683643E12
testNext test is finished : execution with 0.0 m seconds
testLastHourNext test is starting...
1.627359683644E12
testLastHourNext test is finished : execution with 1.0 m seconds
testFirstHourPrevious test is starting...
1.627359683644E12
testFirstHourPrevious test is finished : execution with 0.0 m seconds
testFirstHourNext test is starting...
1.627359683644E12
testFirstHourNext test is finished : execution with 0.0 m seconds
testGetLastMillisecondWithCalendar test is starting...
1.627359683645E12
testGetLastMillisecondWithCalendar test is finished : execution with 1.0 m seconds
testEqualsSelf test is starting...
1.627359683645E12
testEqualsSelf test is finished : execution with 0.0 m seconds
testDateConstructor1 test is starting...
1.627359683645E12
testDateConstructor1 test is finished : execution with 0.0 m seconds
testDateConstructor2 test is starting...
1.627359683646E12
testDateConstructor2 test is finished : execution with 0.0 m seconds
testGetFirstMillisecond test is starting...
1.627359683646E12
testGetFirstMillisecond test is finished : execution with 0.0 m seconds
testGetFirstMillisecondWithTimeZone test is starting...
1.627359683647E12
testGetFirstMillisecondWithTimeZone test is finished : execution with 1.0 m seconds
testNotCloneable test is starting...
1.627359683647E12
testNotCloneable test is finished : execution with 0.0 m seconds
testHashcode test is starting...
1.627359683647E12
testHashcode test is finished : execution with 0.0 m seconds
testGetSerialIndex test is starting...
1.627359683648E12
testGetSerialIndex test is finished : execution with 1.0 m seconds
testEquals test is starting...
1.627359683648E12
testEquals test is finished : execution with 0.0 m seconds
testGetEnd test is starting...
1.627359683648E12
testGetEnd test is finished : execution with 0.0 m seconds
testGetLastMillisecond test is starting...
1.627359683649E12
testGetLastMillisecond test is finished : execution with 1.0 m seconds
testGetLastMillisecondWithTimeZone test is starting...
1.627359683649E12
testGetLastMillisecondWithTimeZone test is finished : execution with 0.0 m seconds
testGetFirstMillisecondWithCalendar test is starting...
1.627359683649E12
testGetFirstMillisecondWithCalendar test is finished : execution with 0.0 m seconds
testGetStart test is starting...
1.62735968365E12
testGetStart test is finished : execution with 0.0 m seconds
testSerialization test is starting...
1.627359683651E12
testSerialization test is finished : execution with 1.0 m seconds
testNext test is starting...
1.627359683652E12
testNext test is finished : execution with 1.0 m seconds
testGetLastMillisecondWithCalendar test is starting...
1.627359683652E12
testGetLastMillisecondWithCalendar test is finished : execution with 0.0 m seconds
testEqualsSelf test is starting...
1.627359683652E12
testEqualsSelf test is finished : execution with 0.0 m seconds
testDateConstructor1 test is starting...
1.627359683653E12
testDateConstructor1 test is finished : execution with 1.0 m seconds
testDateConstructor2 test is starting...
1.627359683653E12
testDateConstructor2 test is finished : execution with 0.0 m seconds
test1611872 test is starting...
1.627359683654E12
test1611872 test is finished : execution with 1.0 m seconds
testGetFirstMillisecond test is starting...
1.627359683654E12
testGetFirstMillisecond test is finished : execution with 0.0 m seconds
testGetFirstMillisecondWithTimeZone test is starting...
1.627359683654E12
testGetFirstMillisecondWithTimeZone test is finished : execution with 0.0 m seconds
testNotCloneable test is starting...
1.627359683655E12
testNotCloneable test is finished : execution with 0.0 m seconds
testHashcode test is starting...
1.627359683655E12
testHashcode test is finished : execution with 0.0 m seconds
testGetSerialIndex test is starting...
1.627359683656E12
testGetSerialIndex test is finished : execution with 0.0 m seconds
testEquals test is starting...
1.627359683656E12
testEquals test is finished : execution with 0.0 m seconds
testGetEnd test is starting...
1.627359683657E12
testGetEnd test is finished : execution with 0.0 m seconds
testGetLastMillisecond test is starting...
1.627359683657E12
testGetLastMillisecond test is finished : execution with 0.0 m seconds
testGetLastMillisecondWithTimeZone test is starting...
1.627359683658E12
testGetLastMillisecondWithTimeZone test is finished : execution with 1.0 m seconds
testGetFirstMillisecondWithCalendar test is starting...
1.627359683658E12
testGetFirstMillisecondWithCalendar test is finished : execution with 0.0 m seconds
testGetStart test is starting...
1.627359683659E12
testGetStart test is finished : execution with 1.0 m seconds
testSerialization test is starting...
1.62735968366E12
testSerialization test is finished : execution with 1.0 m seconds
testNext test is starting...
1.627359683664E12
testNext test is finished : execution with 4.0 m seconds
testGetLastMillisecondWithCalendar test is starting...
1.627359683665E12
testGetLastMillisecondWithCalendar test is finished : execution with 1.0 m seconds
testEqualsSelf test is starting...
1.627359683665E12
testEqualsSelf test is finished : execution with 0.0 m seconds
testDateConstructor1 test is starting...
1.627359683666E12
testDateConstructor1 test is finished : execution with 1.0 m seconds
testDateConstructor2 test is starting...
1.627359683666E12
testDateConstructor2 test is finished : execution with 0.0 m seconds
testGetFirstMillisecond test is starting...
1.627359683667E12
testGetFirstMillisecond test is finished : execution with 1.0 m seconds
testGetFirstMillisecondWithTimeZone test is starting...
1.627359683668E12
testGetFirstMillisecondWithTimeZone test is finished : execution with 1.0 m seconds
testNotCloneable test is starting...
1.627359683668E12
testNotCloneable test is finished : execution with 0.0 m seconds
testHashcode test is starting...
1.627359683669E12
testHashcode test is finished : execution with 1.0 m seconds
test943985 test is starting...
1.62735968367E12
test943985 test is finished : execution with 0.0 m seconds
testGetSerialIndex test is starting...
1.627359683671E12
testGetSerialIndex test is finished : execution with 1.0 m seconds
testEquals test is starting...
1.627359683672E12
testEquals test is finished : execution with 1.0 m seconds
testGetEnd test is starting...
1.627359683672E12
testGetEnd test is finished : execution with 0.0 m seconds
testGetLastMillisecond test is starting...
1.627359683673E12
testGetLastMillisecond test is finished : execution with 1.0 m seconds
testGetLastMillisecondWithTimeZone test is starting...
1.627359683674E12
testGetLastMillisecondWithTimeZone test is finished : execution with 1.0 m seconds
testGetFirstMillisecondWithCalendar test is starting...
1.627359683674E12
testGetFirstMillisecondWithCalendar test is finished : execution with 0.0 m seconds
testParseMonth test is starting...
1.627359683675E12
testParseMonth test is finished : execution with 1.0 m seconds
testGetStart test is starting...
1.627359683676E12
testGetStart test is finished : execution with 1.0 m seconds
testSerialization test is starting...
1.627359683676E12
testSerialization test is finished : execution with 0.0 m seconds
testNext test is starting...
1.627359683677E12
testNext test is finished : execution with 1.0 m seconds
testJan1900Next test is starting...
1.627359683678E12
testJan1900Next test is finished : execution with 1.0 m seconds
testGetLastMillisecondWithCalendar test is starting...
1.627359683678E12
testGetLastMillisecondWithCalendar test is finished : execution with 0.0 m seconds
testEqualsSelf test is starting...
1.627359683679E12
testEqualsSelf test is finished : execution with 1.0 m seconds
testDateConstructor1 test is starting...
1.627359683679E12
testDateConstructor1 test is finished : execution with 0.0 m seconds
testDateConstructor2 test is starting...
1.62735968368E12
testDateConstructor2 test is finished : execution with 1.0 m seconds
testDec9999Next test is starting...
1.62735968368E12
testDec9999Next test is finished : execution with 0.0 m seconds
testGetFirstMillisecond test is starting...
1.627359683681E12
testGetFirstMillisecond test is finished : execution with 1.0 m seconds
testGetFirstMillisecondWithTimeZone test is starting...
1.627359683681E12
testGetFirstMillisecondWithTimeZone test is finished : execution with 0.0 m seconds
testNotCloneable test is starting...
1.627359683682E12
testNotCloneable test is finished : execution with 1.0 m seconds
testJan1900Previous test is starting...
1.627359683682E12
testJan1900Previous test is finished : execution with 0.0 m seconds
testHashcode test is starting...
1.627359683683E12
testHashcode test is finished : execution with 1.0 m seconds
testGetSerialIndex test is starting...
1.627359683683E12
testGetSerialIndex test is finished : execution with 0.0 m seconds
testEquals test is starting...
1.627359683684E12
testEquals test is finished : execution with 1.0 m seconds
testGetEnd test is starting...
1.627359683684E12
testGetEnd test is finished : execution with 0.0 m seconds
testDec9999Previous test is starting...
1.627359683685E12
testDec9999Previous test is finished : execution with 1.0 m seconds
testGetLastMillisecond test is starting...
1.627359683685E12
testGetLastMillisecond test is finished : execution with 0.0 m seconds
testGetLastMillisecondWithTimeZone test is starting...
1.627359683686E12
testGetLastMillisecondWithTimeZone test is finished : execution with 1.0 m seconds
test1 test is starting...
1.627359683687E12
test1 test is finished : execution with 1.0 m seconds
testGetFirstMillisecondWithCalendar test is starting...
1.627359683688E12
testGetFirstMillisecondWithCalendar test is finished : execution with 1.0 m seconds
testGetStart test is starting...
1.627359683688E12
testGetStart test is finished : execution with 0.0 m seconds
testSerialization test is starting...
1.627359683689E12
testSerialization test is finished : execution with 0.0 m seconds
testQ1Y1900Previous test is starting...
1.62735968369E12
testQ1Y1900Previous test is finished : execution with 1.0 m seconds
testNext test is starting...
1.62735968369E12
testNext test is finished : execution with 0.0 m seconds
testQ1Y1900Next test is starting...
1.627359683691E12
testQ1Y1900Next test is finished : execution with 1.0 m seconds
testGetLastMillisecondWithCalendar test is starting...
1.627359683691E12
testGetLastMillisecondWithCalendar test is finished : execution with 0.0 m seconds
testEqualsSelf test is starting...
1.627359683692E12
testEqualsSelf test is finished : execution with 1.0 m seconds
testParseQuarter test is starting...
1.627359683692E12
testParseQuarter test is finished : execution with 0.0 m seconds
testDateConstructor1 test is starting...
1.627359683693E12
testDateConstructor1 test is finished : execution with 1.0 m seconds
testDateConstructor2 test is starting...
1.627359683693E12
testDateConstructor2 test is finished : execution with 0.0 m seconds
testQ4Y9999Next test is starting...
1.627359683694E12
testQ4Y9999Next test is finished : execution with 1.0 m seconds
testGetFirstMillisecond test is starting...
1.627359683694E12
testGetFirstMillisecond test is finished : execution with 0.0 m seconds
testGetFirstMillisecondWithTimeZone test is starting...
1.627359683694E12
testGetFirstMillisecondWithTimeZone test is finished : execution with 0.0 m seconds
testNotCloneable test is starting...
1.627359683695E12
testNotCloneable test is finished : execution with 0.0 m seconds
testHashcode test is starting...
1.627359683695E12
testHashcode test is finished : execution with 0.0 m seconds
testGetSerialIndex test is starting...
1.627359683696E12
testGetSerialIndex test is finished : execution with 0.0 m seconds
testEquals test is starting...
1.627359683696E12
testEquals test is finished : execution with 0.0 m seconds
testGetEnd test is starting...
1.627359683697E12
testGetEnd test is finished : execution with 1.0 m seconds
testQ4Y9999Previous test is starting...
1.627359683697E12
testQ4Y9999Previous test is finished : execution with 0.0 m seconds
testGetLastMillisecond test is starting...
1.627359683697E12
testGetLastMillisecond test is finished : execution with 0.0 m seconds
testGetLastMillisecondWithTimeZone test is starting...
1.627359683698E12
testGetLastMillisecondWithTimeZone test is finished : execution with 0.0 m seconds
testConstructor test is starting...
1.627359683698E12
testConstructor test is finished : execution with 0.0 m seconds
testGetFirstMillisecondWithCalendar test is starting...
1.627359683699E12
testGetFirstMillisecondWithCalendar test is finished : execution with 1.0 m seconds
testGetStart test is starting...
1.627359683699E12
testGetStart test is finished : execution with 0.0 m seconds
testSerialization test is starting...
1.6273596837E12
testSerialization test is finished : execution with 1.0 m seconds
testNext test is starting...
1.627359683701E12
testNext test is finished : execution with 1.0 m seconds
testGetLastMillisecondWithCalendar test is starting...
1.627359683702E12
testGetLastMillisecondWithCalendar test is finished : execution with 1.0 m seconds
testEqualsSelf test is starting...
1.627359683702E12
testEqualsSelf test is finished : execution with 0.0 m seconds
testDateConstructor1 test is starting...
1.627359683702E12
testDateConstructor1 test is finished : execution with 0.0 m seconds
testDateConstructor2 test is starting...
1.627359683703E12
testDateConstructor2 test is finished : execution with 1.0 m seconds
testGetFirstMillisecond test is starting...
1.627359683703E12
testGetFirstMillisecond test is finished : execution with 0.0 m seconds
testGetFirstMillisecondWithTimeZone test is starting...
1.627359683704E12
testGetFirstMillisecondWithTimeZone test is finished : execution with 1.0 m seconds
testNotCloneable test is starting...
1.627359683704E12
testNotCloneable test is finished : execution with 0.0 m seconds
testHashcode test is starting...
1.627359683704E12
testHashcode test is finished : execution with 0.0 m seconds
testGetSerialIndex test is starting...
1.627359683705E12
testGetSerialIndex test is finished : execution with 1.0 m seconds
testEquals test is starting...
1.627359683705E12
testEquals test is finished : execution with 0.0 m seconds
testGetEnd test is starting...
1.627359683706E12
testGetEnd test is finished : execution with 1.0 m seconds
testGetLastMillisecond test is starting...
1.627359683706E12
testGetLastMillisecond test is finished : execution with 0.0 m seconds
testGetLastMillisecondWithTimeZone test is starting...
1.627359683706E12
testGetLastMillisecondWithTimeZone test is finished : execution with 0.0 m seconds
testSerialization test is starting...
1.627359683707E12
testSerialization test is finished : execution with 1.0 m seconds
testClone test is starting...
1.627359683707E12
testClone test is finished : execution with 0.0 m seconds
testCompareTo test is starting...
1.627359683707E12
testCompareTo test is finished : execution with 0.0 m seconds
testEqualsSelf test is starting...
1.627359683708E12
testEqualsSelf test is finished : execution with 0.0 m seconds
testHashcode test is starting...
1.627359683708E12
testHashcode test is finished : execution with 0.0 m seconds
testEquals test is starting...
1.627359683708E12
testEquals test is finished : execution with 0.0 m seconds
testSerialization test is starting...
1.627359683708E12
testSerialization test is finished : execution with 0.0 m seconds
testEquals test is starting...
1.627359683708E12
testEquals test is finished : execution with 0.0 m seconds
testSerialization test is starting...
1.627359683709E12
testSerialization test is finished : execution with 0.0 m seconds
testEqualsSelf test is starting...
1.62735968371E12
testEqualsSelf test is finished : execution with 0.0 m seconds
testEquals test is starting...
1.62735968371E12
testEquals test is finished : execution with 0.0 m seconds
testSerialization test is starting...
1.627359683712E12
testSerialization test is finished : execution with 2.0 m seconds
testAdd test is starting...
1.627359683713E12
testAdd test is finished : execution with 1.0 m seconds
testClone test is starting...
1.627359683714E12
testClone test is finished : execution with 1.0 m seconds
testAddValue test is starting...
1.627359683715E12
testAddValue test is finished : execution with 1.0 m seconds
test1161329 test is starting...
1.627359683716E12
test1161329 test is finished : execution with 1.0 m seconds
testEquals test is starting...
1.627359683717E12
testEquals test is finished : execution with 1.0 m seconds
testGetDomainBoundsWithoutInterval test is starting...
1.627359683717E12
testGetDomainBoundsWithoutInterval test is finished : execution with 0.0 m seconds
testSerialization test is starting...
1.627359683718E12
testSerialization test is finished : execution with 1.0 m seconds
testGetDomainBoundsWithInterval test is starting...
1.627359683718E12
testGetDomainBoundsWithInterval test is finished : execution with 0.0 m seconds
test1161340 test is starting...
1.627359683719E12
test1161340 test is finished : execution with 1.0 m seconds
testEquals test is starting...
1.627359683719E12
testEquals test is finished : execution with 0.0 m seconds
testGetSeries test is starting...
1.627359683719E12
testGetSeries test is finished : execution with 0.0 m seconds
testSerialization test is starting...
1.62735968372E12
testSerialization test is finished : execution with 1.0 m seconds
testGetSurroundingItems test is starting...
1.627359683721E12
testGetSurroundingItems test is finished : execution with 1.0 m seconds
test1170825 test is starting...
1.627359683721E12
test1170825 test is finished : execution with 0.0 m seconds
testRemoveSeries test is starting...
1.627359683721E12
testRemoveSeries test is finished : execution with 0.0 m seconds
testEquals test is starting...
1.627359683722E12
testEquals test is finished : execution with 0.0 m seconds
testIndexOf test is starting...
1.627359683722E12
testIndexOf test is finished : execution with 0.0 m seconds
testEquals2 test is starting...
1.627359683723E12
testEquals2 test is finished : execution with 1.0 m seconds
testGetIndex test is starting...
1.627359683724E12
testGetIndex test is finished : execution with 1.0 m seconds
testGetValue test is starting...
1.627359683724E12
testGetValue test is finished : execution with 0.0 m seconds
testSerialization test is starting...
1.627359683725E12
testSerialization test is finished : execution with 0.0 m seconds
testClone test is starting...
1.627359683726E12
testClone test is finished : execution with 0.0 m seconds
testCreateCopy1 test is starting...
1.627359683729E12
testCreateCopy1 test is finished : execution with 3.0 m seconds
testCreateCopy2 test is starting...
1.62735968373E12
testCreateCopy2 test is finished : execution with 1.0 m seconds
testAddOrUpdate test is starting...
1.62735968373E12
testAddOrUpdate test is finished : execution with 0.0 m seconds
testAddValue test is starting...
1.627359683731E12
testAddValue test is finished : execution with 0.0 m seconds
testRemoveAgedItems test is starting...
1.627359683732E12
testRemoveAgedItems test is finished : execution with 1.0 m seconds
testSetMaximumItemCount test is starting...
1.627359683733E12
testSetMaximumItemCount test is finished : execution with 1.0 m seconds
testGetDataItem1 test is starting...
1.627359683734E12
testGetDataItem1 test is finished : execution with 1.0 m seconds
testGetDataItem2 test is starting...
1.627359683734E12
testGetDataItem2 test is finished : execution with 0.0 m seconds
testHashCode test is starting...
1.627359683736E12
testHashCode test is finished : execution with 1.0 m seconds
testDelete2 test is starting...
1.627359683736E12
testDelete2 test is finished : execution with 0.0 m seconds
testClone2 test is starting...
1.627359683737E12
testClone2 test is finished : execution with 0.0 m seconds
testDelete test is starting...
1.627359683738E12
testDelete test is finished : execution with 1.0 m seconds
testEquals test is starting...
1.627359683739E12
testEquals test is finished : execution with 1.0 m seconds
testBug1075255 test is starting...
1.62735968374E12
testBug1075255 test is finished : execution with 1.0 m seconds
testRemoveAgedItems2 test is starting...
1.627359683741E12
testRemoveAgedItems2 test is finished : execution with 1.0 m seconds
testBug1832432 test is starting...
1.627359683742E12
testBug1832432 test is finished : execution with 1.0 m seconds
testSerialization test is starting...
1.627359683742E12
testSerialization test is finished : execution with 0.0 m seconds
testEqualsSelf test is starting...
1.627359683742E12
testEqualsSelf test is finished : execution with 0.0 m seconds
testEquals test is starting...
1.627359683743E12
testEquals test is finished : execution with 0.0 m seconds
testGetTimePeriod test is starting...
1.627359683744E12
testGetTimePeriod test is finished : execution with 1.0 m seconds
testSerialization test is starting...
1.627359683745E12
testSerialization test is finished : execution with 1.0 m seconds
testClear test is starting...
1.627359683746E12
testClear test is finished : execution with 1.0 m seconds
testClone test is starting...
1.627359683746E12
testClone test is finished : execution with 0.0 m seconds
testEquals test is starting...
1.627359683746E12
testEquals test is finished : execution with 0.0 m seconds
testStandard test is starting...
1.627359683747E12
testStandard test is finished : execution with 0.0 m seconds
testGetFirstMillisecondWithCalendar test is starting...
1.627359683748E12
testGetFirstMillisecondWithCalendar test is finished : execution with 1.0 m seconds
testGetStart test is starting...
1.627359683749E12
testGetStart test is finished : execution with 1.0 m seconds
testWeek12005 test is starting...
1.62735968375E12
testWeek12005 test is finished : execution with 1.0 m seconds
testSerialization test is starting...
1.627359683751E12
testSerialization test is finished : execution with 1.0 m seconds
testNext test is starting...
1.627359683752E12
testNext test is finished : execution with 1.0 m seconds
testW1Y1900Previous test is starting...
1.627359683752E12
testW1Y1900Previous test is finished : execution with 0.0 m seconds
testGetLastMillisecondWithCalendar test is starting...
1.627359683753E12
testGetLastMillisecondWithCalendar test is finished : execution with 0.0 m seconds
testGetFirstMillisecond test is starting...
1.627359683754E12
testGetFirstMillisecond test is finished : execution with 1.0 m seconds
testGetFirstMillisecondWithTimeZone test is starting...
1.627359683754E12
testGetFirstMillisecondWithTimeZone test is finished : execution with 0.0 m seconds
testNotCloneable test is starting...
1.627359683755E12
testNotCloneable test is finished : execution with 1.0 m seconds
testHashcode test is starting...
1.627359683756E12
testHashcode test is finished : execution with 1.0 m seconds
testW52Y9999Next test is starting...
1.627359683756E12
testW52Y9999Next test is finished : execution with 0.0 m seconds
testGetSerialIndex test is starting...
1.627359683757E12
testGetSerialIndex test is finished : execution with 1.0 m seconds
testW52Y9999Previous test is starting...
1.627359683758E12
testW52Y9999Previous test is finished : execution with 1.0 m seconds
testEquals test is starting...
1.627359683758E12
testEquals test is finished : execution with 0.0 m seconds
testGetEnd test is starting...
1.627359683759E12
testGetEnd test is finished : execution with 0.0 m seconds
testWeek532005 test is starting...
1.62735968376E12
testWeek532005 test is finished : execution with 1.0 m seconds
testW1Y1900Next test is starting...
1.627359683761E12
testW1Y1900Next test is finished : execution with 1.0 m seconds
testBug1448828 test is starting...
1.627359683761E12
testBug1448828 test is finished : execution with 0.0 m seconds
testBug1498805 test is starting...
1.627359683762E12
testBug1498805 test is finished : execution with 1.0 m seconds
testGetLastMillisecond test is starting...
1.627359683762E12
testGetLastMillisecond test is finished : execution with 0.0 m seconds
testGetLastMillisecondWithTimeZone test is starting...
1.627359683763E12
testGetLastMillisecondWithTimeZone test is finished : execution with 1.0 m seconds
testConstructor test is starting...
1.627359683763E12
testConstructor test is finished : execution with 0.0 m seconds
testGetFirstMillisecondWithCalendar test is starting...
1.627359683764E12
testGetFirstMillisecondWithCalendar test is finished : execution with 0.0 m seconds
testGetStart test is starting...
1.627359683764E12
testGetStart test is finished : execution with 0.0 m seconds
testSerialization test is starting...
1.627359683764E12
testSerialization test is finished : execution with 0.0 m seconds
testParseYear test is starting...
1.627359683765E12
testParseYear test is finished : execution with 0.0 m seconds
testNext test is starting...
1.627359683765E12
testNext test is finished : execution with 0.0 m seconds
testGetLastMillisecondWithCalendar test is starting...
1.627359683765E12
testGetLastMillisecondWithCalendar test is finished : execution with 0.0 m seconds
testEqualsSelf test is starting...
1.627359683766E12
testEqualsSelf test is finished : execution with 0.0 m seconds
testDateConstructor1 test is starting...
1.627359683766E12
testDateConstructor1 test is finished : execution with 0.0 m seconds
testDateConstructor2 test is starting...
1.627359683766E12
testDateConstructor2 test is finished : execution with 0.0 m seconds
testGetFirstMillisecond test is starting...
1.627359683767E12
testGetFirstMillisecond test is finished : execution with 1.0 m seconds
testGetFirstMillisecondWithTimeZone test is starting...
1.627359683767E12
testGetFirstMillisecondWithTimeZone test is finished : execution with 0.0 m seconds
testNotCloneable test is starting...
1.627359683767E12
testNotCloneable test is finished : execution with 0.0 m seconds
test1900Next test is starting...
1.627359683767E12
test1900Next test is finished : execution with 0.0 m seconds
test1900Previous test is starting...
1.627359683768E12
test1900Previous test is finished : execution with 0.0 m seconds
test9999Previous test is starting...
1.627359683768E12
test9999Previous test is finished : execution with 0.0 m seconds
testHashcode test is starting...
1.627359683768E12
testHashcode test is finished : execution with 0.0 m seconds
testGetSerialIndex test is starting...
1.627359683769E12
testGetSerialIndex test is finished : execution with 0.0 m seconds
testEquals test is starting...
1.627359683769E12
testEquals test is finished : execution with 0.0 m seconds
testGetEnd test is starting...
1.627359683769E12
testGetEnd test is finished : execution with 0.0 m seconds
test9999Next test is starting...
1.627359683769E12
test9999Next test is finished : execution with 0.0 m seconds
testGetLastMillisecond test is starting...
1.62735968377E12
testGetLastMillisecond test is finished : execution with 0.0 m seconds
testGetLastMillisecondWithTimeZone test is starting...
1.62735968377E12
testGetLastMillisecondWithTimeZone test is finished : execution with 0.0 m seconds
Tests run: 253, Failures: 0, Errors: 0, Skipped: 0, Time elapsed: 0.14 sec - in org.jfree.data.time.junit.DataTimePackageTests
Running org.jfree.data.time.ohlc.junit.OHLCPackageTests
testSerialization test is starting...
1.627359683772E12
testSerialization test is finished : execution with 1.0 m seconds
testConstructor1 test is starting...
1.627359683773E12
testConstructor1 test is finished : execution with 1.0 m seconds
testCloning test is starting...
1.627359683773E12
testCloning test is finished : execution with 0.0 m seconds
testEquals test is starting...
1.627359683773E12
testEquals test is finished : execution with 0.0 m seconds
testSerialization test is starting...
1.627359683776E12
testSerialization test is finished : execution with 2.0 m seconds
test1170825 test is starting...
1.627359683776E12
test1170825 test is finished : execution with 0.0 m seconds
testCloning test is starting...
1.627359683777E12
testCloning test is finished : execution with 1.0 m seconds
testEquals test is starting...
1.627359683777E12
testEquals test is finished : execution with 0.0 m seconds
testAdditionOfDuplicatePeriod test is starting...
1.627359683777E12
testAdditionOfDuplicatePeriod test is finished : execution with 0.0 m seconds
testSerialization test is starting...
1.627359683778E12
testSerialization test is finished : execution with 1.0 m seconds
testSetMaximumItemCount2 test is starting...
1.627359683778E12
testSetMaximumItemCount2 test is finished : execution with 0.0 m seconds
testClear test is starting...
1.627359683778E12
testClear test is finished : execution with 0.0 m seconds
testSetMaximumItemCount test is starting...
1.627359683779E12
testSetMaximumItemCount test is finished : execution with 0.0 m seconds
testCloning test is starting...
1.627359683779E12
testCloning test is finished : execution with 0.0 m seconds
testEquals test is starting...
1.62735968378E12
testEquals test is finished : execution with 1.0 m seconds
testIndexOf test is starting...
1.62735968378E12
testIndexOf test is finished : execution with 0.0 m seconds
testRemove test is starting...
1.627359683781E12
testRemove test is finished : execution with 1.0 m seconds
testSerialization test is starting...
1.627359683781E12
testSerialization test is finished : execution with 0.0 m seconds
testCloning test is starting...
1.627359683781E12
testCloning test is finished : execution with 0.0 m seconds
testEquals test is starting...
1.627359683781E12
testEquals test is finished : execution with 0.0 m seconds
Tests run: 20, Failures: 0, Errors: 0, Skipped: 0, Time elapsed: 0.002 sec - in org.jfree.data.time.ohlc.junit.OHLCPackageTests
Running org.jfree.data.xy.junit.DataXYPackageTests
testSerialization test is starting...
1.627359683787E12
testSerialization test is finished : execution with 2.0 m seconds
testCloning test is starting...
1.627359683787E12
testCloning test is finished : execution with 0.0 m seconds
testAddSeries test is starting...
1.627359683788E12
testAddSeries test is finished : execution with 1.0 m seconds
testEquals test is starting...
1.627359683788E12
testEquals test is finished : execution with 0.0 m seconds
testSerialization test is starting...
1.627359683789E12
testSerialization test is finished : execution with 1.0 m seconds
testCloning test is starting...
1.62735968379E12
testCloning test is finished : execution with 0.0 m seconds
testEquals test is starting...
1.62735968379E12
testEquals test is finished : execution with 0.0 m seconds
testGetEndXValue test is starting...
1.62735968379E12
testGetEndXValue test is finished : execution with 0.0 m seconds
testGetEndYValue test is starting...
1.62735968379E12
testGetEndYValue test is finished : execution with 0.0 m seconds
testSerialization test is starting...
1.627359683792E12
testSerialization test is finished : execution with 1.0 m seconds
testGetItemCount test is starting...
1.627359683792E12
testGetItemCount test is finished : execution with 0.0 m seconds
testGetSeriesKey test is starting...
1.627359683792E12
testGetSeriesKey test is finished : execution with 0.0 m seconds
testGetSeriesCount test is starting...
1.627359683792E12
testGetSeriesCount test is finished : execution with 0.0 m seconds
testCloning test is starting...
1.627359683792E12
testCloning test is finished : execution with 0.0 m seconds
testGetStartXValue test is starting...
1.627359683793E12
testGetStartXValue test is finished : execution with 0.0 m seconds
testAddSeries test is starting...
1.627359683793E12
testAddSeries test is finished : execution with 0.0 m seconds
testGetStartYValue test is starting...
1.627359683793E12
testGetStartYValue test is finished : execution with 0.0 m seconds
testEquals test is starting...
1.627359683793E12
testEquals test is finished : execution with 0.0 m seconds
testIndexOf test is starting...
1.627359683794E12
testIndexOf test is finished : execution with 1.0 m seconds
testGetXValue test is starting...
1.627359683794E12
testGetXValue test is finished : execution with 0.0 m seconds
testGetYValue test is starting...
1.627359683794E12
testGetYValue test is finished : execution with 0.0 m seconds
testCloning2 test is starting...
1.627359683794E12
testCloning2 test is finished : execution with 0.0 m seconds
testSerialization test is starting...
1.627359683796E12
testSerialization test is finished : execution with 2.0 m seconds
testDataRange test is starting...
1.627359683796E12
testDataRange test is finished : execution with 0.0 m seconds
testCloning test is starting...
1.627359683796E12
testCloning test is finished : execution with 0.0 m seconds
testEquals test is starting...
1.627359683796E12
testEquals test is finished : execution with 0.0 m seconds
testSerialization test is starting...
1.627359683798E12
testSerialization test is finished : execution with 2.0 m seconds
testCloning test is starting...
1.627359683798E12
testCloning test is finished : execution with 0.0 m seconds
testAddSeries test is starting...
1.627359683798E12
testAddSeries test is finished : execution with 0.0 m seconds
testEquals test is starting...
1.627359683799E12
testEquals test is finished : execution with 0.0 m seconds
testGetSeries test is starting...
1.627359683799E12
testGetSeries test is finished : execution with 0.0 m seconds
testSerialization test is starting...
1.627359683801E12
testSerialization test is finished : execution with 2.0 m seconds
testGetSeriesKey test is starting...
1.627359683802E12
testGetSeriesKey test is finished : execution with 0.0 m seconds
testCloning test is starting...
1.627359683802E12
testCloning test is finished : execution with 0.0 m seconds
testEquals test is starting...
1.627359683803E12
testEquals test is finished : execution with 1.0 m seconds
testIndexOf test is starting...
1.627359683803E12
testIndexOf test is finished : execution with 0.0 m seconds
testSerialization test is starting...
1.627359683804E12
testSerialization test is finished : execution with 1.0 m seconds
testGetSeriesKey test is starting...
1.627359683804E12
testGetSeriesKey test is finished : execution with 0.0 m seconds
testCloning test is starting...
1.627359683805E12
testCloning test is finished : execution with 0.0 m seconds
testAddSeries test is starting...
1.627359683805E12
testAddSeries test is finished : execution with 0.0 m seconds
testEquals test is starting...
1.627359683805E12
testEquals test is finished : execution with 0.0 m seconds
testIndexOf test is starting...
1.627359683805E12
testIndexOf test is finished : execution with 0.0 m seconds
testSerialization test is starting...
1.627359683807E12
testSerialization test is finished : execution with 2.0 m seconds
testGetSeriesKey test is starting...
1.627359683807E12
testGetSeriesKey test is finished : execution with 0.0 m seconds
testCloning test is starting...
1.627359683807E12
testCloning test is finished : execution with 0.0 m seconds
testAddSeries test is starting...
1.627359683807E12
testAddSeries test is finished : execution with 0.0 m seconds
testEquals test is starting...
1.627359683808E12
testEquals test is finished : execution with 0.0 m seconds
testIndexOf test is starting...
1.627359683808E12
testIndexOf test is finished : execution with 0.0 m seconds
testSerialization test is starting...
1.627359683809E12
testSerialization test is finished : execution with 1.0 m seconds
testCloning test is starting...
1.627359683809E12
testCloning test is finished : execution with 0.0 m seconds
testEquals test is starting...
1.62735968381E12
testEquals test is finished : execution with 1.0 m seconds
testSerialization test is starting...
1.627359683811E12
testSerialization test is finished : execution with 1.0 m seconds
testCloning test is starting...
1.627359683812E12
testCloning test is finished : execution with 0.0 m seconds
testEquals test is starting...
1.627359683812E12
testEquals test is finished : execution with 0.0 m seconds
testGetItemRow test is starting...
1.627359683812E12
testGetItemRow test is finished : execution with 0.0 m seconds
testSerialization test is starting...
1.627359683813E12
testSerialization test is finished : execution with 1.0 m seconds
testGetItemColumn test is starting...
1.627359683813E12
testGetItemColumn test is finished : execution with 0.0 m seconds
testGetItem test is starting...
1.627359683813E12
testGetItem test is finished : execution with 0.0 m seconds
testCloning test is starting...
1.627359683813E12
testCloning test is finished : execution with 0.0 m seconds
testEquals test is starting...
1.627359683814E12
testEquals test is finished : execution with 1.0 m seconds
testSerialization test is starting...
1.627359683814E12
testSerialization test is finished : execution with 0.0 m seconds
testCloning test is starting...
1.627359683814E12
testCloning test is finished : execution with 0.0 m seconds
testEquals test is starting...
1.627359683815E12
testEquals test is finished : execution with 1.0 m seconds
testAutoPrune test is starting...
1.627359683815E12
testAutoPrune test is finished : execution with 0.0 m seconds
testSerialization test is starting...
1.627359683816E12
testSerialization test is finished : execution with 1.0 m seconds
testPrune test is starting...
1.627359683816E12
testPrune test is finished : execution with 0.0 m seconds
testRemoveAllValuesForX test is starting...
1.627359683816E12
testRemoveAllValuesForX test is finished : execution with 0.0 m seconds
testCloning test is starting...
1.627359683816E12
testCloning test is finished : execution with 0.0 m seconds
test788597 test is starting...
1.627359683817E12
test788597 test is finished : execution with 0.0 m seconds
testEquals test is starting...
1.627359683817E12
testEquals test is finished : execution with 0.0 m seconds
testTableXYDataset test is starting...
1.627359683817E12
testTableXYDataset test is finished : execution with 0.0 m seconds
testSerialization test is starting...
1.62735968382E12
testSerialization test is finished : execution with 2.0 m seconds
testCloning test is starting...
1.62735968382E12
testCloning test is finished : execution with 0.0 m seconds
testHashcode test is starting...
1.62735968382E12
testHashcode test is finished : execution with 0.0 m seconds
testEquals test is starting...
1.62735968382E12
testEquals test is finished : execution with 0.0 m seconds
testSerialization test is starting...
1.627359683822E12
testSerialization test is finished : execution with 2.0 m seconds
testRemoveSeries test is starting...
1.627359683823E12
testRemoveSeries test is finished : execution with 1.0 m seconds
testCloning test is starting...
1.627359683823E12
testCloning test is finished : execution with 0.0 m seconds
testEquals test is starting...
1.627359683823E12
testEquals test is finished : execution with 0.0 m seconds
testSerialization test is starting...
1.627359683823E12
testSerialization test is finished : execution with 0.0 m seconds
testAdd test is starting...
1.627359683824E12
testAdd test is finished : execution with 0.0 m seconds
testSetMaximumItemCount2 test is starting...
1.627359683824E12
testSetMaximumItemCount2 test is finished : execution with 0.0 m seconds
testClear test is starting...
1.627359683824E12
testClear test is finished : execution with 0.0 m seconds
testSetMaximumItemCount test is starting...
1.627359683824E12
testSetMaximumItemCount test is finished : execution with 0.0 m seconds
testCloning test is starting...
1.627359683825E12
testCloning test is finished : execution with 1.0 m seconds
testAdditionOfDuplicateXValues test is starting...
1.627359683825E12
testAdditionOfDuplicateXValues test is finished : execution with 0.0 m seconds
testIndexOf2 test is starting...
1.627359683825E12
testIndexOf2 test is finished : execution with 0.0 m seconds
testEquals test is starting...
1.627359683825E12
testEquals test is finished : execution with 0.0 m seconds
testIndexOf test is starting...
1.627359683825E12
testIndexOf test is finished : execution with 0.0 m seconds
testRemove test is starting...
1.627359683826E12
testRemove test is finished : execution with 0.0 m seconds
testSerialization test is starting...
1.627359683826E12
testSerialization test is finished : execution with 0.0 m seconds
testCloning test is starting...
1.627359683826E12
testCloning test is finished : execution with 0.0 m seconds
testHashcode test is starting...
1.627359683826E12
testHashcode test is finished : execution with 0.0 m seconds
testEquals test is starting...
1.627359683826E12
testEquals test is finished : execution with 0.0 m seconds
testSerialization test is starting...
1.627359683828E12
testSerialization test is finished : execution with 1.0 m seconds
testConstructor1 test is starting...
1.627359683828E12
testConstructor1 test is finished : execution with 0.0 m seconds
testCloning test is starting...
1.627359683828E12
testCloning test is finished : execution with 0.0 m seconds
testEquals test is starting...
1.627359683829E12
testEquals test is finished : execution with 0.0 m seconds
testSerialization test is starting...
1.62735968383E12
testSerialization test is finished : execution with 1.0 m seconds
test1170825 test is starting...
1.62735968383E12
test1170825 test is finished : execution with 0.0 m seconds
testCloning test is starting...
1.62735968383E12
testCloning test is finished : execution with 0.0 m seconds
testEquals test is starting...
1.627359683831E12
testEquals test is finished : execution with 0.0 m seconds
testSerialization test is starting...
1.627359683832E12
testSerialization test is finished : execution with 1.0 m seconds
testAdd test is starting...
1.627359683832E12
testAdd test is finished : execution with 0.0 m seconds
testSetMaximumItemCount2 test is starting...
1.627359683832E12
testSetMaximumItemCount2 test is finished : execution with 0.0 m seconds
testClear test is starting...
1.627359683832E12
testClear test is finished : execution with 0.0 m seconds
testSetMaximumItemCount test is starting...
1.627359683832E12
testSetMaximumItemCount test is finished : execution with 0.0 m seconds
testCloning test is starting...
1.627359683833E12
testCloning test is finished : execution with 0.0 m seconds
testAdditionOfDuplicateXValues test is starting...
1.627359683833E12
testAdditionOfDuplicateXValues test is finished : execution with 0.0 m seconds
testIndexOf2 test is starting...
1.627359683833E12
testIndexOf2 test is finished : execution with 0.0 m seconds
testEquals test is starting...
1.627359683833E12
testEquals test is finished : execution with 0.0 m seconds
testIndexOf test is starting...
1.627359683834E12
testIndexOf test is finished : execution with 1.0 m seconds
testRemove test is starting...
1.627359683834E12
testRemove test is finished : execution with 0.0 m seconds
testSerialization test is starting...
1.627359683835E12
testSerialization test is finished : execution with 1.0 m seconds
testCloning test is starting...
1.627359683835E12
testCloning test is finished : execution with 0.0 m seconds
testEquals test is starting...
1.627359683835E12
testEquals test is finished : execution with 0.0 m seconds
testSerialization test is starting...
1.627359683836E12
testSerialization test is finished : execution with 1.0 m seconds
testCloning test is starting...
1.627359683836E12
testCloning test is finished : execution with 0.0 m seconds
testHashcode test is starting...
1.627359683836E12
testHashcode test is finished : execution with 0.0 m seconds
testEquals test is starting...
1.627359683836E12
testEquals test is finished : execution with 0.0 m seconds
testSerialization test is starting...
1.627359683837E12
testSerialization test is finished : execution with 1.0 m seconds
testCloning test is starting...
1.627359683837E12
testCloning test is finished : execution with 0.0 m seconds
testEquals test is starting...
1.627359683837E12
testEquals test is finished : execution with 0.0 m seconds
testSerialization test is starting...
1.627359683839E12
testSerialization test is finished : execution with 2.0 m seconds
testConstructor1 test is starting...
1.627359683839E12
testConstructor1 test is finished : execution with 0.0 m seconds
testCloning test is starting...
1.627359683839E12
testCloning test is finished : execution with 0.0 m seconds
testEquals test is starting...
1.627359683839E12
testEquals test is finished : execution with 0.0 m seconds
testSerialization test is starting...
1.627359683841E12
testSerialization test is finished : execution with 1.0 m seconds
test1170825 test is starting...
1.627359683841E12
test1170825 test is finished : execution with 0.0 m seconds
testCloning test is starting...
1.627359683842E12
testCloning test is finished : execution with 1.0 m seconds
testEquals test is starting...
1.627359683842E12
testEquals test is finished : execution with 0.0 m seconds
testSerialization test is starting...
1.627359683843E12
testSerialization test is finished : execution with 1.0 m seconds
testAdd test is starting...
1.627359683843E12
testAdd test is finished : execution with 0.0 m seconds
testSetMaximumItemCount2 test is starting...
1.627359683843E12
testSetMaximumItemCount2 test is finished : execution with 0.0 m seconds
testClear test is starting...
1.627359683843E12
testClear test is finished : execution with 0.0 m seconds
testSetMaximumItemCount test is starting...
1.627359683844E12
testSetMaximumItemCount test is finished : execution with 0.0 m seconds
testCloning test is starting...
1.627359683844E12
testCloning test is finished : execution with 0.0 m seconds
testAdditionOfDuplicateXValues test is starting...
1.627359683844E12
testAdditionOfDuplicateXValues test is finished : execution with 0.0 m seconds
testIndexOf2 test is starting...
1.627359683844E12
testIndexOf2 test is finished : execution with 0.0 m seconds
testEquals test is starting...
1.627359683845E12
testEquals test is finished : execution with 1.0 m seconds
testIndexOf test is starting...
1.627359683845E12
testIndexOf test is finished : execution with 0.0 m seconds
testRemove test is starting...
1.627359683845E12
testRemove test is finished : execution with 0.0 m seconds
testValues test is starting...
1.627359683845E12
testValues test is finished : execution with 0.0 m seconds
testSerialization test is starting...
1.627359683845E12
testSerialization test is finished : execution with 0.0 m seconds
testCloning test is starting...
1.627359683846E12
testCloning test is finished : execution with 0.0 m seconds
testEquals test is starting...
1.627359683846E12
testEquals test is finished : execution with 0.0 m seconds
testSerialization test is starting...
1.627359683846E12
testSerialization test is finished : execution with 0.0 m seconds
test1170825 test is starting...
1.627359683847E12
test1170825 test is finished : execution with 0.0 m seconds
testRemoveSeries test is starting...
1.627359683847E12
testRemoveSeries test is finished : execution with 0.0 m seconds
testGetSeriesByKey test is starting...
1.627359683847E12
testGetSeriesByKey test is finished : execution with 0.0 m seconds
testCloning test is starting...
1.627359683847E12
testCloning test is finished : execution with 0.0 m seconds
testEquals test is starting...
1.627359683848E12
testEquals test is finished : execution with 0.0 m seconds
testGetSeries test is starting...
1.627359683848E12
testGetSeries test is finished : execution with 0.0 m seconds
testIndexOf test is starting...
1.627359683848E12
testIndexOf test is finished : execution with 0.0 m seconds
testToArray test is starting...
1.627359683848E12
testToArray test is finished : execution with 0.0 m seconds
testSerialization test is starting...
1.627359683849E12
testSerialization test is finished : execution with 0.0 m seconds
testAdd test is starting...
1.627359683849E12
testAdd test is finished : execution with 0.0 m seconds
testSetMaximumItemCount2 test is starting...
1.627359683849E12
testSetMaximumItemCount2 test is finished : execution with 0.0 m seconds
testAddOrUpdate test is starting...
1.627359683849E12
testAddOrUpdate test is finished : execution with 0.0 m seconds
testUpdate2 test is starting...
1.62735968385E12
testUpdate2 test is finished : execution with 0.0 m seconds
testToArrayExample test is starting...
1.62735968385E12
testToArrayExample test is finished : execution with 0.0 m seconds
testSetMaximumItemCount test is starting...
1.62735968385E12
testSetMaximumItemCount test is finished : execution with 0.0 m seconds
testAddOrUpdate2 test is starting...
1.62735968385E12
testAddOrUpdate2 test is finished : execution with 0.0 m seconds
testCloning test is starting...
1.627359683851E12
testCloning test is finished : execution with 1.0 m seconds
testAdditionOfDuplicateXValues test is starting...
1.627359683851E12
testAdditionOfDuplicateXValues test is finished : execution with 0.0 m seconds
testIndexOf2 test is starting...
1.627359683851E12
testIndexOf2 test is finished : execution with 0.0 m seconds
testHashCode test is starting...
1.627359683851E12
testHashCode test is finished : execution with 0.0 m seconds
testEquals test is starting...
1.627359683852E12
testEquals test is finished : execution with 1.0 m seconds
testIndexOf test is starting...
1.627359683852E12
testIndexOf test is finished : execution with 0.0 m seconds
testRemove test is starting...
1.627359683852E12
testRemove test is finished : execution with 0.0 m seconds
testUpdate test is starting...
1.627359683852E12
testUpdate test is finished : execution with 0.0 m seconds
testCloning2 test is starting...
1.627359683852E12
testCloning2 test is finished : execution with 0.0 m seconds
testCloning3 test is starting...
1.627359683853E12
testCloning3 test is finished : execution with 0.0 m seconds
testSerialization test is starting...
1.627359683854E12
testSerialization test is finished : execution with 1.0 m seconds
testConstructor1 test is starting...
1.627359683854E12
testConstructor1 test is finished : execution with 0.0 m seconds
testCloning test is starting...
1.627359683854E12
testCloning test is finished : execution with 0.0 m seconds
testEquals test is starting...
1.627359683854E12
testEquals test is finished : execution with 0.0 m seconds
testSerialization test is starting...
1.627359683855E12
testSerialization test is finished : execution with 0.0 m seconds
test1170825 test is starting...
1.627359683856E12
test1170825 test is finished : execution with 1.0 m seconds
testCloning test is starting...
1.627359683856E12
testCloning test is finished : execution with 0.0 m seconds
testEquals test is starting...
1.627359683856E12
testEquals test is finished : execution with 0.0 m seconds
testSerialization test is starting...
1.627359683857E12
testSerialization test is finished : execution with 1.0 m seconds
testAdd test is starting...
1.627359683857E12
testAdd test is finished : execution with 0.0 m seconds
testSetMaximumItemCount2 test is starting...
1.627359683857E12
testSetMaximumItemCount2 test is finished : execution with 0.0 m seconds
testClear test is starting...
1.627359683858E12
testClear test is finished : execution with 0.0 m seconds
testSetMaximumItemCount test is starting...
1.627359683858E12
testSetMaximumItemCount test is finished : execution with 0.0 m seconds
testCloning test is starting...
1.627359683858E12
testCloning test is finished : execution with 0.0 m seconds
testAdditionOfDuplicateXValues test is starting...
1.627359683858E12
testAdditionOfDuplicateXValues test is finished : execution with 0.0 m seconds
testIndexOf2 test is starting...
1.627359683859E12
testIndexOf2 test is finished : execution with 1.0 m seconds
testEquals test is starting...
1.627359683859E12
testEquals test is finished : execution with 0.0 m seconds
testIndexOf test is starting...
1.627359683859E12
testIndexOf test is finished : execution with 0.0 m seconds
testRemove test is starting...
1.627359683859E12
testRemove test is finished : execution with 0.0 m seconds
testSerialization test is starting...
1.62735968386E12
testSerialization test is finished : execution with 1.0 m seconds
testCloning test is starting...
1.62735968386E12
testCloning test is finished : execution with 0.0 m seconds
testEquals test is starting...
1.62735968386E12
testEquals test is finished : execution with 0.0 m seconds
testSerialization test is starting...
1.62735968386E12
testSerialization test is finished : execution with 0.0 m seconds
testCloning test is starting...
1.62735968386E12
testCloning test is finished : execution with 0.0 m seconds
testEquals test is starting...
1.627359683861E12
testEquals test is finished : execution with 0.0 m seconds
Tests run: 198, Failures: 0, Errors: 0, Skipped: 0, Time elapsed: 0.071 sec - in org.jfree.data.xy.junit.DataXYPackageTests
Running org.jfree.data.gantt.junit.DataGanttPackageTests
testSerialization test is starting...
1.627359683862E12
testSerialization test is finished : execution with 1.0 m seconds
testGetSubTaskCount test is starting...
1.627359683862E12
testGetSubTaskCount test is finished : execution with 0.0 m seconds
testCloning test is starting...
1.627359683862E12
testCloning test is finished : execution with 0.0 m seconds
testEquals test is starting...
1.627359683863E12
testEquals test is finished : execution with 1.0 m seconds
testSerialization test is starting...
1.627359683863E12
testSerialization test is finished : execution with 0.0 m seconds
testGetTask test is starting...
1.627359683864E12
testGetTask test is finished : execution with 0.0 m seconds
testCloning test is starting...
1.627359683864E12
testCloning test is finished : execution with 0.0 m seconds
testEquals test is starting...
1.627359683864E12
testEquals test is finished : execution with 0.0 m seconds
testGetValue test is starting...
1.627359683864E12
testGetValue test is finished : execution with 0.0 m seconds
testGetEndValue2 test is starting...
1.627359683865E12
testGetEndValue2 test is finished : execution with 0.0 m seconds
testGetEndValue3 test is starting...
1.627359683865E12
testGetEndValue3 test is finished : execution with 0.0 m seconds
testSerialization test is starting...
1.627359683866E12
testSerialization test is finished : execution with 1.0 m seconds
testGetEndValue test is starting...
1.627359683866E12
testGetEndValue test is finished : execution with 0.0 m seconds
testGetColumnKey test is starting...
1.627359683867E12
testGetColumnKey test is finished : execution with 0.0 m seconds
testGetPercentComplete test is starting...
1.627359683867E12
testGetPercentComplete test is finished : execution with 0.0 m seconds
testGetSubIntervalCount test is starting...
1.627359683867E12
testGetSubIntervalCount test is finished : execution with 0.0 m seconds
testGetStartValue test is starting...
1.627359683868E12
testGetStartValue test is finished : execution with 1.0 m seconds
testGetSeriesKey test is starting...
1.627359683868E12
testGetSeriesKey test is finished : execution with 0.0 m seconds
testGetSeriesCount test is starting...
1.627359683868E12
testGetSeriesCount test is finished : execution with 0.0 m seconds
testCloning test is starting...
1.627359683868E12
testCloning test is finished : execution with 0.0 m seconds
testGetStartValue2 test is starting...
1.627359683869E12
testGetStartValue2 test is finished : execution with 1.0 m seconds
testGetStartValue3 test is starting...
1.627359683869E12
testGetStartValue3 test is finished : execution with 0.0 m seconds
test697153 test is starting...
1.627359683869E12
test697153 test is finished : execution with 0.0 m seconds
test800324 test is starting...
1.627359683869E12
test800324 test is finished : execution with 0.0 m seconds
testEquals test is starting...
1.62735968387E12
testEquals test is finished : execution with 1.0 m seconds
testGetRowCount test is starting...
1.62735968387E12
testGetRowCount test is finished : execution with 0.0 m seconds
testGetRowKey test is starting...
1.62735968387E12
testGetRowKey test is finished : execution with 0.0 m seconds
testGetRowIndex test is starting...
1.62735968387E12
testGetRowIndex test is finished : execution with 0.0 m seconds
testGetSeries test is starting...
1.62735968387E12
testGetSeries test is finished : execution with 0.0 m seconds
testGetColumnCount test is starting...
1.627359683871E12
testGetColumnCount test is finished : execution with 0.0 m seconds
testGetColumnIndex test is starting...
1.627359683871E12
testGetColumnIndex test is finished : execution with 0.0 m seconds
testRemove test is starting...
1.627359683871E12
testRemove test is finished : execution with 0.0 m seconds
Tests run: 32, Failures: 0, Errors: 0, Skipped: 0, Time elapsed: 0.004 sec - in org.jfree.data.gantt.junit.DataGanttPackageTests
Running org.jfree.data.category.junit.DataCategoryPackageTests
testGetIndex test is starting...
1.627359683872E12
testGetIndex test is finished : execution with 0.0 m seconds
testGetValue test is starting...
1.627359683873E12
testGetValue test is finished : execution with 0.0 m seconds
testSerialization test is starting...
1.627359683874E12
testSerialization test is finished : execution with 1.0 m seconds
testEquals test is starting...
1.627359683874E12
testEquals test is finished : execution with 0.0 m seconds
testGetKey test is starting...
1.627359683874E12
testGetKey test is finished : execution with 0.0 m seconds
testConstructor test is starting...
1.627359683874E12
testConstructor test is finished : execution with 0.0 m seconds
testGetValue test is starting...
1.627359683875E12
testGetValue test is finished : execution with 0.0 m seconds
testSerialization test is starting...
1.627359683875E12
testSerialization test is finished : execution with 0.0 m seconds
testRemoveValue test is starting...
1.627359683875E12
testRemoveValue test is finished : execution with 0.0 m seconds
testAddValue test is starting...
1.627359683876E12
testAddValue test is finished : execution with 0.0 m seconds
testCloning test is starting...
1.627359683876E12
testCloning test is finished : execution with 0.0 m seconds
testIncrementValue test is starting...
1.627359683876E12
testIncrementValue test is finished : execution with 0.0 m seconds
testEquals test is starting...
1.627359683876E12
testEquals test is finished : execution with 0.0 m seconds
testGetRowCount test is starting...
1.627359683877E12
testGetRowCount test is finished : execution with 0.0 m seconds
testGetColumnCount test is starting...
1.627359683877E12
testGetColumnCount test is finished : execution with 0.0 m seconds
testGetValue2 test is starting...
1.627359683877E12
testGetValue2 test is finished : execution with 0.0 m seconds
testBug1835955 test is starting...
1.627359683877E12
testBug1835955 test is finished : execution with 0.0 m seconds
testGetCategoryCount test is starting...
1.627359683878E12
testGetCategoryCount test is finished : execution with 1.0 m seconds
testGetCategoryIndex test is starting...
1.627359683878E12
testGetCategoryIndex test is finished : execution with 0.0 m seconds
testGetValue test is starting...
1.627359683878E12
testGetValue test is finished : execution with 0.0 m seconds
testSetCategoryKeys test is starting...
1.627359683878E12
testSetCategoryKeys test is finished : execution with 0.0 m seconds
testSerialization test is starting...
1.62735968388E12
testSerialization test is finished : execution with 1.0 m seconds
testSetEndValue test is starting...
1.62735968388E12
testSetEndValue test is finished : execution with 0.0 m seconds
testGetColumnKeys test is starting...
1.62735968388E12
testGetColumnKeys test is finished : execution with 0.0 m seconds
testGetSeriesCount test is starting...
1.62735968388E12
testGetSeriesCount test is finished : execution with 0.0 m seconds
testGetSeriesIndex test is starting...
1.627359683881E12
testGetSeriesIndex test is finished : execution with 0.0 m seconds
testCloning test is starting...
1.627359683881E12
testCloning test is finished : execution with 0.0 m seconds
testSetStartValue test is starting...
1.627359683881E12
testSetStartValue test is finished : execution with 0.0 m seconds
testEquals test is starting...
1.627359683881E12
testEquals test is finished : execution with 0.0 m seconds
testGetRowCount test is starting...
1.627359683882E12
testGetRowCount test is finished : execution with 0.0 m seconds
testGetRowIndex test is starting...
1.627359683882E12
testGetRowIndex test is finished : execution with 0.0 m seconds
testGetColumnCount test is starting...
1.627359683882E12
testGetColumnCount test is finished : execution with 0.0 m seconds
testGetColumnIndex test is starting...
1.627359683882E12
testGetColumnIndex test is finished : execution with 0.0 m seconds
testGetRowKeys test is starting...
1.627359683883E12
testGetRowKeys test is finished : execution with 0.0 m seconds
testCloning2 test is starting...
1.627359683883E12
testCloning2 test is finished : execution with 0.0 m seconds
testSetSeriesKeys test is starting...
1.627359683883E12
testSetSeriesKeys test is finished : execution with 0.0 m seconds
testGetRowAndColumnCount test is starting...
1.627359683883E12
testGetRowAndColumnCount test is finished : execution with 0.0 m seconds
Tests run: 37, Failures: 0, Errors: 0, Skipped: 0, Time elapsed: 0.003 sec - in org.jfree.data.category.junit.DataCategoryPackageTests
Tests finished! Number of test case: 1798
Elapsed time of tests execution: 5049 seconds

Results :

Tests in error: 
  BorderArrangementTests.testSizingWithWidthConstraint:560  IllegalArgument Ran...

Tests run: 1798, Failures: 0, Errors: 1, Skipped: 0

[INFO] ------------------------------------------------------------------------
[INFO] BUILD FAILURE
[INFO] ------------------------------------------------------------------------
[INFO] Total time:  7.096 s
[INFO] Finished at: 2021-07-26T21:21:23-07:00
[INFO] ------------------------------------------------------------------------
[ERROR] Failed to execute goal org.apache.maven.plugins:maven-surefire-plugin:2.18.1:test (default-test) on project jfreechart2: There are test failures.
[ERROR] 
[ERROR] Please refer to /home/junyang/PR/SubjectPrograms/Chart/13/target/surefire-reports for the individual test results.
[ERROR] -> [Help 1]
[ERROR] 
[ERROR] To see the full stack trace of the errors, re-run Maven with the -e switch.
[ERROR] Re-run Maven using the -X switch to enable full debug logging.
[ERROR] 
[ERROR] For more information about the errors and possible solutions, please read the following articles:
[ERROR] [Help 1] http://cwiki.apache.org/confluence/display/MAVEN/MojoFailureException
